ARM GAS  /var/folders/lt/l_qrc8c54t93n_phsj7cf5tc0000gn/T//ccK8ymdt.s 			page 1


   1              		.cpu cortex-m4
   2              		.eabi_attribute 27, 1
   3              		.eabi_attribute 28, 1
   4              		.eabi_attribute 20, 1
   5              		.eabi_attribute 21, 1
   6              		.eabi_attribute 23, 3
   7              		.eabi_attribute 24, 1
   8              		.eabi_attribute 25, 1
   9              		.eabi_attribute 26, 1
  10              		.eabi_attribute 30, 1
  11              		.eabi_attribute 34, 1
  12              		.eabi_attribute 18, 4
  13              		.file	"p2p_stm.c"
  14              		.text
  15              	.Ltext0:
  16              		.cfi_sections	.debug_frame
  17              		.section	.rodata.PeerToPeer_Event_Handler.str1.4,"aMS",%progbits,1
  18              		.align	2
  19              	.LC0:
  20 0000 4D696464 		.ascii	"Middlewares/ST/STM32_WPAN/ble/svc/Src/p2p_stm.c\000"
  20      6C657761 
  20      7265732F 
  20      53542F53 
  20      544D3332 
  21              		.align	2
  22              	.LC1:
  23 0030 0D0A205B 		.ascii	"\015\012 [%s][%s][%d] \000"
  23      25735D5B 
  23      25735D5B 
  23      25645D20 
  23      00
  24 0041 000000   		.align	2
  25              	.LC2:
  26 0044 61747420 		.ascii	"att mod %x\000"
  26      6D6F6420 
  26      257800
  27 004f 00       		.align	2
  28              	.LC3:
  29 0050 4265666F 		.ascii	"Before  %x\000"
  29      72652020 
  29      257800
  30 005b 00       		.align	2
  31              	.LC4:
  32 005c 41667465 		.ascii	"After +1 %x\000"
  32      72202B31 
  32      20257800 
  33              		.align	2
  34              	.LC5:
  35 0068 4E6F7469 		.ascii	"Notify %x\000"
  35      66792025 
  35      7800
  36 0072 0000     		.align	2
  37              	.LC6:
  38 0074 4E6F7469 		.ascii	"Notify +1 %x\000"
  38      6679202B 
  38      31202578 
  38      00
ARM GAS  /var/folders/lt/l_qrc8c54t93n_phsj7cf5tc0000gn/T//ccK8ymdt.s 			page 2


  39 0081 000000   		.align	2
  40              	.LC7:
  41 0084 4E6F7469 		.ascii	"Notify +2 %x\000"
  41      6679202B 
  41      32202578 
  41      00
  42 0091 000000   		.align	2
  43              	.LC8:
  44 0094 44617461 		.ascii	"Data +2 %x\000"
  44      202B3220 
  44      257800
  45 009f 00       		.align	2
  46              	.LC9:
  47 00a0 47415454 		.ascii	"GATT: Notifcations Turned On\000"
  47      3A204E6F 
  47      74696663 
  47      6174696F 
  47      6E732054 
  48 00bd 000000   		.align	2
  49              	.LC10:
  50 00c0 2D2D2047 		.ascii	"-- GATT : COMMAND RECIEVED\000"
  50      41545420 
  50      3A20434F 
  50      4D4D414E 
  50      44205245 
  51 00db 00       		.align	2
  52              	.LC11:
  53 00dc 47415454 		.ascii	"GATT: Data notifcations Turned On\000"
  53      3A204461 
  53      7461206E 
  53      6F746966 
  53      63617469 
  54              		.section	.text.PeerToPeer_Event_Handler,"ax",%progbits
  55              		.align	1
  56              		.arch armv7e-m
  57              		.syntax unified
  58              		.thumb
  59              		.thumb_func
  60              		.fpu fpv4-sp-d16
  62              	PeerToPeer_Event_Handler:
  63              	.LVL0:
  64              	.LFB1261:
  65              		.file 1 "Middlewares/ST/STM32_WPAN/ble/svc/Src/p2p_stm.c"
   1:Middlewares/ST/STM32_WPAN/ble/svc/Src/p2p_stm.c **** /**
   2:Middlewares/ST/STM32_WPAN/ble/svc/Src/p2p_stm.c ****   ******************************************************************************
   3:Middlewares/ST/STM32_WPAN/ble/svc/Src/p2p_stm.c ****   * @file    p2p_stm.c
   4:Middlewares/ST/STM32_WPAN/ble/svc/Src/p2p_stm.c ****   * @author  MCD Application Team
   5:Middlewares/ST/STM32_WPAN/ble/svc/Src/p2p_stm.c ****   * @brief   Peer to Peer Service (Custom STM)
   6:Middlewares/ST/STM32_WPAN/ble/svc/Src/p2p_stm.c ****   ******************************************************************************
   7:Middlewares/ST/STM32_WPAN/ble/svc/Src/p2p_stm.c ****   * @attention
   8:Middlewares/ST/STM32_WPAN/ble/svc/Src/p2p_stm.c ****   *
   9:Middlewares/ST/STM32_WPAN/ble/svc/Src/p2p_stm.c ****   * Copyright (c) 2018-2021 STMicroelectronics.
  10:Middlewares/ST/STM32_WPAN/ble/svc/Src/p2p_stm.c ****   * All rights reserved.
  11:Middlewares/ST/STM32_WPAN/ble/svc/Src/p2p_stm.c ****   *
  12:Middlewares/ST/STM32_WPAN/ble/svc/Src/p2p_stm.c ****   * This software is licensed under terms that can be found in the LICENSE file
  13:Middlewares/ST/STM32_WPAN/ble/svc/Src/p2p_stm.c ****   * in the root directory of this software component.
  14:Middlewares/ST/STM32_WPAN/ble/svc/Src/p2p_stm.c ****   * If no LICENSE file comes with this software, it is provided AS-IS.
ARM GAS  /var/folders/lt/l_qrc8c54t93n_phsj7cf5tc0000gn/T//ccK8ymdt.s 			page 3


  15:Middlewares/ST/STM32_WPAN/ble/svc/Src/p2p_stm.c ****   *
  16:Middlewares/ST/STM32_WPAN/ble/svc/Src/p2p_stm.c ****   ******************************************************************************
  17:Middlewares/ST/STM32_WPAN/ble/svc/Src/p2p_stm.c ****   */
  18:Middlewares/ST/STM32_WPAN/ble/svc/Src/p2p_stm.c **** 
  19:Middlewares/ST/STM32_WPAN/ble/svc/Src/p2p_stm.c **** 
  20:Middlewares/ST/STM32_WPAN/ble/svc/Src/p2p_stm.c **** /* Includes ------------------------------------------------------------------*/
  21:Middlewares/ST/STM32_WPAN/ble/svc/Src/p2p_stm.c **** #include "common_blesvc.h"
  22:Middlewares/ST/STM32_WPAN/ble/svc/Src/p2p_stm.c **** 
  23:Middlewares/ST/STM32_WPAN/ble/svc/Src/p2p_stm.c **** 
  24:Middlewares/ST/STM32_WPAN/ble/svc/Src/p2p_stm.c **** /* Private typedef -----------------------------------------------------------*/
  25:Middlewares/ST/STM32_WPAN/ble/svc/Src/p2p_stm.c **** typedef struct{
  26:Middlewares/ST/STM32_WPAN/ble/svc/Src/p2p_stm.c ****   uint16_t	PeerToPeerSvcHdle;				        /**< Service handle */
  27:Middlewares/ST/STM32_WPAN/ble/svc/Src/p2p_stm.c ****   uint16_t	P2PWriteClientToServerCharHdle;	  /**< Characteristic handle */
  28:Middlewares/ST/STM32_WPAN/ble/svc/Src/p2p_stm.c ****   uint16_t	P2PNotifyServerToClientCharHdle;	/**< Characteristic handle */
  29:Middlewares/ST/STM32_WPAN/ble/svc/Src/p2p_stm.c ****   uint16_t  P2PSendDataCharHdle;
  30:Middlewares/ST/STM32_WPAN/ble/svc/Src/p2p_stm.c **** #if(BLE_CFG_OTA_REBOOT_CHAR != 0)
  31:Middlewares/ST/STM32_WPAN/ble/svc/Src/p2p_stm.c ****   uint16_t  RebootReqCharHdle;                /**< Characteristic handle */
  32:Middlewares/ST/STM32_WPAN/ble/svc/Src/p2p_stm.c **** #endif
  33:Middlewares/ST/STM32_WPAN/ble/svc/Src/p2p_stm.c **** }PeerToPeerContext_t;
  34:Middlewares/ST/STM32_WPAN/ble/svc/Src/p2p_stm.c **** 
  35:Middlewares/ST/STM32_WPAN/ble/svc/Src/p2p_stm.c **** /* Private defines -----------------------------------------------------------*/
  36:Middlewares/ST/STM32_WPAN/ble/svc/Src/p2p_stm.c **** #define UUID_128_SUPPORTED  1
  37:Middlewares/ST/STM32_WPAN/ble/svc/Src/p2p_stm.c **** 
  38:Middlewares/ST/STM32_WPAN/ble/svc/Src/p2p_stm.c **** #if (UUID_128_SUPPORTED == 1)
  39:Middlewares/ST/STM32_WPAN/ble/svc/Src/p2p_stm.c **** #define BM_UUID_LENGTH  UUID_TYPE_128
  40:Middlewares/ST/STM32_WPAN/ble/svc/Src/p2p_stm.c **** #else
  41:Middlewares/ST/STM32_WPAN/ble/svc/Src/p2p_stm.c **** #define BM_UUID_LENGTH  UUID_TYPE_16
  42:Middlewares/ST/STM32_WPAN/ble/svc/Src/p2p_stm.c **** #endif
  43:Middlewares/ST/STM32_WPAN/ble/svc/Src/p2p_stm.c **** 
  44:Middlewares/ST/STM32_WPAN/ble/svc/Src/p2p_stm.c **** #define BM_REQ_CHAR_SIZE    (4)
  45:Middlewares/ST/STM32_WPAN/ble/svc/Src/p2p_stm.c **** 
  46:Middlewares/ST/STM32_WPAN/ble/svc/Src/p2p_stm.c **** #define DATA_TRANSFER_NOTIFICATION_LEN_MAX                                 (255)
  47:Middlewares/ST/STM32_WPAN/ble/svc/Src/p2p_stm.c **** 
  48:Middlewares/ST/STM32_WPAN/ble/svc/Src/p2p_stm.c **** /* Private macros ------------------------------------------------------------*/
  49:Middlewares/ST/STM32_WPAN/ble/svc/Src/p2p_stm.c **** 
  50:Middlewares/ST/STM32_WPAN/ble/svc/Src/p2p_stm.c **** /* Private variables ---------------------------------------------------------*/
  51:Middlewares/ST/STM32_WPAN/ble/svc/Src/p2p_stm.c **** /**
  52:Middlewares/ST/STM32_WPAN/ble/svc/Src/p2p_stm.c ****  * Reboot Characteristic UUID
  53:Middlewares/ST/STM32_WPAN/ble/svc/Src/p2p_stm.c ****  * 0000fe11-8e22-4541-9d4c-21edae82ed19
  54:Middlewares/ST/STM32_WPAN/ble/svc/Src/p2p_stm.c ****  */
  55:Middlewares/ST/STM32_WPAN/ble/svc/Src/p2p_stm.c **** #if(BLE_CFG_OTA_REBOOT_CHAR != 0)
  56:Middlewares/ST/STM32_WPAN/ble/svc/Src/p2p_stm.c **** #if (UUID_128_SUPPORTED == 1)
  57:Middlewares/ST/STM32_WPAN/ble/svc/Src/p2p_stm.c **** static const uint8_t BM_REQ_CHAR_UUID[16] = {0x19, 0xed, 0x82, 0xae,
  58:Middlewares/ST/STM32_WPAN/ble/svc/Src/p2p_stm.c ****                                        0xed, 0x21, 0x4c, 0x9d,
  59:Middlewares/ST/STM32_WPAN/ble/svc/Src/p2p_stm.c ****                                        0x41, 0x45, 0x22, 0x8e,
  60:Middlewares/ST/STM32_WPAN/ble/svc/Src/p2p_stm.c ****                                        0x11, 0xFE, 0x00, 0x00};
  61:Middlewares/ST/STM32_WPAN/ble/svc/Src/p2p_stm.c **** #else
  62:Middlewares/ST/STM32_WPAN/ble/svc/Src/p2p_stm.c **** static const uint8_t BM_REQ_CHAR_UUID[2] = {0x11, 0xFE};
  63:Middlewares/ST/STM32_WPAN/ble/svc/Src/p2p_stm.c **** #endif
  64:Middlewares/ST/STM32_WPAN/ble/svc/Src/p2p_stm.c **** #endif
  65:Middlewares/ST/STM32_WPAN/ble/svc/Src/p2p_stm.c **** 
  66:Middlewares/ST/STM32_WPAN/ble/svc/Src/p2p_stm.c **** /**
  67:Middlewares/ST/STM32_WPAN/ble/svc/Src/p2p_stm.c ****  * START of Section BLE_DRIVER_CONTEXT
  68:Middlewares/ST/STM32_WPAN/ble/svc/Src/p2p_stm.c ****  */
  69:Middlewares/ST/STM32_WPAN/ble/svc/Src/p2p_stm.c **** PLACE_IN_SECTION("BLE_DRIVER_CONTEXT") static PeerToPeerContext_t aPeerToPeerContext;
  70:Middlewares/ST/STM32_WPAN/ble/svc/Src/p2p_stm.c **** 
  71:Middlewares/ST/STM32_WPAN/ble/svc/Src/p2p_stm.c **** /**
ARM GAS  /var/folders/lt/l_qrc8c54t93n_phsj7cf5tc0000gn/T//ccK8ymdt.s 			page 4


  72:Middlewares/ST/STM32_WPAN/ble/svc/Src/p2p_stm.c ****  * END of Section BLE_DRIVER_CONTEXT
  73:Middlewares/ST/STM32_WPAN/ble/svc/Src/p2p_stm.c ****  */
  74:Middlewares/ST/STM32_WPAN/ble/svc/Src/p2p_stm.c **** /* Private function prototypes -----------------------------------------------*/
  75:Middlewares/ST/STM32_WPAN/ble/svc/Src/p2p_stm.c **** static SVCCTL_EvtAckStatus_t PeerToPeer_Event_Handler(void *Event);
  76:Middlewares/ST/STM32_WPAN/ble/svc/Src/p2p_stm.c **** 
  77:Middlewares/ST/STM32_WPAN/ble/svc/Src/p2p_stm.c **** 
  78:Middlewares/ST/STM32_WPAN/ble/svc/Src/p2p_stm.c **** /* Functions Definition ------------------------------------------------------*/
  79:Middlewares/ST/STM32_WPAN/ble/svc/Src/p2p_stm.c **** /* Private functions ----------------------------------------------------------*/
  80:Middlewares/ST/STM32_WPAN/ble/svc/Src/p2p_stm.c **** 
  81:Middlewares/ST/STM32_WPAN/ble/svc/Src/p2p_stm.c **** #define COPY_UUID_128(uuid_struct, uuid_15, uuid_14, uuid_13, uuid_12, uuid_11, uuid_10, uuid_9, uu
  82:Middlewares/ST/STM32_WPAN/ble/svc/Src/p2p_stm.c **** do {\
  83:Middlewares/ST/STM32_WPAN/ble/svc/Src/p2p_stm.c ****     uuid_struct[0] = uuid_0; uuid_struct[1] = uuid_1; uuid_struct[2] = uuid_2; uuid_struct[3] = uui
  84:Middlewares/ST/STM32_WPAN/ble/svc/Src/p2p_stm.c ****         uuid_struct[4] = uuid_4; uuid_struct[5] = uuid_5; uuid_struct[6] = uuid_6; uuid_struct[7] =
  85:Middlewares/ST/STM32_WPAN/ble/svc/Src/p2p_stm.c ****             uuid_struct[8] = uuid_8; uuid_struct[9] = uuid_9; uuid_struct[10] = uuid_10; uuid_struc
  86:Middlewares/ST/STM32_WPAN/ble/svc/Src/p2p_stm.c ****                 uuid_struct[12] = uuid_12; uuid_struct[13] = uuid_13; uuid_struct[14] = uuid_14; uu
  87:Middlewares/ST/STM32_WPAN/ble/svc/Src/p2p_stm.c **** }while(0)
  88:Middlewares/ST/STM32_WPAN/ble/svc/Src/p2p_stm.c **** 
  89:Middlewares/ST/STM32_WPAN/ble/svc/Src/p2p_stm.c **** /* Hardware Characteristics Service */
  90:Middlewares/ST/STM32_WPAN/ble/svc/Src/p2p_stm.c **** /*
  91:Middlewares/ST/STM32_WPAN/ble/svc/Src/p2p_stm.c ****  The following 128bits UUIDs have been generated from the random UUID
  92:Middlewares/ST/STM32_WPAN/ble/svc/Src/p2p_stm.c ****  generator:
  93:Middlewares/ST/STM32_WPAN/ble/svc/Src/p2p_stm.c ****  D973F2E0-B19E-11E2-9E96-0800200C9A66: Service 128bits UUID
  94:Middlewares/ST/STM32_WPAN/ble/svc/Src/p2p_stm.c ****  D973F2E1-B19E-11E2-9E96-0800200C9A66: Characteristic_1 128bits UUID
  95:Middlewares/ST/STM32_WPAN/ble/svc/Src/p2p_stm.c ****  D973F2E2-B19E-11E2-9E96-0800200C9A66: Characteristic_2 128bits UUID
  96:Middlewares/ST/STM32_WPAN/ble/svc/Src/p2p_stm.c ****  */
  97:Middlewares/ST/STM32_WPAN/ble/svc/Src/p2p_stm.c **** #define COPY_P2P_SERVICE_UUID(uuid_struct)       COPY_UUID_128(uuid_struct,0x00,0x00,0xfe,0x40,0xcc
  98:Middlewares/ST/STM32_WPAN/ble/svc/Src/p2p_stm.c **** #define COPY_P2P_WRITE_CHAR_UUID(uuid_struct)    COPY_UUID_128(uuid_struct,0x00,0x00,0xfe,0x41,0x8e
  99:Middlewares/ST/STM32_WPAN/ble/svc/Src/p2p_stm.c **** #define COPY_P2P_NOTIFY_UUID(uuid_struct)        COPY_UUID_128(uuid_struct,0x00,0x00,0xfe,0x42,0x8e
 100:Middlewares/ST/STM32_WPAN/ble/svc/Src/p2p_stm.c **** #define COPY_P2P_DATA_UUID(uuid_struct)          COPY_UUID_128(uuid_struct,0x00,0x00,0xfe,0x43,0x8e
 101:Middlewares/ST/STM32_WPAN/ble/svc/Src/p2p_stm.c **** 
 102:Middlewares/ST/STM32_WPAN/ble/svc/Src/p2p_stm.c **** /**
 103:Middlewares/ST/STM32_WPAN/ble/svc/Src/p2p_stm.c ****  * Attribute modified +1 is based of service UUID
 104:Middlewares/ST/STM32_WPAN/ble/svc/Src/p2p_stm.c ****  * ex: Write is att_modified +1
 105:Middlewares/ST/STM32_WPAN/ble/svc/Src/p2p_stm.c ****  * ex: Notify is att_modified +2
 106:Middlewares/ST/STM32_WPAN/ble/svc/Src/p2p_stm.c ****  * ex: Data is att_modified+2
 107:Middlewares/ST/STM32_WPAN/ble/svc/Src/p2p_stm.c ****  */
 108:Middlewares/ST/STM32_WPAN/ble/svc/Src/p2p_stm.c **** 
 109:Middlewares/ST/STM32_WPAN/ble/svc/Src/p2p_stm.c **** /**
 110:Middlewares/ST/STM32_WPAN/ble/svc/Src/p2p_stm.c ****  * @brief  Event handler
 111:Middlewares/ST/STM32_WPAN/ble/svc/Src/p2p_stm.c ****  * @param  Event: Address of the buffer holding the Event
 112:Middlewares/ST/STM32_WPAN/ble/svc/Src/p2p_stm.c ****  * @retval Ack: Return whether the Event has been managed or not
 113:Middlewares/ST/STM32_WPAN/ble/svc/Src/p2p_stm.c ****  */
 114:Middlewares/ST/STM32_WPAN/ble/svc/Src/p2p_stm.c **** static SVCCTL_EvtAckStatus_t PeerToPeer_Event_Handler(void *Event)
 115:Middlewares/ST/STM32_WPAN/ble/svc/Src/p2p_stm.c **** {
  66              		.loc 1 115 1 view -0
  67              		.cfi_startproc
  68              		@ args = 0, pretend = 0, frame = 16
  69              		@ frame_needed = 0, uses_anonymous_args = 0
 116:Middlewares/ST/STM32_WPAN/ble/svc/Src/p2p_stm.c ****   SVCCTL_EvtAckStatus_t return_value;
  70              		.loc 1 116 3 view .LVU1
 117:Middlewares/ST/STM32_WPAN/ble/svc/Src/p2p_stm.c ****   hci_event_pckt *event_pckt;
  71              		.loc 1 117 3 view .LVU2
 118:Middlewares/ST/STM32_WPAN/ble/svc/Src/p2p_stm.c ****   evt_blecore_aci *blecore_evt;
  72              		.loc 1 118 3 view .LVU3
 119:Middlewares/ST/STM32_WPAN/ble/svc/Src/p2p_stm.c ****   aci_gatt_attribute_modified_event_rp0    * attribute_modified;
  73              		.loc 1 119 3 view .LVU4
 120:Middlewares/ST/STM32_WPAN/ble/svc/Src/p2p_stm.c ****   P2PS_STM_App_Notification_evt_t Notification;
ARM GAS  /var/folders/lt/l_qrc8c54t93n_phsj7cf5tc0000gn/T//ccK8ymdt.s 			page 5


  74              		.loc 1 120 3 view .LVU5
 121:Middlewares/ST/STM32_WPAN/ble/svc/Src/p2p_stm.c **** 
 122:Middlewares/ST/STM32_WPAN/ble/svc/Src/p2p_stm.c ****   return_value = SVCCTL_EvtNotAck;
  75              		.loc 1 122 3 view .LVU6
 123:Middlewares/ST/STM32_WPAN/ble/svc/Src/p2p_stm.c ****   event_pckt = (hci_event_pckt *)(((hci_uart_pckt*)Event)->data);
  76              		.loc 1 123 3 view .LVU7
 124:Middlewares/ST/STM32_WPAN/ble/svc/Src/p2p_stm.c **** 
 125:Middlewares/ST/STM32_WPAN/ble/svc/Src/p2p_stm.c ****   switch(event_pckt->evt)
  77              		.loc 1 125 3 view .LVU8
  78              		.loc 1 125 20 is_stmt 0 view .LVU9
  79 0000 4378     		ldrb	r3, [r0, #1]	@ zero_extendqisi2
  80              		.loc 1 125 3 view .LVU10
  81 0002 FF2B     		cmp	r3, #255
  82 0004 01D0     		beq	.L14
 122:Middlewares/ST/STM32_WPAN/ble/svc/Src/p2p_stm.c ****   event_pckt = (hci_event_pckt *)(((hci_uart_pckt*)Event)->data);
  83              		.loc 1 122 16 view .LVU11
  84 0006 0020     		movs	r0, #0
  85              	.LVL1:
 126:Middlewares/ST/STM32_WPAN/ble/svc/Src/p2p_stm.c ****   {
 127:Middlewares/ST/STM32_WPAN/ble/svc/Src/p2p_stm.c ****     case HCI_VENDOR_SPECIFIC_DEBUG_EVT_CODE:
 128:Middlewares/ST/STM32_WPAN/ble/svc/Src/p2p_stm.c ****     {
 129:Middlewares/ST/STM32_WPAN/ble/svc/Src/p2p_stm.c ****       blecore_evt = (evt_blecore_aci*)event_pckt->data;
 130:Middlewares/ST/STM32_WPAN/ble/svc/Src/p2p_stm.c ****       switch(blecore_evt->ecode)
 131:Middlewares/ST/STM32_WPAN/ble/svc/Src/p2p_stm.c ****       {
 132:Middlewares/ST/STM32_WPAN/ble/svc/Src/p2p_stm.c ****         case ACI_GATT_ATTRIBUTE_MODIFIED_VSEVT_CODE:
 133:Middlewares/ST/STM32_WPAN/ble/svc/Src/p2p_stm.c ****        {
 134:Middlewares/ST/STM32_WPAN/ble/svc/Src/p2p_stm.c ****           // APP_DBG_MSG("\r\n-------------------------------------------\r\n");
 135:Middlewares/ST/STM32_WPAN/ble/svc/Src/p2p_stm.c ****           attribute_modified = (aci_gatt_attribute_modified_event_rp0*)blecore_evt->data;
 136:Middlewares/ST/STM32_WPAN/ble/svc/Src/p2p_stm.c ****           APP_DBG_MSG("att mod %x", attribute_modified->Attr_Handle);
 137:Middlewares/ST/STM32_WPAN/ble/svc/Src/p2p_stm.c ****           APP_DBG_MSG("Before  %x",(aPeerToPeerContext.P2PWriteClientToServerCharHdle ) );
 138:Middlewares/ST/STM32_WPAN/ble/svc/Src/p2p_stm.c ****           APP_DBG_MSG("After +1 %x",(aPeerToPeerContext.P2PWriteClientToServerCharHdle + 1) );
 139:Middlewares/ST/STM32_WPAN/ble/svc/Src/p2p_stm.c ****           APP_DBG_MSG("Notify %x",(aPeerToPeerContext.P2PNotifyServerToClientCharHdle ) );
 140:Middlewares/ST/STM32_WPAN/ble/svc/Src/p2p_stm.c ****           APP_DBG_MSG("Notify +1 %x",(aPeerToPeerContext.P2PNotifyServerToClientCharHdle + 1) );
 141:Middlewares/ST/STM32_WPAN/ble/svc/Src/p2p_stm.c ****           APP_DBG_MSG("Notify +2 %x",(aPeerToPeerContext.P2PNotifyServerToClientCharHdle + 2) );
 142:Middlewares/ST/STM32_WPAN/ble/svc/Src/p2p_stm.c ****           APP_DBG_MSG("Data +2 %x",(aPeerToPeerContext.P2PSendDataCharHdle + 2) );
 143:Middlewares/ST/STM32_WPAN/ble/svc/Src/p2p_stm.c ****           
 144:Middlewares/ST/STM32_WPAN/ble/svc/Src/p2p_stm.c ****           // attribute_modified = (aci_gatt_attribute_modified_event_rp0*)blecore_evt->data;
 145:Middlewares/ST/STM32_WPAN/ble/svc/Src/p2p_stm.c ****           if(attribute_modified->Attr_Handle == (aPeerToPeerContext.P2PNotifyServerToClientCharHdle
 146:Middlewares/ST/STM32_WPAN/ble/svc/Src/p2p_stm.c ****             {
 147:Middlewares/ST/STM32_WPAN/ble/svc/Src/p2p_stm.c ****               APP_DBG_MSG("GATT: Notifcations Turned On");
 148:Middlewares/ST/STM32_WPAN/ble/svc/Src/p2p_stm.c ****               /**
 149:Middlewares/ST/STM32_WPAN/ble/svc/Src/p2p_stm.c ****                * Descriptor handle
 150:Middlewares/ST/STM32_WPAN/ble/svc/Src/p2p_stm.c ****                */
 151:Middlewares/ST/STM32_WPAN/ble/svc/Src/p2p_stm.c ****               return_value = SVCCTL_EvtAckFlowEnable;
 152:Middlewares/ST/STM32_WPAN/ble/svc/Src/p2p_stm.c ****               /**
 153:Middlewares/ST/STM32_WPAN/ble/svc/Src/p2p_stm.c ****                * Notify to application
 154:Middlewares/ST/STM32_WPAN/ble/svc/Src/p2p_stm.c ****                */
 155:Middlewares/ST/STM32_WPAN/ble/svc/Src/p2p_stm.c ****               if(attribute_modified->Attr_Data[0] & COMSVC_Notification)
 156:Middlewares/ST/STM32_WPAN/ble/svc/Src/p2p_stm.c ****               {
 157:Middlewares/ST/STM32_WPAN/ble/svc/Src/p2p_stm.c ****                 Notification.P2P_Evt_Opcode = P2PS_STM__NOTIFY_ENABLED_EVT;
 158:Middlewares/ST/STM32_WPAN/ble/svc/Src/p2p_stm.c ****                 P2PS_STM_App_Notification(&Notification);
 159:Middlewares/ST/STM32_WPAN/ble/svc/Src/p2p_stm.c ****               }
 160:Middlewares/ST/STM32_WPAN/ble/svc/Src/p2p_stm.c ****               else
 161:Middlewares/ST/STM32_WPAN/ble/svc/Src/p2p_stm.c ****               {
 162:Middlewares/ST/STM32_WPAN/ble/svc/Src/p2p_stm.c ****                 Notification.P2P_Evt_Opcode = P2PS_STM_NOTIFY_DISABLED_EVT;
 163:Middlewares/ST/STM32_WPAN/ble/svc/Src/p2p_stm.c ****                 P2PS_STM_App_Notification(&Notification);
 164:Middlewares/ST/STM32_WPAN/ble/svc/Src/p2p_stm.c ****               }
ARM GAS  /var/folders/lt/l_qrc8c54t93n_phsj7cf5tc0000gn/T//ccK8ymdt.s 			page 6


 165:Middlewares/ST/STM32_WPAN/ble/svc/Src/p2p_stm.c ****             }
 166:Middlewares/ST/STM32_WPAN/ble/svc/Src/p2p_stm.c ****            
 167:Middlewares/ST/STM32_WPAN/ble/svc/Src/p2p_stm.c ****             else if(attribute_modified->Attr_Handle == (aPeerToPeerContext.P2PWriteClientToServerCh
 168:Middlewares/ST/STM32_WPAN/ble/svc/Src/p2p_stm.c ****             {
 169:Middlewares/ST/STM32_WPAN/ble/svc/Src/p2p_stm.c ****               BLE_DBG_P2P_STM_MSG("-- GATT : COMMAND RECIEVED\n");
 170:Middlewares/ST/STM32_WPAN/ble/svc/Src/p2p_stm.c ****               Notification.P2P_Evt_Opcode = P2PS_STM_WRITE_EVT;
 171:Middlewares/ST/STM32_WPAN/ble/svc/Src/p2p_stm.c ****               Notification.DataTransfered.Length=attribute_modified->Attr_Data_Length;
 172:Middlewares/ST/STM32_WPAN/ble/svc/Src/p2p_stm.c ****               Notification.DataTransfered.pPayload=attribute_modified->Attr_Data;
 173:Middlewares/ST/STM32_WPAN/ble/svc/Src/p2p_stm.c ****               P2PS_STM_App_Notification(&Notification);  
 174:Middlewares/ST/STM32_WPAN/ble/svc/Src/p2p_stm.c ****             }
 175:Middlewares/ST/STM32_WPAN/ble/svc/Src/p2p_stm.c ****             else if(attribute_modified->Attr_Handle == (aPeerToPeerContext.P2PSendDataCharHdle + 2)
 176:Middlewares/ST/STM32_WPAN/ble/svc/Src/p2p_stm.c ****             {
 177:Middlewares/ST/STM32_WPAN/ble/svc/Src/p2p_stm.c ****               APP_DBG_MSG("GATT: Data notifcations Turned On");
 178:Middlewares/ST/STM32_WPAN/ble/svc/Src/p2p_stm.c ****                /**
 179:Middlewares/ST/STM32_WPAN/ble/svc/Src/p2p_stm.c ****                * Descriptor handle
 180:Middlewares/ST/STM32_WPAN/ble/svc/Src/p2p_stm.c ****                */
 181:Middlewares/ST/STM32_WPAN/ble/svc/Src/p2p_stm.c ****               return_value = SVCCTL_EvtAckFlowEnable;
 182:Middlewares/ST/STM32_WPAN/ble/svc/Src/p2p_stm.c ****               /**
 183:Middlewares/ST/STM32_WPAN/ble/svc/Src/p2p_stm.c ****                * Notify to application
 184:Middlewares/ST/STM32_WPAN/ble/svc/Src/p2p_stm.c ****                */
 185:Middlewares/ST/STM32_WPAN/ble/svc/Src/p2p_stm.c ****               if(attribute_modified->Attr_Data[0] & COMSVC_Notification)
 186:Middlewares/ST/STM32_WPAN/ble/svc/Src/p2p_stm.c ****               {
 187:Middlewares/ST/STM32_WPAN/ble/svc/Src/p2p_stm.c ****                 Notification.P2P_Evt_Opcode = P2PS_STM__NOTIFY_ENABLED_EVT;
 188:Middlewares/ST/STM32_WPAN/ble/svc/Src/p2p_stm.c ****                 P2PS_STM_App_Notification(&Notification);
 189:Middlewares/ST/STM32_WPAN/ble/svc/Src/p2p_stm.c ****               }
 190:Middlewares/ST/STM32_WPAN/ble/svc/Src/p2p_stm.c ****               else
 191:Middlewares/ST/STM32_WPAN/ble/svc/Src/p2p_stm.c ****               {
 192:Middlewares/ST/STM32_WPAN/ble/svc/Src/p2p_stm.c ****                 Notification.P2P_Evt_Opcode = P2PS_STM_NOTIFY_DISABLED_EVT;
 193:Middlewares/ST/STM32_WPAN/ble/svc/Src/p2p_stm.c ****                 P2PS_STM_App_Notification(&Notification);
 194:Middlewares/ST/STM32_WPAN/ble/svc/Src/p2p_stm.c ****               } 
 195:Middlewares/ST/STM32_WPAN/ble/svc/Src/p2p_stm.c ****             }
 196:Middlewares/ST/STM32_WPAN/ble/svc/Src/p2p_stm.c **** #if(BLE_CFG_OTA_REBOOT_CHAR != 0)
 197:Middlewares/ST/STM32_WPAN/ble/svc/Src/p2p_stm.c ****             else if(attribute_modified->Attr_Handle == (aPeerToPeerContext.RebootReqCharHdle + 1))
 198:Middlewares/ST/STM32_WPAN/ble/svc/Src/p2p_stm.c ****             {
 199:Middlewares/ST/STM32_WPAN/ble/svc/Src/p2p_stm.c ****               BLE_DBG_P2P_STM_MSG("-- GATT : REBOOT REQUEST RECEIVED\n");
 200:Middlewares/ST/STM32_WPAN/ble/svc/Src/p2p_stm.c ****               Notification.P2P_Evt_Opcode = P2PS_STM_BOOT_REQUEST_EVT;
 201:Middlewares/ST/STM32_WPAN/ble/svc/Src/p2p_stm.c ****               Notification.DataTransfered.Length=attribute_modified->Attr_Data_Length;
 202:Middlewares/ST/STM32_WPAN/ble/svc/Src/p2p_stm.c ****               Notification.DataTransfered.pPayload=attribute_modified->Attr_Data;
 203:Middlewares/ST/STM32_WPAN/ble/svc/Src/p2p_stm.c ****               P2PS_STM_App_Notification(&Notification);
 204:Middlewares/ST/STM32_WPAN/ble/svc/Src/p2p_stm.c ****             }
 205:Middlewares/ST/STM32_WPAN/ble/svc/Src/p2p_stm.c **** #endif
 206:Middlewares/ST/STM32_WPAN/ble/svc/Src/p2p_stm.c ****         }
 207:Middlewares/ST/STM32_WPAN/ble/svc/Src/p2p_stm.c ****         break;
 208:Middlewares/ST/STM32_WPAN/ble/svc/Src/p2p_stm.c **** 
 209:Middlewares/ST/STM32_WPAN/ble/svc/Src/p2p_stm.c ****         default:
 210:Middlewares/ST/STM32_WPAN/ble/svc/Src/p2p_stm.c ****           break;
 211:Middlewares/ST/STM32_WPAN/ble/svc/Src/p2p_stm.c ****       }
 212:Middlewares/ST/STM32_WPAN/ble/svc/Src/p2p_stm.c ****     }
 213:Middlewares/ST/STM32_WPAN/ble/svc/Src/p2p_stm.c ****     break; /* HCI_HCI_VENDOR_SPECIFIC_DEBUG_EVT_CODE_SPECIFIC */
 214:Middlewares/ST/STM32_WPAN/ble/svc/Src/p2p_stm.c **** 
 215:Middlewares/ST/STM32_WPAN/ble/svc/Src/p2p_stm.c ****     default:
 216:Middlewares/ST/STM32_WPAN/ble/svc/Src/p2p_stm.c ****       break;
 217:Middlewares/ST/STM32_WPAN/ble/svc/Src/p2p_stm.c ****   }
 218:Middlewares/ST/STM32_WPAN/ble/svc/Src/p2p_stm.c **** 
 219:Middlewares/ST/STM32_WPAN/ble/svc/Src/p2p_stm.c ****   return(return_value);
  86              		.loc 1 219 3 is_stmt 1 view .LVU12
 220:Middlewares/ST/STM32_WPAN/ble/svc/Src/p2p_stm.c **** }/* end SVCCTL_EvtAckStatus_t */
ARM GAS  /var/folders/lt/l_qrc8c54t93n_phsj7cf5tc0000gn/T//ccK8ymdt.s 			page 7


  87              		.loc 1 220 1 is_stmt 0 view .LVU13
  88 0008 7047     		bx	lr
  89              	.LVL2:
  90              	.L14:
 115:Middlewares/ST/STM32_WPAN/ble/svc/Src/p2p_stm.c ****   SVCCTL_EvtAckStatus_t return_value;
  91              		.loc 1 115 1 view .LVU14
  92 000a 2DE9F041 		push	{r4, r5, r6, r7, r8, lr}
  93              	.LCFI0:
  94              		.cfi_def_cfa_offset 24
  95              		.cfi_offset 4, -24
  96              		.cfi_offset 5, -20
  97              		.cfi_offset 6, -16
  98              		.cfi_offset 7, -12
  99              		.cfi_offset 8, -8
 100              		.cfi_offset 14, -4
 101 000e 84B0     		sub	sp, sp, #16
 102              	.LCFI1:
 103              		.cfi_def_cfa_offset 40
 104 0010 0446     		mov	r4, r0
 129:Middlewares/ST/STM32_WPAN/ble/svc/Src/p2p_stm.c ****       switch(blecore_evt->ecode)
 105              		.loc 1 129 7 is_stmt 1 view .LVU15
 106              	.LVL3:
 130:Middlewares/ST/STM32_WPAN/ble/svc/Src/p2p_stm.c ****       {
 107              		.loc 1 130 7 view .LVU16
 130:Middlewares/ST/STM32_WPAN/ble/svc/Src/p2p_stm.c ****       {
 108              		.loc 1 130 25 is_stmt 0 view .LVU17
 109 0012 B0F80320 		ldrh	r2, [r0, #3]	@ unaligned
 110 0016 40F60143 		movw	r3, #3073
 111 001a 9A42     		cmp	r2, r3
 112 001c 03D0     		beq	.L15
 113              	.LVL4:
 122:Middlewares/ST/STM32_WPAN/ble/svc/Src/p2p_stm.c ****   event_pckt = (hci_event_pckt *)(((hci_uart_pckt*)Event)->data);
 114              		.loc 1 122 16 view .LVU18
 115 001e 0020     		movs	r0, #0
 116              	.LVL5:
 117              	.L2:
 219:Middlewares/ST/STM32_WPAN/ble/svc/Src/p2p_stm.c **** }/* end SVCCTL_EvtAckStatus_t */
 118              		.loc 1 219 3 is_stmt 1 view .LVU19
 119              		.loc 1 220 1 is_stmt 0 view .LVU20
 120 0020 04B0     		add	sp, sp, #16
 121              	.LCFI2:
 122              		.cfi_remember_state
 123              		.cfi_def_cfa_offset 24
 124              		@ sp needed
 125 0022 BDE8F081 		pop	{r4, r5, r6, r7, r8, pc}
 126              	.LVL6:
 127              	.L15:
 128              	.LCFI3:
 129              		.cfi_restore_state
 135:Middlewares/ST/STM32_WPAN/ble/svc/Src/p2p_stm.c ****           APP_DBG_MSG("att mod %x", attribute_modified->Attr_Handle);
 130              		.loc 1 135 11 is_stmt 1 view .LVU21
 136:Middlewares/ST/STM32_WPAN/ble/svc/Src/p2p_stm.c ****           APP_DBG_MSG("Before  %x",(aPeerToPeerContext.P2PWriteClientToServerCharHdle ) );
 131              		.loc 1 136 11 view .LVU22
 136:Middlewares/ST/STM32_WPAN/ble/svc/Src/p2p_stm.c ****           APP_DBG_MSG("Before  %x",(aPeerToPeerContext.P2PWriteClientToServerCharHdle ) );
 132              		.loc 1 136 11 view .LVU23
 133 0026 DFF8CC81 		ldr	r8, .L19+44
 134 002a 4046     		mov	r0, r8
ARM GAS  /var/folders/lt/l_qrc8c54t93n_phsj7cf5tc0000gn/T//ccK8ymdt.s 			page 8


 135              	.LVL7:
 136:Middlewares/ST/STM32_WPAN/ble/svc/Src/p2p_stm.c ****           APP_DBG_MSG("Before  %x",(aPeerToPeerContext.P2PWriteClientToServerCharHdle ) );
 136              		.loc 1 136 11 is_stmt 0 view .LVU24
 137 002c FFF7FEFF 		bl	DbgTraceGetFileName
 138              	.LVL8:
 139 0030 0146     		mov	r1, r0
 140 0032 654F     		ldr	r7, .L19
 141 0034 654E     		ldr	r6, .L19+4
 142 0036 8823     		movs	r3, #136
 143 0038 3A46     		mov	r2, r7
 144 003a 3046     		mov	r0, r6
 145 003c FFF7FEFF 		bl	printf
 146              	.LVL9:
 136:Middlewares/ST/STM32_WPAN/ble/svc/Src/p2p_stm.c ****           APP_DBG_MSG("Before  %x",(aPeerToPeerContext.P2PWriteClientToServerCharHdle ) );
 147              		.loc 1 136 11 is_stmt 1 view .LVU25
 148 0040 B4F80710 		ldrh	r1, [r4, #7]	@ unaligned
 149 0044 6248     		ldr	r0, .L19+8
 150 0046 FFF7FEFF 		bl	printf
 151              	.LVL10:
 136:Middlewares/ST/STM32_WPAN/ble/svc/Src/p2p_stm.c ****           APP_DBG_MSG("Before  %x",(aPeerToPeerContext.P2PWriteClientToServerCharHdle ) );
 152              		.loc 1 136 11 view .LVU26
 136:Middlewares/ST/STM32_WPAN/ble/svc/Src/p2p_stm.c ****           APP_DBG_MSG("Before  %x",(aPeerToPeerContext.P2PWriteClientToServerCharHdle ) );
 153              		.loc 1 136 69 view .LVU27
 137:Middlewares/ST/STM32_WPAN/ble/svc/Src/p2p_stm.c ****           APP_DBG_MSG("After +1 %x",(aPeerToPeerContext.P2PWriteClientToServerCharHdle + 1) );
 154              		.loc 1 137 11 view .LVU28
 137:Middlewares/ST/STM32_WPAN/ble/svc/Src/p2p_stm.c ****           APP_DBG_MSG("After +1 %x",(aPeerToPeerContext.P2PWriteClientToServerCharHdle + 1) );
 155              		.loc 1 137 11 view .LVU29
 156 004a 4046     		mov	r0, r8
 157 004c FFF7FEFF 		bl	DbgTraceGetFileName
 158              	.LVL11:
 159 0050 0146     		mov	r1, r0
 160 0052 8923     		movs	r3, #137
 161 0054 3A46     		mov	r2, r7
 162 0056 3046     		mov	r0, r6
 163 0058 FFF7FEFF 		bl	printf
 164              	.LVL12:
 137:Middlewares/ST/STM32_WPAN/ble/svc/Src/p2p_stm.c ****           APP_DBG_MSG("After +1 %x",(aPeerToPeerContext.P2PWriteClientToServerCharHdle + 1) );
 165              		.loc 1 137 11 view .LVU30
 166 005c 5D4D     		ldr	r5, .L19+12
 167 005e 6988     		ldrh	r1, [r5, #2]
 168 0060 5D48     		ldr	r0, .L19+16
 169 0062 FFF7FEFF 		bl	printf
 170              	.LVL13:
 137:Middlewares/ST/STM32_WPAN/ble/svc/Src/p2p_stm.c ****           APP_DBG_MSG("After +1 %x",(aPeerToPeerContext.P2PWriteClientToServerCharHdle + 1) );
 171              		.loc 1 137 11 view .LVU31
 137:Middlewares/ST/STM32_WPAN/ble/svc/Src/p2p_stm.c ****           APP_DBG_MSG("After +1 %x",(aPeerToPeerContext.P2PWriteClientToServerCharHdle + 1) );
 172              		.loc 1 137 90 view .LVU32
 138:Middlewares/ST/STM32_WPAN/ble/svc/Src/p2p_stm.c ****           APP_DBG_MSG("Notify %x",(aPeerToPeerContext.P2PNotifyServerToClientCharHdle ) );
 173              		.loc 1 138 11 view .LVU33
 138:Middlewares/ST/STM32_WPAN/ble/svc/Src/p2p_stm.c ****           APP_DBG_MSG("Notify %x",(aPeerToPeerContext.P2PNotifyServerToClientCharHdle ) );
 174              		.loc 1 138 11 view .LVU34
 175 0066 4046     		mov	r0, r8
 176 0068 FFF7FEFF 		bl	DbgTraceGetFileName
 177              	.LVL14:
 178 006c 0146     		mov	r1, r0
 179 006e 8A23     		movs	r3, #138
 180 0070 3A46     		mov	r2, r7
ARM GAS  /var/folders/lt/l_qrc8c54t93n_phsj7cf5tc0000gn/T//ccK8ymdt.s 			page 9


 181 0072 3046     		mov	r0, r6
 182 0074 FFF7FEFF 		bl	printf
 183              	.LVL15:
 138:Middlewares/ST/STM32_WPAN/ble/svc/Src/p2p_stm.c ****           APP_DBG_MSG("Notify %x",(aPeerToPeerContext.P2PNotifyServerToClientCharHdle ) );
 184              		.loc 1 138 11 view .LVU35
 185 0078 6988     		ldrh	r1, [r5, #2]
 186 007a 0131     		adds	r1, r1, #1
 187 007c 5748     		ldr	r0, .L19+20
 188 007e FFF7FEFF 		bl	printf
 189              	.LVL16:
 138:Middlewares/ST/STM32_WPAN/ble/svc/Src/p2p_stm.c ****           APP_DBG_MSG("Notify %x",(aPeerToPeerContext.P2PNotifyServerToClientCharHdle ) );
 190              		.loc 1 138 11 view .LVU36
 138:Middlewares/ST/STM32_WPAN/ble/svc/Src/p2p_stm.c ****           APP_DBG_MSG("Notify %x",(aPeerToPeerContext.P2PNotifyServerToClientCharHdle ) );
 191              		.loc 1 138 94 view .LVU37
 139:Middlewares/ST/STM32_WPAN/ble/svc/Src/p2p_stm.c ****           APP_DBG_MSG("Notify +1 %x",(aPeerToPeerContext.P2PNotifyServerToClientCharHdle + 1) );
 192              		.loc 1 139 11 view .LVU38
 139:Middlewares/ST/STM32_WPAN/ble/svc/Src/p2p_stm.c ****           APP_DBG_MSG("Notify +1 %x",(aPeerToPeerContext.P2PNotifyServerToClientCharHdle + 1) );
 193              		.loc 1 139 11 view .LVU39
 194 0082 4046     		mov	r0, r8
 195 0084 FFF7FEFF 		bl	DbgTraceGetFileName
 196              	.LVL17:
 197 0088 0146     		mov	r1, r0
 198 008a 8B23     		movs	r3, #139
 199 008c 3A46     		mov	r2, r7
 200 008e 3046     		mov	r0, r6
 201 0090 FFF7FEFF 		bl	printf
 202              	.LVL18:
 139:Middlewares/ST/STM32_WPAN/ble/svc/Src/p2p_stm.c ****           APP_DBG_MSG("Notify +1 %x",(aPeerToPeerContext.P2PNotifyServerToClientCharHdle + 1) );
 203              		.loc 1 139 11 view .LVU40
 204 0094 A988     		ldrh	r1, [r5, #4]
 205 0096 5248     		ldr	r0, .L19+24
 206 0098 FFF7FEFF 		bl	printf
 207              	.LVL19:
 139:Middlewares/ST/STM32_WPAN/ble/svc/Src/p2p_stm.c ****           APP_DBG_MSG("Notify +1 %x",(aPeerToPeerContext.P2PNotifyServerToClientCharHdle + 1) );
 208              		.loc 1 139 11 view .LVU41
 139:Middlewares/ST/STM32_WPAN/ble/svc/Src/p2p_stm.c ****           APP_DBG_MSG("Notify +1 %x",(aPeerToPeerContext.P2PNotifyServerToClientCharHdle + 1) );
 209              		.loc 1 139 90 view .LVU42
 140:Middlewares/ST/STM32_WPAN/ble/svc/Src/p2p_stm.c ****           APP_DBG_MSG("Notify +2 %x",(aPeerToPeerContext.P2PNotifyServerToClientCharHdle + 2) );
 210              		.loc 1 140 11 view .LVU43
 140:Middlewares/ST/STM32_WPAN/ble/svc/Src/p2p_stm.c ****           APP_DBG_MSG("Notify +2 %x",(aPeerToPeerContext.P2PNotifyServerToClientCharHdle + 2) );
 211              		.loc 1 140 11 view .LVU44
 212 009c 4046     		mov	r0, r8
 213 009e FFF7FEFF 		bl	DbgTraceGetFileName
 214              	.LVL20:
 215 00a2 0146     		mov	r1, r0
 216 00a4 8C23     		movs	r3, #140
 217 00a6 3A46     		mov	r2, r7
 218 00a8 3046     		mov	r0, r6
 219 00aa FFF7FEFF 		bl	printf
 220              	.LVL21:
 140:Middlewares/ST/STM32_WPAN/ble/svc/Src/p2p_stm.c ****           APP_DBG_MSG("Notify +2 %x",(aPeerToPeerContext.P2PNotifyServerToClientCharHdle + 2) );
 221              		.loc 1 140 11 view .LVU45
 222 00ae A988     		ldrh	r1, [r5, #4]
 223 00b0 0131     		adds	r1, r1, #1
 224 00b2 4C48     		ldr	r0, .L19+28
 225 00b4 FFF7FEFF 		bl	printf
 226              	.LVL22:
ARM GAS  /var/folders/lt/l_qrc8c54t93n_phsj7cf5tc0000gn/T//ccK8ymdt.s 			page 10


 140:Middlewares/ST/STM32_WPAN/ble/svc/Src/p2p_stm.c ****           APP_DBG_MSG("Notify +2 %x",(aPeerToPeerContext.P2PNotifyServerToClientCharHdle + 2) );
 227              		.loc 1 140 11 view .LVU46
 140:Middlewares/ST/STM32_WPAN/ble/svc/Src/p2p_stm.c ****           APP_DBG_MSG("Notify +2 %x",(aPeerToPeerContext.P2PNotifyServerToClientCharHdle + 2) );
 228              		.loc 1 140 96 view .LVU47
 141:Middlewares/ST/STM32_WPAN/ble/svc/Src/p2p_stm.c ****           APP_DBG_MSG("Data +2 %x",(aPeerToPeerContext.P2PSendDataCharHdle + 2) );
 229              		.loc 1 141 11 view .LVU48
 141:Middlewares/ST/STM32_WPAN/ble/svc/Src/p2p_stm.c ****           APP_DBG_MSG("Data +2 %x",(aPeerToPeerContext.P2PSendDataCharHdle + 2) );
 230              		.loc 1 141 11 view .LVU49
 231 00b8 4046     		mov	r0, r8
 232 00ba FFF7FEFF 		bl	DbgTraceGetFileName
 233              	.LVL23:
 234 00be 0146     		mov	r1, r0
 235 00c0 8D23     		movs	r3, #141
 236 00c2 3A46     		mov	r2, r7
 237 00c4 3046     		mov	r0, r6
 238 00c6 FFF7FEFF 		bl	printf
 239              	.LVL24:
 141:Middlewares/ST/STM32_WPAN/ble/svc/Src/p2p_stm.c ****           APP_DBG_MSG("Data +2 %x",(aPeerToPeerContext.P2PSendDataCharHdle + 2) );
 240              		.loc 1 141 11 view .LVU50
 241 00ca A988     		ldrh	r1, [r5, #4]
 242 00cc 0231     		adds	r1, r1, #2
 243 00ce 4648     		ldr	r0, .L19+32
 244 00d0 FFF7FEFF 		bl	printf
 245              	.LVL25:
 141:Middlewares/ST/STM32_WPAN/ble/svc/Src/p2p_stm.c ****           APP_DBG_MSG("Data +2 %x",(aPeerToPeerContext.P2PSendDataCharHdle + 2) );
 246              		.loc 1 141 11 view .LVU51
 141:Middlewares/ST/STM32_WPAN/ble/svc/Src/p2p_stm.c ****           APP_DBG_MSG("Data +2 %x",(aPeerToPeerContext.P2PSendDataCharHdle + 2) );
 247              		.loc 1 141 96 view .LVU52
 142:Middlewares/ST/STM32_WPAN/ble/svc/Src/p2p_stm.c ****           
 248              		.loc 1 142 11 view .LVU53
 142:Middlewares/ST/STM32_WPAN/ble/svc/Src/p2p_stm.c ****           
 249              		.loc 1 142 11 view .LVU54
 250 00d4 4046     		mov	r0, r8
 251 00d6 FFF7FEFF 		bl	DbgTraceGetFileName
 252              	.LVL26:
 253 00da 0146     		mov	r1, r0
 254 00dc 8E23     		movs	r3, #142
 255 00de 3A46     		mov	r2, r7
 256 00e0 3046     		mov	r0, r6
 257 00e2 FFF7FEFF 		bl	printf
 258              	.LVL27:
 142:Middlewares/ST/STM32_WPAN/ble/svc/Src/p2p_stm.c ****           
 259              		.loc 1 142 11 view .LVU55
 260 00e6 E988     		ldrh	r1, [r5, #6]
 261 00e8 0231     		adds	r1, r1, #2
 262 00ea 4048     		ldr	r0, .L19+36
 263 00ec FFF7FEFF 		bl	printf
 264              	.LVL28:
 142:Middlewares/ST/STM32_WPAN/ble/svc/Src/p2p_stm.c ****           
 265              		.loc 1 142 11 view .LVU56
 142:Middlewares/ST/STM32_WPAN/ble/svc/Src/p2p_stm.c ****           
 266              		.loc 1 142 82 view .LVU57
 145:Middlewares/ST/STM32_WPAN/ble/svc/Src/p2p_stm.c ****             {
 267              		.loc 1 145 11 view .LVU58
 145:Middlewares/ST/STM32_WPAN/ble/svc/Src/p2p_stm.c ****             {
 268              		.loc 1 145 32 is_stmt 0 view .LVU59
 269 00f0 B4F80720 		ldrh	r2, [r4, #7]	@ unaligned
ARM GAS  /var/folders/lt/l_qrc8c54t93n_phsj7cf5tc0000gn/T//ccK8ymdt.s 			page 11


 145:Middlewares/ST/STM32_WPAN/ble/svc/Src/p2p_stm.c ****             {
 270              		.loc 1 145 68 view .LVU60
 271 00f4 AB88     		ldrh	r3, [r5, #4]
 145:Middlewares/ST/STM32_WPAN/ble/svc/Src/p2p_stm.c ****             {
 272              		.loc 1 145 101 view .LVU61
 273 00f6 0233     		adds	r3, r3, #2
 145:Middlewares/ST/STM32_WPAN/ble/svc/Src/p2p_stm.c ****             {
 274              		.loc 1 145 13 view .LVU62
 275 00f8 9A42     		cmp	r2, r3
 276 00fa 0BD0     		beq	.L16
 167:Middlewares/ST/STM32_WPAN/ble/svc/Src/p2p_stm.c ****             {
 277              		.loc 1 167 18 is_stmt 1 view .LVU63
 167:Middlewares/ST/STM32_WPAN/ble/svc/Src/p2p_stm.c ****             {
 278              		.loc 1 167 75 is_stmt 0 view .LVU64
 279 00fc 354B     		ldr	r3, .L19+12
 280 00fe 5B88     		ldrh	r3, [r3, #2]
 167:Middlewares/ST/STM32_WPAN/ble/svc/Src/p2p_stm.c ****             {
 281              		.loc 1 167 107 view .LVU65
 282 0100 0133     		adds	r3, r3, #1
 167:Middlewares/ST/STM32_WPAN/ble/svc/Src/p2p_stm.c ****             {
 283              		.loc 1 167 20 view .LVU66
 284 0102 9A42     		cmp	r2, r3
 285 0104 26D0     		beq	.L17
 175:Middlewares/ST/STM32_WPAN/ble/svc/Src/p2p_stm.c ****             {
 286              		.loc 1 175 18 is_stmt 1 view .LVU67
 175:Middlewares/ST/STM32_WPAN/ble/svc/Src/p2p_stm.c ****             {
 287              		.loc 1 175 75 is_stmt 0 view .LVU68
 288 0106 334B     		ldr	r3, .L19+12
 289 0108 DB88     		ldrh	r3, [r3, #6]
 175:Middlewares/ST/STM32_WPAN/ble/svc/Src/p2p_stm.c ****             {
 290              		.loc 1 175 96 view .LVU69
 291 010a 0233     		adds	r3, r3, #2
 175:Middlewares/ST/STM32_WPAN/ble/svc/Src/p2p_stm.c ****             {
 292              		.loc 1 175 20 view .LVU70
 293 010c 9A42     		cmp	r2, r3
 294 010e 3BD0     		beq	.L18
 122:Middlewares/ST/STM32_WPAN/ble/svc/Src/p2p_stm.c ****   event_pckt = (hci_event_pckt *)(((hci_uart_pckt*)Event)->data);
 295              		.loc 1 122 16 view .LVU71
 296 0110 0020     		movs	r0, #0
 297 0112 85E7     		b	.L2
 298              	.L16:
 147:Middlewares/ST/STM32_WPAN/ble/svc/Src/p2p_stm.c ****               /**
 299              		.loc 1 147 15 is_stmt 1 view .LVU72
 147:Middlewares/ST/STM32_WPAN/ble/svc/Src/p2p_stm.c ****               /**
 300              		.loc 1 147 15 view .LVU73
 301 0114 4046     		mov	r0, r8
 302 0116 FFF7FEFF 		bl	DbgTraceGetFileName
 303              	.LVL29:
 304 011a 0146     		mov	r1, r0
 305 011c 9323     		movs	r3, #147
 306 011e 3A46     		mov	r2, r7
 307 0120 3046     		mov	r0, r6
 308 0122 FFF7FEFF 		bl	printf
 309              	.LVL30:
 147:Middlewares/ST/STM32_WPAN/ble/svc/Src/p2p_stm.c ****               /**
 310              		.loc 1 147 15 view .LVU74
 311 0126 3248     		ldr	r0, .L19+40
ARM GAS  /var/folders/lt/l_qrc8c54t93n_phsj7cf5tc0000gn/T//ccK8ymdt.s 			page 12


 312 0128 FFF7FEFF 		bl	printf
 313              	.LVL31:
 147:Middlewares/ST/STM32_WPAN/ble/svc/Src/p2p_stm.c ****               /**
 314              		.loc 1 147 15 view .LVU75
 147:Middlewares/ST/STM32_WPAN/ble/svc/Src/p2p_stm.c ****               /**
 315              		.loc 1 147 58 view .LVU76
 151:Middlewares/ST/STM32_WPAN/ble/svc/Src/p2p_stm.c ****               /**
 316              		.loc 1 151 15 view .LVU77
 155:Middlewares/ST/STM32_WPAN/ble/svc/Src/p2p_stm.c ****               {
 317              		.loc 1 155 15 view .LVU78
 155:Middlewares/ST/STM32_WPAN/ble/svc/Src/p2p_stm.c ****               {
 318              		.loc 1 155 47 is_stmt 0 view .LVU79
 319 012c 637B     		ldrb	r3, [r4, #13]	@ zero_extendqisi2
 155:Middlewares/ST/STM32_WPAN/ble/svc/Src/p2p_stm.c ****               {
 320              		.loc 1 155 17 view .LVU80
 321 012e 13F0010F 		tst	r3, #1
 322 0132 07D0     		beq	.L4
 157:Middlewares/ST/STM32_WPAN/ble/svc/Src/p2p_stm.c ****                 P2PS_STM_App_Notification(&Notification);
 323              		.loc 1 157 17 is_stmt 1 view .LVU81
 157:Middlewares/ST/STM32_WPAN/ble/svc/Src/p2p_stm.c ****                 P2PS_STM_App_Notification(&Notification);
 324              		.loc 1 157 45 is_stmt 0 view .LVU82
 325 0134 0023     		movs	r3, #0
 326 0136 8DF80030 		strb	r3, [sp]
 158:Middlewares/ST/STM32_WPAN/ble/svc/Src/p2p_stm.c ****               }
 327              		.loc 1 158 17 is_stmt 1 view .LVU83
 328 013a 6846     		mov	r0, sp
 329 013c FFF7FEFF 		bl	P2PS_STM_App_Notification
 330              	.LVL32:
 151:Middlewares/ST/STM32_WPAN/ble/svc/Src/p2p_stm.c ****               /**
 331              		.loc 1 151 28 is_stmt 0 view .LVU84
 332 0140 0120     		movs	r0, #1
 333 0142 6DE7     		b	.L2
 334              	.L4:
 162:Middlewares/ST/STM32_WPAN/ble/svc/Src/p2p_stm.c ****                 P2PS_STM_App_Notification(&Notification);
 335              		.loc 1 162 17 is_stmt 1 view .LVU85
 162:Middlewares/ST/STM32_WPAN/ble/svc/Src/p2p_stm.c ****                 P2PS_STM_App_Notification(&Notification);
 336              		.loc 1 162 45 is_stmt 0 view .LVU86
 337 0144 0124     		movs	r4, #1
 338              	.LVL33:
 162:Middlewares/ST/STM32_WPAN/ble/svc/Src/p2p_stm.c ****                 P2PS_STM_App_Notification(&Notification);
 339              		.loc 1 162 45 view .LVU87
 340 0146 8DF80040 		strb	r4, [sp]
 163:Middlewares/ST/STM32_WPAN/ble/svc/Src/p2p_stm.c ****               }
 341              		.loc 1 163 17 is_stmt 1 view .LVU88
 342 014a 6846     		mov	r0, sp
 343 014c FFF7FEFF 		bl	P2PS_STM_App_Notification
 344              	.LVL34:
 151:Middlewares/ST/STM32_WPAN/ble/svc/Src/p2p_stm.c ****               /**
 345              		.loc 1 151 28 is_stmt 0 view .LVU89
 346 0150 2046     		mov	r0, r4
 347 0152 65E7     		b	.L2
 348              	.LVL35:
 349              	.L17:
 169:Middlewares/ST/STM32_WPAN/ble/svc/Src/p2p_stm.c ****               Notification.P2P_Evt_Opcode = P2PS_STM_WRITE_EVT;
 350              		.loc 1 169 15 is_stmt 1 view .LVU90
 169:Middlewares/ST/STM32_WPAN/ble/svc/Src/p2p_stm.c ****               Notification.P2P_Evt_Opcode = P2PS_STM_WRITE_EVT;
 351              		.loc 1 169 15 view .LVU91
ARM GAS  /var/folders/lt/l_qrc8c54t93n_phsj7cf5tc0000gn/T//ccK8ymdt.s 			page 13


 352 0154 2748     		ldr	r0, .L19+44
 353 0156 FFF7FEFF 		bl	DbgTraceGetFileName
 354              	.LVL36:
 355 015a 0146     		mov	r1, r0
 356 015c A923     		movs	r3, #169
 357 015e 1A4A     		ldr	r2, .L19
 358 0160 1A48     		ldr	r0, .L19+4
 359 0162 FFF7FEFF 		bl	printf
 360              	.LVL37:
 169:Middlewares/ST/STM32_WPAN/ble/svc/Src/p2p_stm.c ****               Notification.P2P_Evt_Opcode = P2PS_STM_WRITE_EVT;
 361              		.loc 1 169 15 view .LVU92
 362 0166 2448     		ldr	r0, .L19+48
 363 0168 FFF7FEFF 		bl	puts
 364              	.LVL38:
 169:Middlewares/ST/STM32_WPAN/ble/svc/Src/p2p_stm.c ****               Notification.P2P_Evt_Opcode = P2PS_STM_WRITE_EVT;
 365              		.loc 1 169 15 view .LVU93
 169:Middlewares/ST/STM32_WPAN/ble/svc/Src/p2p_stm.c ****               Notification.P2P_Evt_Opcode = P2PS_STM_WRITE_EVT;
 366              		.loc 1 169 66 view .LVU94
 170:Middlewares/ST/STM32_WPAN/ble/svc/Src/p2p_stm.c ****               Notification.DataTransfered.Length=attribute_modified->Attr_Data_Length;
 367              		.loc 1 170 15 view .LVU95
 170:Middlewares/ST/STM32_WPAN/ble/svc/Src/p2p_stm.c ****               Notification.DataTransfered.Length=attribute_modified->Attr_Data_Length;
 368              		.loc 1 170 43 is_stmt 0 view .LVU96
 369 016c 0323     		movs	r3, #3
 370 016e 8DF80030 		strb	r3, [sp]
 171:Middlewares/ST/STM32_WPAN/ble/svc/Src/p2p_stm.c ****               Notification.DataTransfered.pPayload=attribute_modified->Attr_Data;
 371              		.loc 1 171 15 is_stmt 1 view .LVU97
 171:Middlewares/ST/STM32_WPAN/ble/svc/Src/p2p_stm.c ****               Notification.DataTransfered.pPayload=attribute_modified->Attr_Data;
 372              		.loc 1 171 68 is_stmt 0 view .LVU98
 373 0172 B4F80B30 		ldrh	r3, [r4, #11]	@ unaligned
 171:Middlewares/ST/STM32_WPAN/ble/svc/Src/p2p_stm.c ****               Notification.DataTransfered.pPayload=attribute_modified->Attr_Data;
 374              		.loc 1 171 49 view .LVU99
 375 0176 8DF80830 		strb	r3, [sp, #8]
 172:Middlewares/ST/STM32_WPAN/ble/svc/Src/p2p_stm.c ****               P2PS_STM_App_Notification(&Notification);  
 376              		.loc 1 172 15 is_stmt 1 view .LVU100
 172:Middlewares/ST/STM32_WPAN/ble/svc/Src/p2p_stm.c ****               P2PS_STM_App_Notification(&Notification);  
 377              		.loc 1 172 52 is_stmt 0 view .LVU101
 378 017a 0D34     		adds	r4, r4, #13
 379              	.LVL39:
 172:Middlewares/ST/STM32_WPAN/ble/svc/Src/p2p_stm.c ****               P2PS_STM_App_Notification(&Notification);  
 380              		.loc 1 172 51 view .LVU102
 381 017c 0194     		str	r4, [sp, #4]
 173:Middlewares/ST/STM32_WPAN/ble/svc/Src/p2p_stm.c ****             }
 382              		.loc 1 173 15 is_stmt 1 view .LVU103
 383 017e 6846     		mov	r0, sp
 384 0180 FFF7FEFF 		bl	P2PS_STM_App_Notification
 385              	.LVL40:
 122:Middlewares/ST/STM32_WPAN/ble/svc/Src/p2p_stm.c ****   event_pckt = (hci_event_pckt *)(((hci_uart_pckt*)Event)->data);
 386              		.loc 1 122 16 is_stmt 0 view .LVU104
 387 0184 0020     		movs	r0, #0
 388 0186 4BE7     		b	.L2
 389              	.LVL41:
 390              	.L18:
 177:Middlewares/ST/STM32_WPAN/ble/svc/Src/p2p_stm.c ****                /**
 391              		.loc 1 177 15 is_stmt 1 view .LVU105
 177:Middlewares/ST/STM32_WPAN/ble/svc/Src/p2p_stm.c ****                /**
 392              		.loc 1 177 15 view .LVU106
 393 0188 1A48     		ldr	r0, .L19+44
ARM GAS  /var/folders/lt/l_qrc8c54t93n_phsj7cf5tc0000gn/T//ccK8ymdt.s 			page 14


 394 018a FFF7FEFF 		bl	DbgTraceGetFileName
 395              	.LVL42:
 396 018e 0146     		mov	r1, r0
 397 0190 B123     		movs	r3, #177
 398 0192 0D4A     		ldr	r2, .L19
 399 0194 0D48     		ldr	r0, .L19+4
 400 0196 FFF7FEFF 		bl	printf
 401              	.LVL43:
 177:Middlewares/ST/STM32_WPAN/ble/svc/Src/p2p_stm.c ****                /**
 402              		.loc 1 177 15 view .LVU107
 403 019a 1848     		ldr	r0, .L19+52
 404 019c FFF7FEFF 		bl	printf
 405              	.LVL44:
 177:Middlewares/ST/STM32_WPAN/ble/svc/Src/p2p_stm.c ****                /**
 406              		.loc 1 177 15 view .LVU108
 177:Middlewares/ST/STM32_WPAN/ble/svc/Src/p2p_stm.c ****                /**
 407              		.loc 1 177 63 view .LVU109
 181:Middlewares/ST/STM32_WPAN/ble/svc/Src/p2p_stm.c ****               /**
 408              		.loc 1 181 15 view .LVU110
 185:Middlewares/ST/STM32_WPAN/ble/svc/Src/p2p_stm.c ****               {
 409              		.loc 1 185 15 view .LVU111
 185:Middlewares/ST/STM32_WPAN/ble/svc/Src/p2p_stm.c ****               {
 410              		.loc 1 185 47 is_stmt 0 view .LVU112
 411 01a0 637B     		ldrb	r3, [r4, #13]	@ zero_extendqisi2
 185:Middlewares/ST/STM32_WPAN/ble/svc/Src/p2p_stm.c ****               {
 412              		.loc 1 185 17 view .LVU113
 413 01a2 13F0010F 		tst	r3, #1
 414 01a6 07D0     		beq	.L6
 187:Middlewares/ST/STM32_WPAN/ble/svc/Src/p2p_stm.c ****                 P2PS_STM_App_Notification(&Notification);
 415              		.loc 1 187 17 is_stmt 1 view .LVU114
 187:Middlewares/ST/STM32_WPAN/ble/svc/Src/p2p_stm.c ****                 P2PS_STM_App_Notification(&Notification);
 416              		.loc 1 187 45 is_stmt 0 view .LVU115
 417 01a8 0023     		movs	r3, #0
 418 01aa 8DF80030 		strb	r3, [sp]
 188:Middlewares/ST/STM32_WPAN/ble/svc/Src/p2p_stm.c ****               }
 419              		.loc 1 188 17 is_stmt 1 view .LVU116
 420 01ae 6846     		mov	r0, sp
 421 01b0 FFF7FEFF 		bl	P2PS_STM_App_Notification
 422              	.LVL45:
 181:Middlewares/ST/STM32_WPAN/ble/svc/Src/p2p_stm.c ****               /**
 423              		.loc 1 181 28 is_stmt 0 view .LVU117
 424 01b4 0120     		movs	r0, #1
 425 01b6 33E7     		b	.L2
 426              	.L6:
 192:Middlewares/ST/STM32_WPAN/ble/svc/Src/p2p_stm.c ****                 P2PS_STM_App_Notification(&Notification);
 427              		.loc 1 192 17 is_stmt 1 view .LVU118
 192:Middlewares/ST/STM32_WPAN/ble/svc/Src/p2p_stm.c ****                 P2PS_STM_App_Notification(&Notification);
 428              		.loc 1 192 45 is_stmt 0 view .LVU119
 429 01b8 0124     		movs	r4, #1
 430              	.LVL46:
 192:Middlewares/ST/STM32_WPAN/ble/svc/Src/p2p_stm.c ****                 P2PS_STM_App_Notification(&Notification);
 431              		.loc 1 192 45 view .LVU120
 432 01ba 8DF80040 		strb	r4, [sp]
 193:Middlewares/ST/STM32_WPAN/ble/svc/Src/p2p_stm.c ****               } 
 433              		.loc 1 193 17 is_stmt 1 view .LVU121
 434 01be 6846     		mov	r0, sp
 435 01c0 FFF7FEFF 		bl	P2PS_STM_App_Notification
ARM GAS  /var/folders/lt/l_qrc8c54t93n_phsj7cf5tc0000gn/T//ccK8ymdt.s 			page 15


 436              	.LVL47:
 181:Middlewares/ST/STM32_WPAN/ble/svc/Src/p2p_stm.c ****               /**
 437              		.loc 1 181 28 is_stmt 0 view .LVU122
 438 01c4 2046     		mov	r0, r4
 439 01c6 2BE7     		b	.L2
 440              	.L20:
 441              		.align	2
 442              	.L19:
 443 01c8 00000000 		.word	.LANCHOR0
 444 01cc 30000000 		.word	.LC1
 445 01d0 44000000 		.word	.LC2
 446 01d4 00000000 		.word	.LANCHOR1
 447 01d8 50000000 		.word	.LC3
 448 01dc 5C000000 		.word	.LC4
 449 01e0 68000000 		.word	.LC5
 450 01e4 74000000 		.word	.LC6
 451 01e8 84000000 		.word	.LC7
 452 01ec 94000000 		.word	.LC8
 453 01f0 A0000000 		.word	.LC9
 454 01f4 00000000 		.word	.LC0
 455 01f8 C0000000 		.word	.LC10
 456 01fc DC000000 		.word	.LC11
 457              		.cfi_endproc
 458              	.LFE1261:
 460              		.section	.rodata.P2PS_STM_Init.str1.4,"aMS",%progbits,1
 461              		.align	2
 462              	.LC12:
 463 0000 41444445 		.ascii	"ADDED P2P WRITE\000"
 463      44205032 
 463      50205752 
 463      49544500 
 464              		.align	2
 465              	.LC13:
 466 0010 41444445 		.ascii	"ADDED P2P NOTIFY\000"
 466      44205032 
 466      50204E4F 
 466      54494659 
 466      00
 467 0021 000000   		.align	2
 468              	.LC14:
 469 0024 41444445 		.ascii	"ADDED P2P DATA\000"
 469      44205032 
 469      50204441 
 469      544100
 470              		.section	.text.P2PS_STM_Init,"ax",%progbits
 471              		.align	1
 472              		.global	P2PS_STM_Init
 473              		.syntax unified
 474              		.thumb
 475              		.thumb_func
 476              		.fpu fpv4-sp-d16
 478              	P2PS_STM_Init:
 479              	.LFB1262:
 221:Middlewares/ST/STM32_WPAN/ble/svc/Src/p2p_stm.c **** 
 222:Middlewares/ST/STM32_WPAN/ble/svc/Src/p2p_stm.c **** 
 223:Middlewares/ST/STM32_WPAN/ble/svc/Src/p2p_stm.c **** /* Public functions ----------------------------------------------------------*/
 224:Middlewares/ST/STM32_WPAN/ble/svc/Src/p2p_stm.c **** 
ARM GAS  /var/folders/lt/l_qrc8c54t93n_phsj7cf5tc0000gn/T//ccK8ymdt.s 			page 16


 225:Middlewares/ST/STM32_WPAN/ble/svc/Src/p2p_stm.c **** /**
 226:Middlewares/ST/STM32_WPAN/ble/svc/Src/p2p_stm.c ****  * @brief  Service initialization
 227:Middlewares/ST/STM32_WPAN/ble/svc/Src/p2p_stm.c ****  * @param  None
 228:Middlewares/ST/STM32_WPAN/ble/svc/Src/p2p_stm.c ****  * @retval None
 229:Middlewares/ST/STM32_WPAN/ble/svc/Src/p2p_stm.c ****  */
 230:Middlewares/ST/STM32_WPAN/ble/svc/Src/p2p_stm.c **** void P2PS_STM_Init(void)
 231:Middlewares/ST/STM32_WPAN/ble/svc/Src/p2p_stm.c **** {
 480              		.loc 1 231 1 is_stmt 1 view -0
 481              		.cfi_startproc
 482              		@ args = 0, pretend = 0, frame = 16
 483              		@ frame_needed = 0, uses_anonymous_args = 0
 484 0000 2DE9F04F 		push	{r4, r5, r6, r7, r8, r9, r10, fp, lr}
 485              	.LCFI4:
 486              		.cfi_def_cfa_offset 36
 487              		.cfi_offset 4, -36
 488              		.cfi_offset 5, -32
 489              		.cfi_offset 6, -28
 490              		.cfi_offset 7, -24
 491              		.cfi_offset 8, -20
 492              		.cfi_offset 9, -16
 493              		.cfi_offset 10, -12
 494              		.cfi_offset 11, -8
 495              		.cfi_offset 14, -4
 496 0004 8BB0     		sub	sp, sp, #44
 497              	.LCFI5:
 498              		.cfi_def_cfa_offset 80
 232:Middlewares/ST/STM32_WPAN/ble/svc/Src/p2p_stm.c ****  
 233:Middlewares/ST/STM32_WPAN/ble/svc/Src/p2p_stm.c ****   Char_UUID_t  uuid16;
 499              		.loc 1 233 3 view .LVU124
 234:Middlewares/ST/STM32_WPAN/ble/svc/Src/p2p_stm.c **** 
 235:Middlewares/ST/STM32_WPAN/ble/svc/Src/p2p_stm.c ****   /**
 236:Middlewares/ST/STM32_WPAN/ble/svc/Src/p2p_stm.c ****    *	Register the event handler to the BLE controller
 237:Middlewares/ST/STM32_WPAN/ble/svc/Src/p2p_stm.c ****    */
 238:Middlewares/ST/STM32_WPAN/ble/svc/Src/p2p_stm.c ****   SVCCTL_RegisterSvcHandler(PeerToPeer_Event_Handler);
 500              		.loc 1 238 3 view .LVU125
 501 0006 9248     		ldr	r0, .L23
 502 0008 FFF7FEFF 		bl	SVCCTL_RegisterSvcHandler
 503              	.LVL48:
 239:Middlewares/ST/STM32_WPAN/ble/svc/Src/p2p_stm.c ****   
 240:Middlewares/ST/STM32_WPAN/ble/svc/Src/p2p_stm.c ****     /**
 241:Middlewares/ST/STM32_WPAN/ble/svc/Src/p2p_stm.c ****      *  Peer To Peer Service
 242:Middlewares/ST/STM32_WPAN/ble/svc/Src/p2p_stm.c ****      *
 243:Middlewares/ST/STM32_WPAN/ble/svc/Src/p2p_stm.c ****      * Max_Attribute_Records = 2*no_of_char + 1
 244:Middlewares/ST/STM32_WPAN/ble/svc/Src/p2p_stm.c ****      * service_max_attribute_record = 1 for Peer To Peer service +
 245:Middlewares/ST/STM32_WPAN/ble/svc/Src/p2p_stm.c ****      *                                2 for P2P Write characteristic +
 246:Middlewares/ST/STM32_WPAN/ble/svc/Src/p2p_stm.c ****      *                                2 for P2P Notify characteristic +
 247:Middlewares/ST/STM32_WPAN/ble/svc/Src/p2p_stm.c ****      *                                1 for client char configuration descriptor +
 248:Middlewares/ST/STM32_WPAN/ble/svc/Src/p2p_stm.c ****      *                                
 249:Middlewares/ST/STM32_WPAN/ble/svc/Src/p2p_stm.c ****      */
 250:Middlewares/ST/STM32_WPAN/ble/svc/Src/p2p_stm.c ****     COPY_P2P_SERVICE_UUID(uuid16.Char_UUID_128);
 504              		.loc 1 250 5 view .LVU126
 505              		.loc 1 250 5 view .LVU127
 506 000c 8F23     		movs	r3, #143
 507 000e 8DF81830 		strb	r3, [sp, #24]
 508              		.loc 1 250 5 view .LVU128
 509 0012 E523     		movs	r3, #229
 510 0014 8DF81930 		strb	r3, [sp, #25]
ARM GAS  /var/folders/lt/l_qrc8c54t93n_phsj7cf5tc0000gn/T//ccK8ymdt.s 			page 17


 511              		.loc 1 250 5 view .LVU129
 512 0018 B323     		movs	r3, #179
 513 001a 8DF81A30 		strb	r3, [sp, #26]
 514              		.loc 1 250 5 view .LVU130
 515 001e D523     		movs	r3, #213
 516 0020 8DF81B30 		strb	r3, [sp, #27]
 517              		.loc 1 250 5 view .LVU131
 518 0024 2E23     		movs	r3, #46
 519 0026 8DF81C30 		strb	r3, [sp, #28]
 520              		.loc 1 250 5 view .LVU132
 521 002a 7F23     		movs	r3, #127
 522 002c 8DF81D30 		strb	r3, [sp, #29]
 523              		.loc 1 250 5 view .LVU133
 524 0030 4A23     		movs	r3, #74
 525 0032 8DF81E30 		strb	r3, [sp, #30]
 526              		.loc 1 250 5 view .LVU134
 527 0036 9823     		movs	r3, #152
 528 0038 8DF81F30 		strb	r3, [sp, #31]
 529              		.loc 1 250 5 view .LVU135
 530 003c 2A23     		movs	r3, #42
 531 003e 8DF82030 		strb	r3, [sp, #32]
 532              		.loc 1 250 5 view .LVU136
 533 0042 4823     		movs	r3, #72
 534 0044 8DF82130 		strb	r3, [sp, #33]
 535              		.loc 1 250 5 view .LVU137
 536 0048 7A23     		movs	r3, #122
 537 004a 8DF82230 		strb	r3, [sp, #34]
 538              		.loc 1 250 5 view .LVU138
 539 004e CC23     		movs	r3, #204
 540 0050 8DF82330 		strb	r3, [sp, #35]
 541              		.loc 1 250 5 view .LVU139
 542 0054 4023     		movs	r3, #64
 543 0056 8DF82430 		strb	r3, [sp, #36]
 544              		.loc 1 250 5 view .LVU140
 545 005a 4FF0FE08 		mov	r8, #254
 546 005e 8DF82580 		strb	r8, [sp, #37]
 547              		.loc 1 250 5 view .LVU141
 548 0062 0024     		movs	r4, #0
 549 0064 8DF82640 		strb	r4, [sp, #38]
 550              		.loc 1 250 5 view .LVU142
 551 0068 8DF82740 		strb	r4, [sp, #39]
 552              		.loc 1 250 5 view .LVU143
 251:Middlewares/ST/STM32_WPAN/ble/svc/Src/p2p_stm.c ****     aci_gatt_add_service(UUID_TYPE_128,
 553              		.loc 1 251 5 view .LVU144
 554 006c 794B     		ldr	r3, .L23+4
 555 006e 0093     		str	r3, [sp]
 556 0070 0A23     		movs	r3, #10
 557 0072 0122     		movs	r2, #1
 558 0074 06A9     		add	r1, sp, #24
 559 0076 0220     		movs	r0, #2
 560 0078 FFF7FEFF 		bl	aci_gatt_add_service
 561              	.LVL49:
 252:Middlewares/ST/STM32_WPAN/ble/svc/Src/p2p_stm.c ****                       (Service_UUID_t *) &uuid16,
 253:Middlewares/ST/STM32_WPAN/ble/svc/Src/p2p_stm.c ****                       PRIMARY_SERVICE,
 254:Middlewares/ST/STM32_WPAN/ble/svc/Src/p2p_stm.c ****                       10,     // MUST INCREASE THIS FOR CUSTOM
 255:Middlewares/ST/STM32_WPAN/ble/svc/Src/p2p_stm.c ****                       &(aPeerToPeerContext.PeerToPeerSvcHdle));
 256:Middlewares/ST/STM32_WPAN/ble/svc/Src/p2p_stm.c **** 
ARM GAS  /var/folders/lt/l_qrc8c54t93n_phsj7cf5tc0000gn/T//ccK8ymdt.s 			page 18


 257:Middlewares/ST/STM32_WPAN/ble/svc/Src/p2p_stm.c ****     /**
 258:Middlewares/ST/STM32_WPAN/ble/svc/Src/p2p_stm.c ****      *  Add LED Characteristic
 259:Middlewares/ST/STM32_WPAN/ble/svc/Src/p2p_stm.c ****      */
 260:Middlewares/ST/STM32_WPAN/ble/svc/Src/p2p_stm.c ****     COPY_P2P_WRITE_CHAR_UUID(uuid16.Char_UUID_128);
 562              		.loc 1 260 5 view .LVU145
 563              		.loc 1 260 5 view .LVU146
 564 007c 4FF01903 		mov	r3, #25
 565 0080 8DF81830 		strb	r3, [sp, #24]
 566              		.loc 1 260 5 view .LVU147
 567 0084 ED26     		movs	r6, #237
 568 0086 8DF81960 		strb	r6, [sp, #25]
 569              		.loc 1 260 5 view .LVU148
 570 008a 6FF07D02 		mvn	r2, #125
 571 008e 8DF81A20 		strb	r2, [sp, #26]
 572              		.loc 1 260 5 view .LVU149
 573 0092 6FF05101 		mvn	r1, #81
 574 0096 8DF81B10 		strb	r1, [sp, #27]
 575              		.loc 1 260 5 view .LVU150
 576 009a 8DF81C60 		strb	r6, [sp, #28]
 577              		.loc 1 260 5 view .LVU151
 578 009e 4FF02100 		mov	r0, #33
 579 00a2 8DF81D00 		strb	r0, [sp, #29]
 580              		.loc 1 260 5 view .LVU152
 581 00a6 4FF04C05 		mov	r5, #76
 582 00aa 8DF81E50 		strb	r5, [sp, #30]
 583              		.loc 1 260 5 view .LVU153
 584 00ae 6FF06207 		mvn	r7, #98
 585 00b2 8DF81F70 		strb	r7, [sp, #31]
 586              		.loc 1 260 5 view .LVU154
 587 00b6 4127     		movs	r7, #65
 588 00b8 8DF82070 		strb	r7, [sp, #32]
 589              		.loc 1 260 5 view .LVU155
 590 00bc 4FF0450B 		mov	fp, #69
 591 00c0 8DF821B0 		strb	fp, [sp, #33]
 592              		.loc 1 260 5 view .LVU156
 593 00c4 4FF0220A 		mov	r10, #34
 594 00c8 8DF822A0 		strb	r10, [sp, #34]
 595              		.loc 1 260 5 view .LVU157
 596 00cc 4FF08E09 		mov	r9, #142
 597 00d0 8DF82390 		strb	r9, [sp, #35]
 598              		.loc 1 260 5 view .LVU158
 599 00d4 8DF82470 		strb	r7, [sp, #36]
 600              		.loc 1 260 5 view .LVU159
 601 00d8 8DF82580 		strb	r8, [sp, #37]
 602              		.loc 1 260 5 view .LVU160
 603 00dc 8DF82640 		strb	r4, [sp, #38]
 604              		.loc 1 260 5 view .LVU161
 605 00e0 8DF82740 		strb	r4, [sp, #39]
 606              		.loc 1 260 5 view .LVU162
 261:Middlewares/ST/STM32_WPAN/ble/svc/Src/p2p_stm.c ****     aci_gatt_add_char(aPeerToPeerContext.PeerToPeerSvcHdle,
 607              		.loc 1 261 5 view .LVU163
 608 00e4 5B4B     		ldr	r3, .L23+4
 609 00e6 33F8020B 		ldrh	r0, [r3], #2
 610 00ea 0593     		str	r3, [sp, #20]
 611 00ec 0125     		movs	r5, #1
 612 00ee 0495     		str	r5, [sp, #16]
 613 00f0 0A23     		movs	r3, #10
ARM GAS  /var/folders/lt/l_qrc8c54t93n_phsj7cf5tc0000gn/T//ccK8ymdt.s 			page 19


 614 00f2 0393     		str	r3, [sp, #12]
 615 00f4 0295     		str	r5, [sp, #8]
 616 00f6 0194     		str	r4, [sp, #4]
 617 00f8 0623     		movs	r3, #6
 618 00fa 0093     		str	r3, [sp]
 619 00fc FF23     		movs	r3, #255
 620 00fe 06AA     		add	r2, sp, #24
 621 0100 0221     		movs	r1, #2
 622 0102 FFF7FEFF 		bl	aci_gatt_add_char
 623              	.LVL50:
 262:Middlewares/ST/STM32_WPAN/ble/svc/Src/p2p_stm.c ****                       UUID_TYPE_128, &uuid16,
 263:Middlewares/ST/STM32_WPAN/ble/svc/Src/p2p_stm.c ****                       DATA_TRANSFER_NOTIFICATION_LEN_MAX,                                   
 264:Middlewares/ST/STM32_WPAN/ble/svc/Src/p2p_stm.c ****                       CHAR_PROP_WRITE_WITHOUT_RESP|CHAR_PROP_READ,
 265:Middlewares/ST/STM32_WPAN/ble/svc/Src/p2p_stm.c ****                       ATTR_PERMISSION_NONE,
 266:Middlewares/ST/STM32_WPAN/ble/svc/Src/p2p_stm.c ****                       GATT_NOTIFY_ATTRIBUTE_WRITE, /* gattEvtMask */
 267:Middlewares/ST/STM32_WPAN/ble/svc/Src/p2p_stm.c ****                       10, /* encryKeySize */
 268:Middlewares/ST/STM32_WPAN/ble/svc/Src/p2p_stm.c ****                       1, /* isVariable */
 269:Middlewares/ST/STM32_WPAN/ble/svc/Src/p2p_stm.c ****                       &(aPeerToPeerContext.P2PWriteClientToServerCharHdle));
 270:Middlewares/ST/STM32_WPAN/ble/svc/Src/p2p_stm.c ****     APP_DBG_MSG("ADDED P2P WRITE");
 624              		.loc 1 270 5 view .LVU164
 625              		.loc 1 270 5 view .LVU165
 626 0106 5448     		ldr	r0, .L23+8
 627 0108 FFF7FEFF 		bl	DbgTraceGetFileName
 628              	.LVL51:
 629 010c 0146     		mov	r1, r0
 630 010e 4FF48773 		mov	r3, #270
 631 0112 524A     		ldr	r2, .L23+12
 632 0114 5248     		ldr	r0, .L23+16
 633 0116 FFF7FEFF 		bl	printf
 634              	.LVL52:
 635              		.loc 1 270 5 view .LVU166
 636 011a 5248     		ldr	r0, .L23+20
 637 011c FFF7FEFF 		bl	printf
 638              	.LVL53:
 639              		.loc 1 270 5 view .LVU167
 640              		.loc 1 270 35 view .LVU168
 271:Middlewares/ST/STM32_WPAN/ble/svc/Src/p2p_stm.c ****     /**
 272:Middlewares/ST/STM32_WPAN/ble/svc/Src/p2p_stm.c ****      *   Add Button Characteristic
 273:Middlewares/ST/STM32_WPAN/ble/svc/Src/p2p_stm.c ****      */
 274:Middlewares/ST/STM32_WPAN/ble/svc/Src/p2p_stm.c ****     COPY_P2P_NOTIFY_UUID(uuid16.Char_UUID_128);
 641              		.loc 1 274 5 view .LVU169
 642              		.loc 1 274 5 view .LVU170
 643 0120 4FF01903 		mov	r3, #25
 644 0124 8DF81830 		strb	r3, [sp, #24]
 645              		.loc 1 274 5 view .LVU171
 646 0128 8DF81960 		strb	r6, [sp, #25]
 647              		.loc 1 274 5 view .LVU172
 648 012c 6FF07D02 		mvn	r2, #125
 649 0130 8DF81A20 		strb	r2, [sp, #26]
 650              		.loc 1 274 5 view .LVU173
 651 0134 6FF05101 		mvn	r1, #81
 652 0138 8DF81B10 		strb	r1, [sp, #27]
 653              		.loc 1 274 5 view .LVU174
 654 013c 8DF81C60 		strb	r6, [sp, #28]
 655              		.loc 1 274 5 view .LVU175
 656 0140 4FF02100 		mov	r0, #33
 657 0144 8DF81D00 		strb	r0, [sp, #29]
ARM GAS  /var/folders/lt/l_qrc8c54t93n_phsj7cf5tc0000gn/T//ccK8ymdt.s 			page 20


 658              		.loc 1 274 5 view .LVU176
 659 0148 4FF04C0C 		mov	ip, #76
 660 014c 8DF81EC0 		strb	ip, [sp, #30]
 661              		.loc 1 274 5 view .LVU177
 662 0150 6FF0620E 		mvn	lr, #98
 663 0154 8DF81FE0 		strb	lr, [sp, #31]
 664              		.loc 1 274 5 view .LVU178
 665 0158 8DF82070 		strb	r7, [sp, #32]
 666              		.loc 1 274 5 view .LVU179
 667 015c 8DF821B0 		strb	fp, [sp, #33]
 668              		.loc 1 274 5 view .LVU180
 669 0160 8DF822A0 		strb	r10, [sp, #34]
 670              		.loc 1 274 5 view .LVU181
 671 0164 8DF82390 		strb	r9, [sp, #35]
 672              		.loc 1 274 5 view .LVU182
 673 0168 4223     		movs	r3, #66
 674 016a 8DF82430 		strb	r3, [sp, #36]
 675              		.loc 1 274 5 view .LVU183
 676 016e 8DF82580 		strb	r8, [sp, #37]
 677              		.loc 1 274 5 view .LVU184
 678 0172 8DF82640 		strb	r4, [sp, #38]
 679              		.loc 1 274 5 view .LVU185
 680 0176 8DF82740 		strb	r4, [sp, #39]
 681              		.loc 1 274 5 view .LVU186
 275:Middlewares/ST/STM32_WPAN/ble/svc/Src/p2p_stm.c ****     aci_gatt_add_char(aPeerToPeerContext.PeerToPeerSvcHdle,
 682              		.loc 1 275 5 view .LVU187
 683 017a 364B     		ldr	r3, .L23+4
 684 017c 33F8040B 		ldrh	r0, [r3], #4
 685 0180 0593     		str	r3, [sp, #20]
 686 0182 0495     		str	r5, [sp, #16]
 687 0184 0A23     		movs	r3, #10
 688 0186 0393     		str	r3, [sp, #12]
 689 0188 0295     		str	r5, [sp, #8]
 690 018a 0194     		str	r4, [sp, #4]
 691 018c 1023     		movs	r3, #16
 692 018e 0093     		str	r3, [sp]
 693 0190 FF23     		movs	r3, #255
 694 0192 06AA     		add	r2, sp, #24
 695 0194 0221     		movs	r1, #2
 696 0196 FFF7FEFF 		bl	aci_gatt_add_char
 697              	.LVL54:
 276:Middlewares/ST/STM32_WPAN/ble/svc/Src/p2p_stm.c ****                       UUID_TYPE_128, &uuid16,
 277:Middlewares/ST/STM32_WPAN/ble/svc/Src/p2p_stm.c ****                       DATA_TRANSFER_NOTIFICATION_LEN_MAX,
 278:Middlewares/ST/STM32_WPAN/ble/svc/Src/p2p_stm.c ****                       CHAR_PROP_NOTIFY,
 279:Middlewares/ST/STM32_WPAN/ble/svc/Src/p2p_stm.c ****                       ATTR_PERMISSION_NONE,
 280:Middlewares/ST/STM32_WPAN/ble/svc/Src/p2p_stm.c ****                       GATT_NOTIFY_ATTRIBUTE_WRITE, /* gattEvtMask */
 281:Middlewares/ST/STM32_WPAN/ble/svc/Src/p2p_stm.c ****                       10, /* encryKeySize */
 282:Middlewares/ST/STM32_WPAN/ble/svc/Src/p2p_stm.c ****                       1, /* isVariable: 1 */
 283:Middlewares/ST/STM32_WPAN/ble/svc/Src/p2p_stm.c ****                       &(aPeerToPeerContext.P2PNotifyServerToClientCharHdle));
 284:Middlewares/ST/STM32_WPAN/ble/svc/Src/p2p_stm.c ****     APP_DBG_MSG("ADDED P2P NOTIFY");  
 698              		.loc 1 284 5 view .LVU188
 699              		.loc 1 284 5 view .LVU189
 700 019a 2F48     		ldr	r0, .L23+8
 701 019c FFF7FEFF 		bl	DbgTraceGetFileName
 702              	.LVL55:
 703 01a0 0146     		mov	r1, r0
 704 01a2 4FF48E73 		mov	r3, #284
ARM GAS  /var/folders/lt/l_qrc8c54t93n_phsj7cf5tc0000gn/T//ccK8ymdt.s 			page 21


 705 01a6 2D4A     		ldr	r2, .L23+12
 706 01a8 2D48     		ldr	r0, .L23+16
 707 01aa FFF7FEFF 		bl	printf
 708              	.LVL56:
 709              		.loc 1 284 5 view .LVU190
 710 01ae 2E48     		ldr	r0, .L23+24
 711 01b0 FFF7FEFF 		bl	printf
 712              	.LVL57:
 713              		.loc 1 284 5 view .LVU191
 714              		.loc 1 284 36 view .LVU192
 285:Middlewares/ST/STM32_WPAN/ble/svc/Src/p2p_stm.c **** 
 286:Middlewares/ST/STM32_WPAN/ble/svc/Src/p2p_stm.c ****     /**
 287:Middlewares/ST/STM32_WPAN/ble/svc/Src/p2p_stm.c ****      *  CUSTOM SERVICE ADDED FOR SENDING DATA
 288:Middlewares/ST/STM32_WPAN/ble/svc/Src/p2p_stm.c ****      * 
 289:Middlewares/ST/STM32_WPAN/ble/svc/Src/p2p_stm.c ****      **/
 290:Middlewares/ST/STM32_WPAN/ble/svc/Src/p2p_stm.c **** 
 291:Middlewares/ST/STM32_WPAN/ble/svc/Src/p2p_stm.c ****     COPY_P2P_DATA_UUID(uuid16.Char_UUID_128);
 715              		.loc 1 291 5 view .LVU193
 716              		.loc 1 291 5 view .LVU194
 717 01b4 4FF01903 		mov	r3, #25
 718 01b8 8DF81830 		strb	r3, [sp, #24]
 719              		.loc 1 291 5 view .LVU195
 720 01bc 8DF81960 		strb	r6, [sp, #25]
 721              		.loc 1 291 5 view .LVU196
 722 01c0 6FF07D02 		mvn	r2, #125
 723 01c4 8DF81A20 		strb	r2, [sp, #26]
 724              		.loc 1 291 5 view .LVU197
 725 01c8 6FF05101 		mvn	r1, #81
 726 01cc 8DF81B10 		strb	r1, [sp, #27]
 727              		.loc 1 291 5 view .LVU198
 728 01d0 8DF81C60 		strb	r6, [sp, #28]
 729              		.loc 1 291 5 view .LVU199
 730 01d4 4FF02100 		mov	r0, #33
 731 01d8 8DF81D00 		strb	r0, [sp, #29]
 732              		.loc 1 291 5 view .LVU200
 733 01dc 4FF04C0C 		mov	ip, #76
 734 01e0 8DF81EC0 		strb	ip, [sp, #30]
 735              		.loc 1 291 5 view .LVU201
 736 01e4 6FF0620E 		mvn	lr, #98
 737 01e8 8DF81FE0 		strb	lr, [sp, #31]
 738              		.loc 1 291 5 view .LVU202
 739 01ec 8DF82070 		strb	r7, [sp, #32]
 740              		.loc 1 291 5 view .LVU203
 741 01f0 8DF821B0 		strb	fp, [sp, #33]
 742              		.loc 1 291 5 view .LVU204
 743 01f4 8DF822A0 		strb	r10, [sp, #34]
 744              		.loc 1 291 5 view .LVU205
 745 01f8 8DF82390 		strb	r9, [sp, #35]
 746              		.loc 1 291 5 view .LVU206
 747 01fc 4323     		movs	r3, #67
 748 01fe 8DF82430 		strb	r3, [sp, #36]
 749              		.loc 1 291 5 view .LVU207
 750 0202 8DF82580 		strb	r8, [sp, #37]
 751              		.loc 1 291 5 view .LVU208
 752 0206 8DF82640 		strb	r4, [sp, #38]
 753              		.loc 1 291 5 view .LVU209
 754 020a 8DF82740 		strb	r4, [sp, #39]
ARM GAS  /var/folders/lt/l_qrc8c54t93n_phsj7cf5tc0000gn/T//ccK8ymdt.s 			page 22


 755              		.loc 1 291 5 view .LVU210
 292:Middlewares/ST/STM32_WPAN/ble/svc/Src/p2p_stm.c ****     aci_gatt_add_char(aPeerToPeerContext.PeerToPeerSvcHdle,
 756              		.loc 1 292 5 view .LVU211
 757 020e 114B     		ldr	r3, .L23+4
 758 0210 33F8060B 		ldrh	r0, [r3], #6
 759 0214 0593     		str	r3, [sp, #20]
 760 0216 0495     		str	r5, [sp, #16]
 761 0218 0A23     		movs	r3, #10
 762 021a 0393     		str	r3, [sp, #12]
 763 021c 0295     		str	r5, [sp, #8]
 764 021e 0194     		str	r4, [sp, #4]
 765 0220 1023     		movs	r3, #16
 766 0222 0093     		str	r3, [sp]
 767 0224 FF23     		movs	r3, #255
 768 0226 06AA     		add	r2, sp, #24
 769 0228 0221     		movs	r1, #2
 770 022a FFF7FEFF 		bl	aci_gatt_add_char
 771              	.LVL58:
 293:Middlewares/ST/STM32_WPAN/ble/svc/Src/p2p_stm.c ****                       UUID_TYPE_128, &uuid16,
 294:Middlewares/ST/STM32_WPAN/ble/svc/Src/p2p_stm.c ****                       DATA_TRANSFER_NOTIFICATION_LEN_MAX,
 295:Middlewares/ST/STM32_WPAN/ble/svc/Src/p2p_stm.c ****                       CHAR_PROP_NOTIFY,
 296:Middlewares/ST/STM32_WPAN/ble/svc/Src/p2p_stm.c ****                       ATTR_PERMISSION_NONE,
 297:Middlewares/ST/STM32_WPAN/ble/svc/Src/p2p_stm.c ****                       GATT_NOTIFY_ATTRIBUTE_WRITE, /* gattEvtMask */
 298:Middlewares/ST/STM32_WPAN/ble/svc/Src/p2p_stm.c ****                       10, /* encryKeySize */
 299:Middlewares/ST/STM32_WPAN/ble/svc/Src/p2p_stm.c ****                       1, /* isVariable: 1 */
 300:Middlewares/ST/STM32_WPAN/ble/svc/Src/p2p_stm.c ****                       &(aPeerToPeerContext.P2PSendDataCharHdle));
 301:Middlewares/ST/STM32_WPAN/ble/svc/Src/p2p_stm.c ****     APP_DBG_MSG("ADDED P2P DATA");
 772              		.loc 1 301 5 view .LVU212
 773              		.loc 1 301 5 view .LVU213
 774 022e 0A48     		ldr	r0, .L23+8
 775 0230 FFF7FEFF 		bl	DbgTraceGetFileName
 776              	.LVL59:
 777 0234 0146     		mov	r1, r0
 778 0236 40F22D13 		movw	r3, #301
 779 023a 084A     		ldr	r2, .L23+12
 780 023c 0848     		ldr	r0, .L23+16
 781 023e FFF7FEFF 		bl	printf
 782              	.LVL60:
 783              		.loc 1 301 5 view .LVU214
 784 0242 0A48     		ldr	r0, .L23+28
 785 0244 FFF7FEFF 		bl	printf
 786              	.LVL61:
 787              		.loc 1 301 5 view .LVU215
 788              		.loc 1 301 34 view .LVU216
 302:Middlewares/ST/STM32_WPAN/ble/svc/Src/p2p_stm.c ****  
 303:Middlewares/ST/STM32_WPAN/ble/svc/Src/p2p_stm.c **** #if(BLE_CFG_OTA_REBOOT_CHAR != 0)      
 304:Middlewares/ST/STM32_WPAN/ble/svc/Src/p2p_stm.c ****     /**
 305:Middlewares/ST/STM32_WPAN/ble/svc/Src/p2p_stm.c ****      *  Add Boot Request Characteristic
 306:Middlewares/ST/STM32_WPAN/ble/svc/Src/p2p_stm.c ****      */
 307:Middlewares/ST/STM32_WPAN/ble/svc/Src/p2p_stm.c ****     aci_gatt_add_char(aPeerToPeerContext.PeerToPeerSvcHdle,
 308:Middlewares/ST/STM32_WPAN/ble/svc/Src/p2p_stm.c ****                       BM_UUID_LENGTH,
 309:Middlewares/ST/STM32_WPAN/ble/svc/Src/p2p_stm.c ****                       (Char_UUID_t *)BM_REQ_CHAR_UUID,
 310:Middlewares/ST/STM32_WPAN/ble/svc/Src/p2p_stm.c ****                       BM_REQ_CHAR_SIZE,
 311:Middlewares/ST/STM32_WPAN/ble/svc/Src/p2p_stm.c ****                       CHAR_PROP_WRITE_WITHOUT_RESP,
 312:Middlewares/ST/STM32_WPAN/ble/svc/Src/p2p_stm.c ****                       ATTR_PERMISSION_NONE,
 313:Middlewares/ST/STM32_WPAN/ble/svc/Src/p2p_stm.c ****                       GATT_NOTIFY_ATTRIBUTE_WRITE,
 314:Middlewares/ST/STM32_WPAN/ble/svc/Src/p2p_stm.c ****                       10,
ARM GAS  /var/folders/lt/l_qrc8c54t93n_phsj7cf5tc0000gn/T//ccK8ymdt.s 			page 23


 315:Middlewares/ST/STM32_WPAN/ble/svc/Src/p2p_stm.c ****                       0,
 316:Middlewares/ST/STM32_WPAN/ble/svc/Src/p2p_stm.c ****                       &(aPeerToPeerContext.RebootReqCharHdle));
 317:Middlewares/ST/STM32_WPAN/ble/svc/Src/p2p_stm.c **** #endif    
 318:Middlewares/ST/STM32_WPAN/ble/svc/Src/p2p_stm.c **** 
 319:Middlewares/ST/STM32_WPAN/ble/svc/Src/p2p_stm.c ****     
 320:Middlewares/ST/STM32_WPAN/ble/svc/Src/p2p_stm.c ****   return;
 789              		.loc 1 320 3 view .LVU217
 321:Middlewares/ST/STM32_WPAN/ble/svc/Src/p2p_stm.c **** }
 790              		.loc 1 321 1 is_stmt 0 view .LVU218
 791 0248 0BB0     		add	sp, sp, #44
 792              	.LCFI6:
 793              		.cfi_def_cfa_offset 36
 794              		@ sp needed
 795 024a BDE8F08F 		pop	{r4, r5, r6, r7, r8, r9, r10, fp, pc}
 796              	.L24:
 797 024e 00BF     		.align	2
 798              	.L23:
 799 0250 00000000 		.word	PeerToPeer_Event_Handler
 800 0254 00000000 		.word	.LANCHOR1
 801 0258 00000000 		.word	.LC0
 802 025c 00000000 		.word	.LANCHOR2
 803 0260 30000000 		.word	.LC1
 804 0264 00000000 		.word	.LC12
 805 0268 10000000 		.word	.LC13
 806 026c 24000000 		.word	.LC14
 807              		.cfi_endproc
 808              	.LFE1262:
 810              		.section	.rodata.P2PS_STM_App_Update_Char.str1.4,"aMS",%progbits,1
 811              		.align	2
 812              	.LC15:
 813 0000 5041594C 		.ascii	"PAYLOAD: %s\000"
 813      4F41443A 
 813      20257300 
 814              		.section	.text.P2PS_STM_App_Update_Char,"ax",%progbits
 815              		.align	1
 816              		.global	P2PS_STM_App_Update_Char
 817              		.syntax unified
 818              		.thumb
 819              		.thumb_func
 820              		.fpu fpv4-sp-d16
 822              	P2PS_STM_App_Update_Char:
 823              	.LVL62:
 824              	.LFB1263:
 322:Middlewares/ST/STM32_WPAN/ble/svc/Src/p2p_stm.c **** // static tBleStatus Data_Update_Char( sensordata_t *pDataValue )
 323:Middlewares/ST/STM32_WPAN/ble/svc/Src/p2p_stm.c **** // {
 324:Middlewares/ST/STM32_WPAN/ble/svc/Src/p2p_stm.c **** //   tBleStatus ret;
 325:Middlewares/ST/STM32_WPAN/ble/svc/Src/p2p_stm.c **** 
 326:Middlewares/ST/STM32_WPAN/ble/svc/Src/p2p_stm.c **** //   /**
 327:Middlewares/ST/STM32_WPAN/ble/svc/Src/p2p_stm.c **** //    *  Notification Data Transfer Packet
 328:Middlewares/ST/STM32_WPAN/ble/svc/Src/p2p_stm.c **** //    */
 329:Middlewares/ST/STM32_WPAN/ble/svc/Src/p2p_stm.c **** //   ret = aci_gatt_update_char_value(
 330:Middlewares/ST/STM32_WPAN/ble/svc/Src/p2p_stm.c **** //                                    aPeerToPeerContext.PeerToPeerSvcHdle,
 331:Middlewares/ST/STM32_WPAN/ble/svc/Src/p2p_stm.c **** //                                    aPeerToPeerContext.P2PSendDataCharHdle,
 332:Middlewares/ST/STM32_WPAN/ble/svc/Src/p2p_stm.c **** //                                    0, /* charValOffset */
 333:Middlewares/ST/STM32_WPAN/ble/svc/Src/p2p_stm.c **** //                                    32, /* charValueLen */
 334:Middlewares/ST/STM32_WPAN/ble/svc/Src/p2p_stm.c **** //                                   (uint8_t *) pDataValue);
 335:Middlewares/ST/STM32_WPAN/ble/svc/Src/p2p_stm.c **** 
ARM GAS  /var/folders/lt/l_qrc8c54t93n_phsj7cf5tc0000gn/T//ccK8ymdt.s 			page 24


 336:Middlewares/ST/STM32_WPAN/ble/svc/Src/p2p_stm.c **** //   return ret;
 337:Middlewares/ST/STM32_WPAN/ble/svc/Src/p2p_stm.c **** // }/* end TX_Update_Char() */
 338:Middlewares/ST/STM32_WPAN/ble/svc/Src/p2p_stm.c **** 
 339:Middlewares/ST/STM32_WPAN/ble/svc/Src/p2p_stm.c **** /**
 340:Middlewares/ST/STM32_WPAN/ble/svc/Src/p2p_stm.c ****  * @brief  Characteristic update
 341:Middlewares/ST/STM32_WPAN/ble/svc/Src/p2p_stm.c ****  * @param  UUID: UUID of the characteristic
 342:Middlewares/ST/STM32_WPAN/ble/svc/Src/p2p_stm.c ****  * @param  Service_Instance: Instance of the service to which the characteristic belongs
 343:Middlewares/ST/STM32_WPAN/ble/svc/Src/p2p_stm.c ****  * 
 344:Middlewares/ST/STM32_WPAN/ble/svc/Src/p2p_stm.c ****  */
 345:Middlewares/ST/STM32_WPAN/ble/svc/Src/p2p_stm.c **** tBleStatus P2PS_STM_App_Update_Char(uint16_t UUID, uint8_t *pPayload) 
 346:Middlewares/ST/STM32_WPAN/ble/svc/Src/p2p_stm.c **** {
 825              		.loc 1 346 1 is_stmt 1 view -0
 826              		.cfi_startproc
 827              		@ args = 0, pretend = 0, frame = 0
 828              		@ frame_needed = 0, uses_anonymous_args = 0
 829              		.loc 1 346 1 is_stmt 0 view .LVU220
 830 0000 30B5     		push	{r4, r5, lr}
 831              	.LCFI7:
 832              		.cfi_def_cfa_offset 12
 833              		.cfi_offset 4, -12
 834              		.cfi_offset 5, -8
 835              		.cfi_offset 14, -4
 836 0002 83B0     		sub	sp, sp, #12
 837              	.LCFI8:
 838              		.cfi_def_cfa_offset 24
 839 0004 0446     		mov	r4, r0
 840 0006 0D46     		mov	r5, r1
 347:Middlewares/ST/STM32_WPAN/ble/svc/Src/p2p_stm.c ****   APP_DBG_MSG("PAYLOAD: %s", (char* )pPayload);
 841              		.loc 1 347 3 is_stmt 1 view .LVU221
 842              		.loc 1 347 3 view .LVU222
 843 0008 1B48     		ldr	r0, .L31
 844              	.LVL63:
 845              		.loc 1 347 3 is_stmt 0 view .LVU223
 846 000a FFF7FEFF 		bl	DbgTraceGetFileName
 847              	.LVL64:
 848              		.loc 1 347 3 view .LVU224
 849 000e 0146     		mov	r1, r0
 850 0010 40F25B13 		movw	r3, #347
 851 0014 194A     		ldr	r2, .L31+4
 852 0016 1A48     		ldr	r0, .L31+8
 853 0018 FFF7FEFF 		bl	printf
 854              	.LVL65:
 855              		.loc 1 347 3 is_stmt 1 view .LVU225
 856 001c 2946     		mov	r1, r5
 857 001e 1948     		ldr	r0, .L31+12
 858 0020 FFF7FEFF 		bl	printf
 859              	.LVL66:
 860              		.loc 1 347 3 view .LVU226
 861              		.loc 1 347 47 view .LVU227
 348:Middlewares/ST/STM32_WPAN/ble/svc/Src/p2p_stm.c **** 
 349:Middlewares/ST/STM32_WPAN/ble/svc/Src/p2p_stm.c ****   tBleStatus result = BLE_STATUS_INVALID_PARAMS;
 862              		.loc 1 349 3 view .LVU228
 350:Middlewares/ST/STM32_WPAN/ble/svc/Src/p2p_stm.c ****   switch(UUID)
 863              		.loc 1 350 3 view .LVU229
 864 0024 4FF64263 		movw	r3, #65090
 865 0028 9C42     		cmp	r4, r3
 866 002a 0AD0     		beq	.L26
ARM GAS  /var/folders/lt/l_qrc8c54t93n_phsj7cf5tc0000gn/T//ccK8ymdt.s 			page 25


 867 002c 4FF64363 		movw	r3, #65091
 868 0030 9C42     		cmp	r4, r3
 869 0032 0FD0     		beq	.L27
 870 0034 4FF64163 		movw	r3, #65089
 871 0038 9C42     		cmp	r4, r3
 872 003a 14D0     		beq	.L28
 873 003c 9220     		movs	r0, #146
 874              	.LVL67:
 875              	.L29:
 351:Middlewares/ST/STM32_WPAN/ble/svc/Src/p2p_stm.c ****   {
 352:Middlewares/ST/STM32_WPAN/ble/svc/Src/p2p_stm.c ****     case P2P_NOTIFY_CHAR_UUID:
 353:Middlewares/ST/STM32_WPAN/ble/svc/Src/p2p_stm.c ****       
 354:Middlewares/ST/STM32_WPAN/ble/svc/Src/p2p_stm.c ****      result = aci_gatt_update_char_value(aPeerToPeerContext.PeerToPeerSvcHdle,
 355:Middlewares/ST/STM32_WPAN/ble/svc/Src/p2p_stm.c ****                              aPeerToPeerContext.P2PNotifyServerToClientCharHdle,
 356:Middlewares/ST/STM32_WPAN/ble/svc/Src/p2p_stm.c ****                               0, /* charValOffset */
 357:Middlewares/ST/STM32_WPAN/ble/svc/Src/p2p_stm.c ****                               32, /* charValueLen */
 358:Middlewares/ST/STM32_WPAN/ble/svc/Src/p2p_stm.c ****                               (uint8_t *)  pPayload);
 359:Middlewares/ST/STM32_WPAN/ble/svc/Src/p2p_stm.c ****     
 360:Middlewares/ST/STM32_WPAN/ble/svc/Src/p2p_stm.c ****       break;
 361:Middlewares/ST/STM32_WPAN/ble/svc/Src/p2p_stm.c ****     case P2P_DATA_CHAR_UUID:
 362:Middlewares/ST/STM32_WPAN/ble/svc/Src/p2p_stm.c ****      result = aci_gatt_update_char_value(aPeerToPeerContext.PeerToPeerSvcHdle,
 363:Middlewares/ST/STM32_WPAN/ble/svc/Src/p2p_stm.c ****                              aPeerToPeerContext.P2PSendDataCharHdle,
 364:Middlewares/ST/STM32_WPAN/ble/svc/Src/p2p_stm.c ****                               0, /* charValOffset */
 365:Middlewares/ST/STM32_WPAN/ble/svc/Src/p2p_stm.c ****                               32, /* charValueLen */
 366:Middlewares/ST/STM32_WPAN/ble/svc/Src/p2p_stm.c ****                               (uint8_t *) pPayload);
 367:Middlewares/ST/STM32_WPAN/ble/svc/Src/p2p_stm.c ****     
 368:Middlewares/ST/STM32_WPAN/ble/svc/Src/p2p_stm.c ****       break;
 369:Middlewares/ST/STM32_WPAN/ble/svc/Src/p2p_stm.c ****     case P2P_WRITE_CHAR_UUID:
 370:Middlewares/ST/STM32_WPAN/ble/svc/Src/p2p_stm.c **** 
 371:Middlewares/ST/STM32_WPAN/ble/svc/Src/p2p_stm.c ****       result = aci_gatt_update_char_value(aPeerToPeerContext.PeerToPeerSvcHdle,
 372:Middlewares/ST/STM32_WPAN/ble/svc/Src/p2p_stm.c ****                               aPeerToPeerContext.P2PWriteClientToServerCharHdle,
 373:Middlewares/ST/STM32_WPAN/ble/svc/Src/p2p_stm.c ****                               0, /* charValOffset */
 374:Middlewares/ST/STM32_WPAN/ble/svc/Src/p2p_stm.c ****                               64, /* charValueLen */
 375:Middlewares/ST/STM32_WPAN/ble/svc/Src/p2p_stm.c ****                               (uint8_t *)  pPayload);
 376:Middlewares/ST/STM32_WPAN/ble/svc/Src/p2p_stm.c ****       break;
 377:Middlewares/ST/STM32_WPAN/ble/svc/Src/p2p_stm.c ****     default:
 378:Middlewares/ST/STM32_WPAN/ble/svc/Src/p2p_stm.c ****       break;
 379:Middlewares/ST/STM32_WPAN/ble/svc/Src/p2p_stm.c ****   }
 380:Middlewares/ST/STM32_WPAN/ble/svc/Src/p2p_stm.c **** 
 381:Middlewares/ST/STM32_WPAN/ble/svc/Src/p2p_stm.c ****   return result;
 876              		.loc 1 381 3 view .LVU230
 382:Middlewares/ST/STM32_WPAN/ble/svc/Src/p2p_stm.c **** }/* end P2PS_STM_Init() */
 877              		.loc 1 382 1 is_stmt 0 view .LVU231
 878 003e 03B0     		add	sp, sp, #12
 879              	.LCFI9:
 880              		.cfi_remember_state
 881              		.cfi_def_cfa_offset 12
 882              		@ sp needed
 883 0040 30BD     		pop	{r4, r5, pc}
 884              	.LVL68:
 885              	.L26:
 886              	.LCFI10:
 887              		.cfi_restore_state
 354:Middlewares/ST/STM32_WPAN/ble/svc/Src/p2p_stm.c ****                              aPeerToPeerContext.P2PNotifyServerToClientCharHdle,
 888              		.loc 1 354 6 is_stmt 1 view .LVU232
 354:Middlewares/ST/STM32_WPAN/ble/svc/Src/p2p_stm.c ****                              aPeerToPeerContext.P2PNotifyServerToClientCharHdle,
 889              		.loc 1 354 15 is_stmt 0 view .LVU233
ARM GAS  /var/folders/lt/l_qrc8c54t93n_phsj7cf5tc0000gn/T//ccK8ymdt.s 			page 26


 890 0042 1148     		ldr	r0, .L31+16
 891 0044 0095     		str	r5, [sp]
 892 0046 2023     		movs	r3, #32
 893 0048 0022     		movs	r2, #0
 894 004a 8188     		ldrh	r1, [r0, #4]
 895 004c 0088     		ldrh	r0, [r0]
 896 004e FFF7FEFF 		bl	aci_gatt_update_char_value
 897              	.LVL69:
 360:Middlewares/ST/STM32_WPAN/ble/svc/Src/p2p_stm.c ****     case P2P_DATA_CHAR_UUID:
 898              		.loc 1 360 7 is_stmt 1 view .LVU234
 899 0052 F4E7     		b	.L29
 900              	.LVL70:
 901              	.L27:
 362:Middlewares/ST/STM32_WPAN/ble/svc/Src/p2p_stm.c ****                              aPeerToPeerContext.P2PSendDataCharHdle,
 902              		.loc 1 362 6 view .LVU235
 362:Middlewares/ST/STM32_WPAN/ble/svc/Src/p2p_stm.c ****                              aPeerToPeerContext.P2PSendDataCharHdle,
 903              		.loc 1 362 15 is_stmt 0 view .LVU236
 904 0054 0C48     		ldr	r0, .L31+16
 905 0056 0095     		str	r5, [sp]
 906 0058 2023     		movs	r3, #32
 907 005a 0022     		movs	r2, #0
 908 005c C188     		ldrh	r1, [r0, #6]
 909 005e 0088     		ldrh	r0, [r0]
 910 0060 FFF7FEFF 		bl	aci_gatt_update_char_value
 911              	.LVL71:
 368:Middlewares/ST/STM32_WPAN/ble/svc/Src/p2p_stm.c ****     case P2P_WRITE_CHAR_UUID:
 912              		.loc 1 368 7 is_stmt 1 view .LVU237
 913 0064 EBE7     		b	.L29
 914              	.LVL72:
 915              	.L28:
 371:Middlewares/ST/STM32_WPAN/ble/svc/Src/p2p_stm.c ****                               aPeerToPeerContext.P2PWriteClientToServerCharHdle,
 916              		.loc 1 371 7 view .LVU238
 371:Middlewares/ST/STM32_WPAN/ble/svc/Src/p2p_stm.c ****                               aPeerToPeerContext.P2PWriteClientToServerCharHdle,
 917              		.loc 1 371 16 is_stmt 0 view .LVU239
 918 0066 0848     		ldr	r0, .L31+16
 919 0068 0095     		str	r5, [sp]
 920 006a 4023     		movs	r3, #64
 921 006c 0022     		movs	r2, #0
 922 006e 4188     		ldrh	r1, [r0, #2]
 923 0070 0088     		ldrh	r0, [r0]
 924 0072 FFF7FEFF 		bl	aci_gatt_update_char_value
 925              	.LVL73:
 376:Middlewares/ST/STM32_WPAN/ble/svc/Src/p2p_stm.c ****     default:
 926              		.loc 1 376 7 is_stmt 1 view .LVU240
 927 0076 E2E7     		b	.L29
 928              	.L32:
 929              		.align	2
 930              	.L31:
 931 0078 00000000 		.word	.LC0
 932 007c 00000000 		.word	.LANCHOR3
 933 0080 30000000 		.word	.LC1
 934 0084 00000000 		.word	.LC15
 935 0088 00000000 		.word	.LANCHOR1
 936              		.cfi_endproc
 937              	.LFE1263:
 939              		.section	.rodata.__FUNCTION__.17849,"a"
 940              		.align	2
ARM GAS  /var/folders/lt/l_qrc8c54t93n_phsj7cf5tc0000gn/T//ccK8ymdt.s 			page 27


 941              		.set	.LANCHOR0,. + 0
 944              	__FUNCTION__.17849:
 945 0000 50656572 		.ascii	"PeerToPeer_Event_Handler\000"
 945      546F5065 
 945      65725F45 
 945      76656E74 
 945      5F48616E 
 946              		.section	.rodata.__FUNCTION__.17858,"a"
 947              		.align	2
 948              		.set	.LANCHOR2,. + 0
 951              	__FUNCTION__.17858:
 952 0000 50325053 		.ascii	"P2PS_STM_Init\000"
 952      5F53544D 
 952      5F496E69 
 952      7400
 953              		.section	.rodata.__FUNCTION__.17863,"a"
 954              		.align	2
 955              		.set	.LANCHOR3,. + 0
 958              	__FUNCTION__.17863:
 959 0000 50325053 		.ascii	"P2PS_STM_App_Update_Char\000"
 959      5F53544D 
 959      5F417070 
 959      5F557064 
 959      6174655F 
 960              		.section	BLE_DRIVER_CONTEXT,"aw"
 961              		.align	2
 962              		.set	.LANCHOR1,. + 0
 965              	aPeerToPeerContext:
 966 0000 00000000 		.space	8
 966      00000000 
 967              		.text
 968              	.Letext0:
 969              		.file 2 "/usr/local/Cellar/arm-none-eabi-gcc/9-2019-q4-major/gcc/arm-none-eabi/include/machine/_de
 970              		.file 3 "/usr/local/Cellar/arm-none-eabi-gcc/9-2019-q4-major/gcc/arm-none-eabi/include/sys/_stdint
 971              		.file 4 "/usr/local/Cellar/arm-none-eabi-gcc/9-2019-q4-major/gcc/arm-none-eabi/include/sys/lock.h"
 972              		.file 5 "/usr/local/Cellar/arm-none-eabi-gcc/9-2019-q4-major/gcc/arm-none-eabi/include/sys/_types.
 973              		.file 6 "/usr/local/Cellar/arm-none-eabi-gcc/9-2019-q4-major/gcc/lib/gcc/arm-none-eabi/9.2.1/inclu
 974              		.file 7 "/usr/local/Cellar/arm-none-eabi-gcc/9-2019-q4-major/gcc/arm-none-eabi/include/sys/reent.h
 975              		.file 8 "/usr/local/Cellar/arm-none-eabi-gcc/9-2019-q4-major/gcc/arm-none-eabi/include/stdlib.h"
 976              		.file 9 "Drivers/CMSIS/Include/core_cm4.h"
 977              		.file 10 "Drivers/CMSIS/Device/ST/STM32WBxx/Include/system_stm32wbxx.h"
 978              		.file 11 "Drivers/STM32WBxx_HAL_Driver/Inc/stm32wbxx_hal_def.h"
 979              		.file 12 "Drivers/STM32WBxx_HAL_Driver/Inc/stm32wbxx_hal_flash.h"
 980              		.file 13 "Drivers/STM32WBxx_HAL_Driver/Inc/stm32wbxx_hal_uart.h"
 981              		.file 14 "Drivers/STM32WBxx_HAL_Driver/Inc/stm32wbxx_hal.h"
 982              		.file 15 "Core/Inc/app_conf.h"
 983              		.file 16 "Middlewares/ST/STM32_WPAN/ble/core/auto/ble_types.h"
 984              		.file 17 "Middlewares/ST/STM32_WPAN/ble/core/auto/ble_events.h"
 985              		.file 18 "Middlewares/ST/STM32_WPAN/ble/core/ble_legacy.h"
 986              		.file 19 "Middlewares/ST/STM32_WPAN/ble/svc/Inc/p2p_stm.h"
 987              		.file 20 "Middlewares/ST/STM32_WPAN/ble/svc/Inc/svc_ctl.h"
 988              		.file 21 "Middlewares/ST/STM32_WPAN/ble/svc/Src/common_blesvc.h"
 989              		.file 22 "Middlewares/ST/STM32_WPAN/utilities/dbg_trace.h"
 990              		.file 23 "/usr/local/Cellar/arm-none-eabi-gcc/9-2019-q4-major/gcc/arm-none-eabi/include/stdio.h"
 991              		.file 24 "Middlewares/ST/STM32_WPAN/ble/core/auto/ble_gatt_aci.h"
 992              		.file 25 "<built-in>"
ARM GAS  /var/folders/lt/l_qrc8c54t93n_phsj7cf5tc0000gn/T//ccK8ymdt.s 			page 28


DEFINED SYMBOLS
                            *ABS*:0000000000000000 p2p_stm.c
/var/folders/lt/l_qrc8c54t93n_phsj7cf5tc0000gn/T//ccK8ymdt.s:18     .rodata.PeerToPeer_Event_Handler.str1.4:0000000000000000 $d
/var/folders/lt/l_qrc8c54t93n_phsj7cf5tc0000gn/T//ccK8ymdt.s:55     .text.PeerToPeer_Event_Handler:0000000000000000 $t
/var/folders/lt/l_qrc8c54t93n_phsj7cf5tc0000gn/T//ccK8ymdt.s:62     .text.PeerToPeer_Event_Handler:0000000000000000 PeerToPeer_Event_Handler
/var/folders/lt/l_qrc8c54t93n_phsj7cf5tc0000gn/T//ccK8ymdt.s:443    .text.PeerToPeer_Event_Handler:00000000000001c8 $d
/var/folders/lt/l_qrc8c54t93n_phsj7cf5tc0000gn/T//ccK8ymdt.s:461    .rodata.P2PS_STM_Init.str1.4:0000000000000000 $d
/var/folders/lt/l_qrc8c54t93n_phsj7cf5tc0000gn/T//ccK8ymdt.s:471    .text.P2PS_STM_Init:0000000000000000 $t
/var/folders/lt/l_qrc8c54t93n_phsj7cf5tc0000gn/T//ccK8ymdt.s:478    .text.P2PS_STM_Init:0000000000000000 P2PS_STM_Init
/var/folders/lt/l_qrc8c54t93n_phsj7cf5tc0000gn/T//ccK8ymdt.s:799    .text.P2PS_STM_Init:0000000000000250 $d
/var/folders/lt/l_qrc8c54t93n_phsj7cf5tc0000gn/T//ccK8ymdt.s:811    .rodata.P2PS_STM_App_Update_Char.str1.4:0000000000000000 $d
/var/folders/lt/l_qrc8c54t93n_phsj7cf5tc0000gn/T//ccK8ymdt.s:815    .text.P2PS_STM_App_Update_Char:0000000000000000 $t
/var/folders/lt/l_qrc8c54t93n_phsj7cf5tc0000gn/T//ccK8ymdt.s:822    .text.P2PS_STM_App_Update_Char:0000000000000000 P2PS_STM_App_Update_Char
/var/folders/lt/l_qrc8c54t93n_phsj7cf5tc0000gn/T//ccK8ymdt.s:931    .text.P2PS_STM_App_Update_Char:0000000000000078 $d
/var/folders/lt/l_qrc8c54t93n_phsj7cf5tc0000gn/T//ccK8ymdt.s:940    .rodata.__FUNCTION__.17849:0000000000000000 $d
/var/folders/lt/l_qrc8c54t93n_phsj7cf5tc0000gn/T//ccK8ymdt.s:944    .rodata.__FUNCTION__.17849:0000000000000000 __FUNCTION__.17849
/var/folders/lt/l_qrc8c54t93n_phsj7cf5tc0000gn/T//ccK8ymdt.s:947    .rodata.__FUNCTION__.17858:0000000000000000 $d
/var/folders/lt/l_qrc8c54t93n_phsj7cf5tc0000gn/T//ccK8ymdt.s:951    .rodata.__FUNCTION__.17858:0000000000000000 __FUNCTION__.17858
/var/folders/lt/l_qrc8c54t93n_phsj7cf5tc0000gn/T//ccK8ymdt.s:954    .rodata.__FUNCTION__.17863:0000000000000000 $d
/var/folders/lt/l_qrc8c54t93n_phsj7cf5tc0000gn/T//ccK8ymdt.s:958    .rodata.__FUNCTION__.17863:0000000000000000 __FUNCTION__.17863
/var/folders/lt/l_qrc8c54t93n_phsj7cf5tc0000gn/T//ccK8ymdt.s:961    BLE_DRIVER_CONTEXT:0000000000000000 $d
/var/folders/lt/l_qrc8c54t93n_phsj7cf5tc0000gn/T//ccK8ymdt.s:965    BLE_DRIVER_CONTEXT:0000000000000000 aPeerToPeerContext

UNDEFINED SYMBOLS
DbgTraceGetFileName
printf
P2PS_STM_App_Notification
puts
SVCCTL_RegisterSvcHandler
aci_gatt_add_service
aci_gatt_add_char
aci_gatt_update_char_value
