ARM GAS  /var/folders/lt/l_qrc8c54t93n_phsj7cf5tc0000gn/T//ccJAo5Dn.s 			page 1


   1              		.cpu cortex-m4
   2              		.eabi_attribute 27, 1
   3              		.eabi_attribute 28, 1
   4              		.eabi_attribute 20, 1
   5              		.eabi_attribute 21, 1
   6              		.eabi_attribute 23, 3
   7              		.eabi_attribute 24, 1
   8              		.eabi_attribute 25, 1
   9              		.eabi_attribute 26, 1
  10              		.eabi_attribute 30, 1
  11              		.eabi_attribute 34, 1
  12              		.eabi_attribute 18, 4
  13              		.file	"stm32_lpm.c"
  14              		.text
  15              	.Ltext0:
  16              		.cfi_sections	.debug_frame
  17              		.section	.text.UTIL_LPM_Init,"ax",%progbits
  18              		.align	1
  19              		.global	UTIL_LPM_Init
  20              		.arch armv7e-m
  21              		.syntax unified
  22              		.thumb
  23              		.thumb_func
  24              		.fpu fpv4-sp-d16
  26              	UTIL_LPM_Init:
  27              	.LFB104:
  28              		.file 1 "Utilities/lpm/tiny_lpm/stm32_lpm.c"
   1:Utilities/lpm/tiny_lpm/stm32_lpm.c **** /**
   2:Utilities/lpm/tiny_lpm/stm32_lpm.c ****  ******************************************************************************
   3:Utilities/lpm/tiny_lpm/stm32_lpm.c ****  * @file    stm32_lpm.c
   4:Utilities/lpm/tiny_lpm/stm32_lpm.c ****  * @author  MCD Application Team
   5:Utilities/lpm/tiny_lpm/stm32_lpm.c ****  * @brief   Low Power Manager
   6:Utilities/lpm/tiny_lpm/stm32_lpm.c ****  ******************************************************************************
   7:Utilities/lpm/tiny_lpm/stm32_lpm.c ****  * @attention
   8:Utilities/lpm/tiny_lpm/stm32_lpm.c ****  *
   9:Utilities/lpm/tiny_lpm/stm32_lpm.c ****  * <h2><center>&copy; Copyright (c) 2019 STMicroelectronics. 
  10:Utilities/lpm/tiny_lpm/stm32_lpm.c ****  * All rights reserved.</center></h2>
  11:Utilities/lpm/tiny_lpm/stm32_lpm.c ****  *
  12:Utilities/lpm/tiny_lpm/stm32_lpm.c ****  * This software component is licensed by ST under BSD 3-Clause license,
  13:Utilities/lpm/tiny_lpm/stm32_lpm.c ****  * the "License"; You may not use this file except in compliance with the 
  14:Utilities/lpm/tiny_lpm/stm32_lpm.c ****  * License. You may obtain a copy of the License at:
  15:Utilities/lpm/tiny_lpm/stm32_lpm.c ****  *                        opensource.org/licenses/BSD-3-Clause
  16:Utilities/lpm/tiny_lpm/stm32_lpm.c ****  *
  17:Utilities/lpm/tiny_lpm/stm32_lpm.c ****  ******************************************************************************
  18:Utilities/lpm/tiny_lpm/stm32_lpm.c ****  */
  19:Utilities/lpm/tiny_lpm/stm32_lpm.c **** 
  20:Utilities/lpm/tiny_lpm/stm32_lpm.c **** /* Includes ------------------------------------------------------------------*/
  21:Utilities/lpm/tiny_lpm/stm32_lpm.c **** #include "stm32_lpm.h"
  22:Utilities/lpm/tiny_lpm/stm32_lpm.c **** #include "utilities_conf.h"
  23:Utilities/lpm/tiny_lpm/stm32_lpm.c **** 
  24:Utilities/lpm/tiny_lpm/stm32_lpm.c **** /** @addtogroup TINY_LPM
  25:Utilities/lpm/tiny_lpm/stm32_lpm.c ****   * @{
  26:Utilities/lpm/tiny_lpm/stm32_lpm.c ****   */
  27:Utilities/lpm/tiny_lpm/stm32_lpm.c **** 
  28:Utilities/lpm/tiny_lpm/stm32_lpm.c **** /* Private typedef -----------------------------------------------------------*/
  29:Utilities/lpm/tiny_lpm/stm32_lpm.c **** /* Private macros ------------------------------------------------------------*/
  30:Utilities/lpm/tiny_lpm/stm32_lpm.c **** /** @defgroup TINY_LPM_Private_macros TINY LPM private macros
ARM GAS  /var/folders/lt/l_qrc8c54t93n_phsj7cf5tc0000gn/T//ccJAo5Dn.s 			page 2


  31:Utilities/lpm/tiny_lpm/stm32_lpm.c ****   * @{
  32:Utilities/lpm/tiny_lpm/stm32_lpm.c ****   */
  33:Utilities/lpm/tiny_lpm/stm32_lpm.c **** 
  34:Utilities/lpm/tiny_lpm/stm32_lpm.c **** /**
  35:Utilities/lpm/tiny_lpm/stm32_lpm.c ****  * @brief macro used to initialized the critical section
  36:Utilities/lpm/tiny_lpm/stm32_lpm.c ****  */
  37:Utilities/lpm/tiny_lpm/stm32_lpm.c **** #ifndef UTIL_LPM_INIT_CRITICAL_SECTION
  38:Utilities/lpm/tiny_lpm/stm32_lpm.c ****   #define UTIL_LPM_INIT_CRITICAL_SECTION( )
  39:Utilities/lpm/tiny_lpm/stm32_lpm.c **** #endif
  40:Utilities/lpm/tiny_lpm/stm32_lpm.c **** 
  41:Utilities/lpm/tiny_lpm/stm32_lpm.c **** /**
  42:Utilities/lpm/tiny_lpm/stm32_lpm.c ****  * @brief macro used to enter the critical section
  43:Utilities/lpm/tiny_lpm/stm32_lpm.c ****  */
  44:Utilities/lpm/tiny_lpm/stm32_lpm.c **** #ifndef UTIL_LPM_ENTER_CRITICAL_SECTION
  45:Utilities/lpm/tiny_lpm/stm32_lpm.c ****   #define UTIL_LPM_ENTER_CRITICAL_SECTION( )    UTILS_ENTER_CRITICAL_SECTION( )
  46:Utilities/lpm/tiny_lpm/stm32_lpm.c **** #endif
  47:Utilities/lpm/tiny_lpm/stm32_lpm.c **** 
  48:Utilities/lpm/tiny_lpm/stm32_lpm.c **** /**
  49:Utilities/lpm/tiny_lpm/stm32_lpm.c ****  * @brief macro used to exit the critical section
  50:Utilities/lpm/tiny_lpm/stm32_lpm.c ****  */
  51:Utilities/lpm/tiny_lpm/stm32_lpm.c **** #ifndef UTIL_LPM_EXIT_CRITICAL_SECTION
  52:Utilities/lpm/tiny_lpm/stm32_lpm.c ****   #define UTIL_LPM_EXIT_CRITICAL_SECTION( )     UTILS_EXIT_CRITICAL_SECTION( )
  53:Utilities/lpm/tiny_lpm/stm32_lpm.c **** #endif
  54:Utilities/lpm/tiny_lpm/stm32_lpm.c **** 
  55:Utilities/lpm/tiny_lpm/stm32_lpm.c **** /**
  56:Utilities/lpm/tiny_lpm/stm32_lpm.c ****  * @brief macro used to enter the critical section when Entering Low Power 
  57:Utilities/lpm/tiny_lpm/stm32_lpm.c ****  * @note  this macro is only called inside the function UTIL_LPM_EnterLowPower
  58:Utilities/lpm/tiny_lpm/stm32_lpm.c ****  *        and in a basic configuration shall be identcal to the macro 
  59:Utilities/lpm/tiny_lpm/stm32_lpm.c ****  *        UTIL_LPM_EXIT_CRITICAL_SECTION. In general, the request to enter the
  60:Utilities/lpm/tiny_lpm/stm32_lpm.c ****  *        low power mode is already done under a critical section and 
  61:Utilities/lpm/tiny_lpm/stm32_lpm.c ****  *        nesting it is useless (in specific implementations not even possible). 
  62:Utilities/lpm/tiny_lpm/stm32_lpm.c ****  *        So the users could define their own macro)
  63:Utilities/lpm/tiny_lpm/stm32_lpm.c ****  */
  64:Utilities/lpm/tiny_lpm/stm32_lpm.c **** #ifndef UTIL_LPM_ENTER_CRITICAL_SECTION_ELP
  65:Utilities/lpm/tiny_lpm/stm32_lpm.c ****   #define UTIL_LPM_ENTER_CRITICAL_SECTION_ELP( )    UTIL_LPM_ENTER_CRITICAL_SECTION( )
  66:Utilities/lpm/tiny_lpm/stm32_lpm.c **** #endif
  67:Utilities/lpm/tiny_lpm/stm32_lpm.c **** 
  68:Utilities/lpm/tiny_lpm/stm32_lpm.c **** /**
  69:Utilities/lpm/tiny_lpm/stm32_lpm.c ****  * @brief macro used to exit the critical section when exting Low Power
  70:Utilities/lpm/tiny_lpm/stm32_lpm.c ****  * @note  the behavior of the macro shall be symmetrical with the macro 
  71:Utilities/lpm/tiny_lpm/stm32_lpm.c ****  *        UTIL_LPM_ENTER_CRITICAL_SECTION_ELP
  72:Utilities/lpm/tiny_lpm/stm32_lpm.c ****  */
  73:Utilities/lpm/tiny_lpm/stm32_lpm.c **** #ifndef UTIL_LPM_EXIT_CRITICAL_SECTION_ELP
  74:Utilities/lpm/tiny_lpm/stm32_lpm.c ****   #define UTIL_LPM_EXIT_CRITICAL_SECTION_ELP( )     UTIL_LPM_EXIT_CRITICAL_SECTION( )
  75:Utilities/lpm/tiny_lpm/stm32_lpm.c **** #endif
  76:Utilities/lpm/tiny_lpm/stm32_lpm.c **** 
  77:Utilities/lpm/tiny_lpm/stm32_lpm.c **** /**
  78:Utilities/lpm/tiny_lpm/stm32_lpm.c ****  * @}
  79:Utilities/lpm/tiny_lpm/stm32_lpm.c ****  */
  80:Utilities/lpm/tiny_lpm/stm32_lpm.c **** /* Private function prototypes -----------------------------------------------*/
  81:Utilities/lpm/tiny_lpm/stm32_lpm.c **** /* Private variables ---------------------------------------------------------*/
  82:Utilities/lpm/tiny_lpm/stm32_lpm.c **** /* Private typedef -----------------------------------------------------------*/
  83:Utilities/lpm/tiny_lpm/stm32_lpm.c **** /* Private defines -----------------------------------------------------------*/
  84:Utilities/lpm/tiny_lpm/stm32_lpm.c **** /** @defgroup TINY_LPM_Private_define TINY LPM private defines
  85:Utilities/lpm/tiny_lpm/stm32_lpm.c ****   * @{
  86:Utilities/lpm/tiny_lpm/stm32_lpm.c ****   */
  87:Utilities/lpm/tiny_lpm/stm32_lpm.c **** 
ARM GAS  /var/folders/lt/l_qrc8c54t93n_phsj7cf5tc0000gn/T//ccJAo5Dn.s 			page 3


  88:Utilities/lpm/tiny_lpm/stm32_lpm.c **** /**
  89:Utilities/lpm/tiny_lpm/stm32_lpm.c ****  * @brief value used to reset the LPM mode
  90:Utilities/lpm/tiny_lpm/stm32_lpm.c ****  */
  91:Utilities/lpm/tiny_lpm/stm32_lpm.c **** #define UTIL_LPM_NO_BIT_SET   (0UL)
  92:Utilities/lpm/tiny_lpm/stm32_lpm.c **** 
  93:Utilities/lpm/tiny_lpm/stm32_lpm.c **** /**
  94:Utilities/lpm/tiny_lpm/stm32_lpm.c ****  * @}
  95:Utilities/lpm/tiny_lpm/stm32_lpm.c ****  */
  96:Utilities/lpm/tiny_lpm/stm32_lpm.c **** /* Private macros ------------------------------------------------------------*/
  97:Utilities/lpm/tiny_lpm/stm32_lpm.c **** /* Private variables ---------------------------------------------------------*/
  98:Utilities/lpm/tiny_lpm/stm32_lpm.c **** /** @defgroup TINY_LPM_Private_variables TINY LPM private variables
  99:Utilities/lpm/tiny_lpm/stm32_lpm.c ****   * @{
 100:Utilities/lpm/tiny_lpm/stm32_lpm.c ****   */
 101:Utilities/lpm/tiny_lpm/stm32_lpm.c **** 
 102:Utilities/lpm/tiny_lpm/stm32_lpm.c **** /**
 103:Utilities/lpm/tiny_lpm/stm32_lpm.c ****  * @brief value used to represent the LPM state of stop mode
 104:Utilities/lpm/tiny_lpm/stm32_lpm.c ****  */
 105:Utilities/lpm/tiny_lpm/stm32_lpm.c **** static UTIL_LPM_bm_t StopModeDisable = UTIL_LPM_NO_BIT_SET;
 106:Utilities/lpm/tiny_lpm/stm32_lpm.c **** 
 107:Utilities/lpm/tiny_lpm/stm32_lpm.c **** /**
 108:Utilities/lpm/tiny_lpm/stm32_lpm.c ****  * @brief value used to represent the LPM state of off mode
 109:Utilities/lpm/tiny_lpm/stm32_lpm.c ****  */
 110:Utilities/lpm/tiny_lpm/stm32_lpm.c **** static UTIL_LPM_bm_t OffModeDisable = UTIL_LPM_NO_BIT_SET;
 111:Utilities/lpm/tiny_lpm/stm32_lpm.c **** 
 112:Utilities/lpm/tiny_lpm/stm32_lpm.c **** /**
 113:Utilities/lpm/tiny_lpm/stm32_lpm.c ****  * @}
 114:Utilities/lpm/tiny_lpm/stm32_lpm.c ****  */
 115:Utilities/lpm/tiny_lpm/stm32_lpm.c **** /* Global variables ----------------------------------------------------------*/
 116:Utilities/lpm/tiny_lpm/stm32_lpm.c **** /* Private function prototypes -----------------------------------------------*/
 117:Utilities/lpm/tiny_lpm/stm32_lpm.c **** /* Functions Definition ------------------------------------------------------*/
 118:Utilities/lpm/tiny_lpm/stm32_lpm.c **** 
 119:Utilities/lpm/tiny_lpm/stm32_lpm.c **** /** @addtogroup TINY_LPM_Exported_function
 120:Utilities/lpm/tiny_lpm/stm32_lpm.c ****   * @{
 121:Utilities/lpm/tiny_lpm/stm32_lpm.c ****   */
 122:Utilities/lpm/tiny_lpm/stm32_lpm.c **** void UTIL_LPM_Init( void )
 123:Utilities/lpm/tiny_lpm/stm32_lpm.c **** {
  29              		.loc 1 123 1 view -0
  30              		.cfi_startproc
  31              		@ args = 0, pretend = 0, frame = 0
  32              		@ frame_needed = 0, uses_anonymous_args = 0
  33              		@ link register save eliminated.
 124:Utilities/lpm/tiny_lpm/stm32_lpm.c ****   StopModeDisable = UTIL_LPM_NO_BIT_SET;
  34              		.loc 1 124 3 view .LVU1
  35              		.loc 1 124 19 is_stmt 0 view .LVU2
  36 0000 0023     		movs	r3, #0
  37 0002 024A     		ldr	r2, .L2
  38 0004 1360     		str	r3, [r2]
 125:Utilities/lpm/tiny_lpm/stm32_lpm.c ****   OffModeDisable = UTIL_LPM_NO_BIT_SET;
  39              		.loc 1 125 3 is_stmt 1 view .LVU3
  40              		.loc 1 125 18 is_stmt 0 view .LVU4
  41 0006 024A     		ldr	r2, .L2+4
  42 0008 1360     		str	r3, [r2]
 126:Utilities/lpm/tiny_lpm/stm32_lpm.c ****   UTIL_LPM_INIT_CRITICAL_SECTION( );
  43              		.loc 1 126 36 is_stmt 1 view .LVU5
 127:Utilities/lpm/tiny_lpm/stm32_lpm.c **** }
  44              		.loc 1 127 1 is_stmt 0 view .LVU6
  45 000a 7047     		bx	lr
ARM GAS  /var/folders/lt/l_qrc8c54t93n_phsj7cf5tc0000gn/T//ccJAo5Dn.s 			page 4


  46              	.L3:
  47              		.align	2
  48              	.L2:
  49 000c 00000000 		.word	.LANCHOR0
  50 0010 00000000 		.word	.LANCHOR1
  51              		.cfi_endproc
  52              	.LFE104:
  54              		.section	.text.UTIL_LPM_DeInit,"ax",%progbits
  55              		.align	1
  56              		.global	UTIL_LPM_DeInit
  57              		.syntax unified
  58              		.thumb
  59              		.thumb_func
  60              		.fpu fpv4-sp-d16
  62              	UTIL_LPM_DeInit:
  63              	.LFB105:
 128:Utilities/lpm/tiny_lpm/stm32_lpm.c **** 
 129:Utilities/lpm/tiny_lpm/stm32_lpm.c **** void UTIL_LPM_DeInit( void )
 130:Utilities/lpm/tiny_lpm/stm32_lpm.c **** {
  64              		.loc 1 130 1 is_stmt 1 view -0
  65              		.cfi_startproc
  66              		@ args = 0, pretend = 0, frame = 0
  67              		@ frame_needed = 0, uses_anonymous_args = 0
  68              		@ link register save eliminated.
 131:Utilities/lpm/tiny_lpm/stm32_lpm.c **** }
  69              		.loc 1 131 1 view .LVU8
  70 0000 7047     		bx	lr
  71              		.cfi_endproc
  72              	.LFE105:
  74              		.section	.text.UTIL_LPM_SetStopMode,"ax",%progbits
  75              		.align	1
  76              		.global	UTIL_LPM_SetStopMode
  77              		.syntax unified
  78              		.thumb
  79              		.thumb_func
  80              		.fpu fpv4-sp-d16
  82              	UTIL_LPM_SetStopMode:
  83              	.LVL0:
  84              	.LFB106:
 132:Utilities/lpm/tiny_lpm/stm32_lpm.c **** 
 133:Utilities/lpm/tiny_lpm/stm32_lpm.c **** void UTIL_LPM_SetStopMode( UTIL_LPM_bm_t lpm_id_bm, UTIL_LPM_State_t state )
 134:Utilities/lpm/tiny_lpm/stm32_lpm.c **** {
  85              		.loc 1 134 1 view -0
  86              		.cfi_startproc
  87              		@ args = 0, pretend = 0, frame = 0
  88              		@ frame_needed = 0, uses_anonymous_args = 0
  89              		@ link register save eliminated.
 135:Utilities/lpm/tiny_lpm/stm32_lpm.c ****   UTIL_LPM_ENTER_CRITICAL_SECTION( );
  90              		.loc 1 135 3 view .LVU10
  91              	.LBB26:
  92              	.LBI26:
  93              		.file 2 "Drivers/CMSIS/Include/cmsis_gcc.h"
   1:Drivers/CMSIS/Include/cmsis_gcc.h **** /**************************************************************************//**
   2:Drivers/CMSIS/Include/cmsis_gcc.h ****  * @file     cmsis_gcc.h
   3:Drivers/CMSIS/Include/cmsis_gcc.h ****  * @brief    CMSIS compiler GCC header file
   4:Drivers/CMSIS/Include/cmsis_gcc.h ****  * @version  V5.2.0
   5:Drivers/CMSIS/Include/cmsis_gcc.h ****  * @date     08. May 2019
ARM GAS  /var/folders/lt/l_qrc8c54t93n_phsj7cf5tc0000gn/T//ccJAo5Dn.s 			page 5


   6:Drivers/CMSIS/Include/cmsis_gcc.h ****  ******************************************************************************/
   7:Drivers/CMSIS/Include/cmsis_gcc.h **** /*
   8:Drivers/CMSIS/Include/cmsis_gcc.h ****  * Copyright (c) 2009-2019 Arm Limited. All rights reserved.
   9:Drivers/CMSIS/Include/cmsis_gcc.h ****  *
  10:Drivers/CMSIS/Include/cmsis_gcc.h ****  * SPDX-License-Identifier: Apache-2.0
  11:Drivers/CMSIS/Include/cmsis_gcc.h ****  *
  12:Drivers/CMSIS/Include/cmsis_gcc.h ****  * Licensed under the Apache License, Version 2.0 (the License); you may
  13:Drivers/CMSIS/Include/cmsis_gcc.h ****  * not use this file except in compliance with the License.
  14:Drivers/CMSIS/Include/cmsis_gcc.h ****  * You may obtain a copy of the License at
  15:Drivers/CMSIS/Include/cmsis_gcc.h ****  *
  16:Drivers/CMSIS/Include/cmsis_gcc.h ****  * www.apache.org/licenses/LICENSE-2.0
  17:Drivers/CMSIS/Include/cmsis_gcc.h ****  *
  18:Drivers/CMSIS/Include/cmsis_gcc.h ****  * Unless required by applicable law or agreed to in writing, software
  19:Drivers/CMSIS/Include/cmsis_gcc.h ****  * distributed under the License is distributed on an AS IS BASIS, WITHOUT
  20:Drivers/CMSIS/Include/cmsis_gcc.h ****  * WARRANTIES OR CONDITIONS OF ANY KIND, either express or implied.
  21:Drivers/CMSIS/Include/cmsis_gcc.h ****  * See the License for the specific language governing permissions and
  22:Drivers/CMSIS/Include/cmsis_gcc.h ****  * limitations under the License.
  23:Drivers/CMSIS/Include/cmsis_gcc.h ****  */
  24:Drivers/CMSIS/Include/cmsis_gcc.h **** 
  25:Drivers/CMSIS/Include/cmsis_gcc.h **** #ifndef __CMSIS_GCC_H
  26:Drivers/CMSIS/Include/cmsis_gcc.h **** #define __CMSIS_GCC_H
  27:Drivers/CMSIS/Include/cmsis_gcc.h **** 
  28:Drivers/CMSIS/Include/cmsis_gcc.h **** /* ignore some GCC warnings */
  29:Drivers/CMSIS/Include/cmsis_gcc.h **** #pragma GCC diagnostic push
  30:Drivers/CMSIS/Include/cmsis_gcc.h **** #pragma GCC diagnostic ignored "-Wsign-conversion"
  31:Drivers/CMSIS/Include/cmsis_gcc.h **** #pragma GCC diagnostic ignored "-Wconversion"
  32:Drivers/CMSIS/Include/cmsis_gcc.h **** #pragma GCC diagnostic ignored "-Wunused-parameter"
  33:Drivers/CMSIS/Include/cmsis_gcc.h **** 
  34:Drivers/CMSIS/Include/cmsis_gcc.h **** /* Fallback for __has_builtin */
  35:Drivers/CMSIS/Include/cmsis_gcc.h **** #ifndef __has_builtin
  36:Drivers/CMSIS/Include/cmsis_gcc.h ****   #define __has_builtin(x) (0)
  37:Drivers/CMSIS/Include/cmsis_gcc.h **** #endif
  38:Drivers/CMSIS/Include/cmsis_gcc.h **** 
  39:Drivers/CMSIS/Include/cmsis_gcc.h **** /* CMSIS compiler specific defines */
  40:Drivers/CMSIS/Include/cmsis_gcc.h **** #ifndef   __ASM
  41:Drivers/CMSIS/Include/cmsis_gcc.h ****   #define __ASM                                  __asm
  42:Drivers/CMSIS/Include/cmsis_gcc.h **** #endif
  43:Drivers/CMSIS/Include/cmsis_gcc.h **** #ifndef   __INLINE
  44:Drivers/CMSIS/Include/cmsis_gcc.h ****   #define __INLINE                               inline
  45:Drivers/CMSIS/Include/cmsis_gcc.h **** #endif
  46:Drivers/CMSIS/Include/cmsis_gcc.h **** #ifndef   __STATIC_INLINE
  47:Drivers/CMSIS/Include/cmsis_gcc.h ****   #define __STATIC_INLINE                        static inline
  48:Drivers/CMSIS/Include/cmsis_gcc.h **** #endif
  49:Drivers/CMSIS/Include/cmsis_gcc.h **** #ifndef   __STATIC_FORCEINLINE                 
  50:Drivers/CMSIS/Include/cmsis_gcc.h ****   #define __STATIC_FORCEINLINE                   __attribute__((always_inline)) static inline
  51:Drivers/CMSIS/Include/cmsis_gcc.h **** #endif                                           
  52:Drivers/CMSIS/Include/cmsis_gcc.h **** #ifndef   __NO_RETURN
  53:Drivers/CMSIS/Include/cmsis_gcc.h ****   #define __NO_RETURN                            __attribute__((__noreturn__))
  54:Drivers/CMSIS/Include/cmsis_gcc.h **** #endif
  55:Drivers/CMSIS/Include/cmsis_gcc.h **** #ifndef   __USED
  56:Drivers/CMSIS/Include/cmsis_gcc.h ****   #define __USED                                 __attribute__((used))
  57:Drivers/CMSIS/Include/cmsis_gcc.h **** #endif
  58:Drivers/CMSIS/Include/cmsis_gcc.h **** #ifndef   __WEAK
  59:Drivers/CMSIS/Include/cmsis_gcc.h ****   #define __WEAK                                 __attribute__((weak))
  60:Drivers/CMSIS/Include/cmsis_gcc.h **** #endif
  61:Drivers/CMSIS/Include/cmsis_gcc.h **** #ifndef   __PACKED
  62:Drivers/CMSIS/Include/cmsis_gcc.h ****   #define __PACKED                               __attribute__((packed, aligned(1)))
ARM GAS  /var/folders/lt/l_qrc8c54t93n_phsj7cf5tc0000gn/T//ccJAo5Dn.s 			page 6


  63:Drivers/CMSIS/Include/cmsis_gcc.h **** #endif
  64:Drivers/CMSIS/Include/cmsis_gcc.h **** #ifndef   __PACKED_STRUCT
  65:Drivers/CMSIS/Include/cmsis_gcc.h ****   #define __PACKED_STRUCT                        struct __attribute__((packed, aligned(1)))
  66:Drivers/CMSIS/Include/cmsis_gcc.h **** #endif
  67:Drivers/CMSIS/Include/cmsis_gcc.h **** #ifndef   __PACKED_UNION
  68:Drivers/CMSIS/Include/cmsis_gcc.h ****   #define __PACKED_UNION                         union __attribute__((packed, aligned(1)))
  69:Drivers/CMSIS/Include/cmsis_gcc.h **** #endif
  70:Drivers/CMSIS/Include/cmsis_gcc.h **** #ifndef   __UNALIGNED_UINT32        /* deprecated */
  71:Drivers/CMSIS/Include/cmsis_gcc.h ****   #pragma GCC diagnostic push
  72:Drivers/CMSIS/Include/cmsis_gcc.h ****   #pragma GCC diagnostic ignored "-Wpacked"
  73:Drivers/CMSIS/Include/cmsis_gcc.h ****   #pragma GCC diagnostic ignored "-Wattributes"
  74:Drivers/CMSIS/Include/cmsis_gcc.h ****   struct __attribute__((packed)) T_UINT32 { uint32_t v; };
  75:Drivers/CMSIS/Include/cmsis_gcc.h ****   #pragma GCC diagnostic pop
  76:Drivers/CMSIS/Include/cmsis_gcc.h ****   #define __UNALIGNED_UINT32(x)                  (((struct T_UINT32 *)(x))->v)
  77:Drivers/CMSIS/Include/cmsis_gcc.h **** #endif
  78:Drivers/CMSIS/Include/cmsis_gcc.h **** #ifndef   __UNALIGNED_UINT16_WRITE
  79:Drivers/CMSIS/Include/cmsis_gcc.h ****   #pragma GCC diagnostic push
  80:Drivers/CMSIS/Include/cmsis_gcc.h ****   #pragma GCC diagnostic ignored "-Wpacked"
  81:Drivers/CMSIS/Include/cmsis_gcc.h ****   #pragma GCC diagnostic ignored "-Wattributes"
  82:Drivers/CMSIS/Include/cmsis_gcc.h ****   __PACKED_STRUCT T_UINT16_WRITE { uint16_t v; };
  83:Drivers/CMSIS/Include/cmsis_gcc.h ****   #pragma GCC diagnostic pop
  84:Drivers/CMSIS/Include/cmsis_gcc.h ****   #define __UNALIGNED_UINT16_WRITE(addr, val)    (void)((((struct T_UINT16_WRITE *)(void *)(addr))-
  85:Drivers/CMSIS/Include/cmsis_gcc.h **** #endif
  86:Drivers/CMSIS/Include/cmsis_gcc.h **** #ifndef   __UNALIGNED_UINT16_READ
  87:Drivers/CMSIS/Include/cmsis_gcc.h ****   #pragma GCC diagnostic push
  88:Drivers/CMSIS/Include/cmsis_gcc.h ****   #pragma GCC diagnostic ignored "-Wpacked"
  89:Drivers/CMSIS/Include/cmsis_gcc.h ****   #pragma GCC diagnostic ignored "-Wattributes"
  90:Drivers/CMSIS/Include/cmsis_gcc.h ****   __PACKED_STRUCT T_UINT16_READ { uint16_t v; };
  91:Drivers/CMSIS/Include/cmsis_gcc.h ****   #pragma GCC diagnostic pop
  92:Drivers/CMSIS/Include/cmsis_gcc.h ****   #define __UNALIGNED_UINT16_READ(addr)          (((const struct T_UINT16_READ *)(const void *)(add
  93:Drivers/CMSIS/Include/cmsis_gcc.h **** #endif
  94:Drivers/CMSIS/Include/cmsis_gcc.h **** #ifndef   __UNALIGNED_UINT32_WRITE
  95:Drivers/CMSIS/Include/cmsis_gcc.h ****   #pragma GCC diagnostic push
  96:Drivers/CMSIS/Include/cmsis_gcc.h ****   #pragma GCC diagnostic ignored "-Wpacked"
  97:Drivers/CMSIS/Include/cmsis_gcc.h ****   #pragma GCC diagnostic ignored "-Wattributes"
  98:Drivers/CMSIS/Include/cmsis_gcc.h ****   __PACKED_STRUCT T_UINT32_WRITE { uint32_t v; };
  99:Drivers/CMSIS/Include/cmsis_gcc.h ****   #pragma GCC diagnostic pop
 100:Drivers/CMSIS/Include/cmsis_gcc.h ****   #define __UNALIGNED_UINT32_WRITE(addr, val)    (void)((((struct T_UINT32_WRITE *)(void *)(addr))-
 101:Drivers/CMSIS/Include/cmsis_gcc.h **** #endif
 102:Drivers/CMSIS/Include/cmsis_gcc.h **** #ifndef   __UNALIGNED_UINT32_READ
 103:Drivers/CMSIS/Include/cmsis_gcc.h ****   #pragma GCC diagnostic push
 104:Drivers/CMSIS/Include/cmsis_gcc.h ****   #pragma GCC diagnostic ignored "-Wpacked"
 105:Drivers/CMSIS/Include/cmsis_gcc.h ****   #pragma GCC diagnostic ignored "-Wattributes"
 106:Drivers/CMSIS/Include/cmsis_gcc.h ****   __PACKED_STRUCT T_UINT32_READ { uint32_t v; };
 107:Drivers/CMSIS/Include/cmsis_gcc.h ****   #pragma GCC diagnostic pop
 108:Drivers/CMSIS/Include/cmsis_gcc.h ****   #define __UNALIGNED_UINT32_READ(addr)          (((const struct T_UINT32_READ *)(const void *)(add
 109:Drivers/CMSIS/Include/cmsis_gcc.h **** #endif
 110:Drivers/CMSIS/Include/cmsis_gcc.h **** #ifndef   __ALIGNED
 111:Drivers/CMSIS/Include/cmsis_gcc.h ****   #define __ALIGNED(x)                           __attribute__((aligned(x)))
 112:Drivers/CMSIS/Include/cmsis_gcc.h **** #endif
 113:Drivers/CMSIS/Include/cmsis_gcc.h **** #ifndef   __RESTRICT
 114:Drivers/CMSIS/Include/cmsis_gcc.h ****   #define __RESTRICT                             __restrict
 115:Drivers/CMSIS/Include/cmsis_gcc.h **** #endif
 116:Drivers/CMSIS/Include/cmsis_gcc.h **** #ifndef   __COMPILER_BARRIER
 117:Drivers/CMSIS/Include/cmsis_gcc.h ****   #define __COMPILER_BARRIER()                   __ASM volatile("":::"memory")
 118:Drivers/CMSIS/Include/cmsis_gcc.h **** #endif
 119:Drivers/CMSIS/Include/cmsis_gcc.h **** 
ARM GAS  /var/folders/lt/l_qrc8c54t93n_phsj7cf5tc0000gn/T//ccJAo5Dn.s 			page 7


 120:Drivers/CMSIS/Include/cmsis_gcc.h **** /* #########################  Startup and Lowlevel Init  ######################## */
 121:Drivers/CMSIS/Include/cmsis_gcc.h **** 
 122:Drivers/CMSIS/Include/cmsis_gcc.h **** #ifndef __PROGRAM_START
 123:Drivers/CMSIS/Include/cmsis_gcc.h **** 
 124:Drivers/CMSIS/Include/cmsis_gcc.h **** /**
 125:Drivers/CMSIS/Include/cmsis_gcc.h ****   \brief   Initializes data and bss sections
 126:Drivers/CMSIS/Include/cmsis_gcc.h ****   \details This default implementations initialized all data and additional bss
 127:Drivers/CMSIS/Include/cmsis_gcc.h ****            sections relying on .copy.table and .zero.table specified properly
 128:Drivers/CMSIS/Include/cmsis_gcc.h ****            in the used linker script.
 129:Drivers/CMSIS/Include/cmsis_gcc.h ****   
 130:Drivers/CMSIS/Include/cmsis_gcc.h ****  */
 131:Drivers/CMSIS/Include/cmsis_gcc.h **** __STATIC_FORCEINLINE __NO_RETURN void __cmsis_start(void)
 132:Drivers/CMSIS/Include/cmsis_gcc.h **** {
 133:Drivers/CMSIS/Include/cmsis_gcc.h ****   extern void _start(void) __NO_RETURN;
 134:Drivers/CMSIS/Include/cmsis_gcc.h ****   
 135:Drivers/CMSIS/Include/cmsis_gcc.h ****   typedef struct {
 136:Drivers/CMSIS/Include/cmsis_gcc.h ****     uint32_t const* src;
 137:Drivers/CMSIS/Include/cmsis_gcc.h ****     uint32_t* dest;
 138:Drivers/CMSIS/Include/cmsis_gcc.h ****     uint32_t  wlen;
 139:Drivers/CMSIS/Include/cmsis_gcc.h ****   } __copy_table_t;
 140:Drivers/CMSIS/Include/cmsis_gcc.h ****   
 141:Drivers/CMSIS/Include/cmsis_gcc.h ****   typedef struct {
 142:Drivers/CMSIS/Include/cmsis_gcc.h ****     uint32_t* dest;
 143:Drivers/CMSIS/Include/cmsis_gcc.h ****     uint32_t  wlen;
 144:Drivers/CMSIS/Include/cmsis_gcc.h ****   } __zero_table_t;
 145:Drivers/CMSIS/Include/cmsis_gcc.h ****   
 146:Drivers/CMSIS/Include/cmsis_gcc.h ****   extern const __copy_table_t __copy_table_start__;
 147:Drivers/CMSIS/Include/cmsis_gcc.h ****   extern const __copy_table_t __copy_table_end__;
 148:Drivers/CMSIS/Include/cmsis_gcc.h ****   extern const __zero_table_t __zero_table_start__;
 149:Drivers/CMSIS/Include/cmsis_gcc.h ****   extern const __zero_table_t __zero_table_end__;
 150:Drivers/CMSIS/Include/cmsis_gcc.h **** 
 151:Drivers/CMSIS/Include/cmsis_gcc.h ****   for (__copy_table_t const* pTable = &__copy_table_start__; pTable < &__copy_table_end__; ++pTable
 152:Drivers/CMSIS/Include/cmsis_gcc.h ****     for(uint32_t i=0u; i<pTable->wlen; ++i) {
 153:Drivers/CMSIS/Include/cmsis_gcc.h ****       pTable->dest[i] = pTable->src[i];
 154:Drivers/CMSIS/Include/cmsis_gcc.h ****     }
 155:Drivers/CMSIS/Include/cmsis_gcc.h ****   }
 156:Drivers/CMSIS/Include/cmsis_gcc.h ****  
 157:Drivers/CMSIS/Include/cmsis_gcc.h ****   for (__zero_table_t const* pTable = &__zero_table_start__; pTable < &__zero_table_end__; ++pTable
 158:Drivers/CMSIS/Include/cmsis_gcc.h ****     for(uint32_t i=0u; i<pTable->wlen; ++i) {
 159:Drivers/CMSIS/Include/cmsis_gcc.h ****       pTable->dest[i] = 0u;
 160:Drivers/CMSIS/Include/cmsis_gcc.h ****     }
 161:Drivers/CMSIS/Include/cmsis_gcc.h ****   }
 162:Drivers/CMSIS/Include/cmsis_gcc.h ****  
 163:Drivers/CMSIS/Include/cmsis_gcc.h ****   _start();
 164:Drivers/CMSIS/Include/cmsis_gcc.h **** }
 165:Drivers/CMSIS/Include/cmsis_gcc.h ****   
 166:Drivers/CMSIS/Include/cmsis_gcc.h **** #define __PROGRAM_START           __cmsis_start
 167:Drivers/CMSIS/Include/cmsis_gcc.h **** #endif
 168:Drivers/CMSIS/Include/cmsis_gcc.h **** 
 169:Drivers/CMSIS/Include/cmsis_gcc.h **** #ifndef __INITIAL_SP
 170:Drivers/CMSIS/Include/cmsis_gcc.h **** #define __INITIAL_SP              __StackTop
 171:Drivers/CMSIS/Include/cmsis_gcc.h **** #endif
 172:Drivers/CMSIS/Include/cmsis_gcc.h **** 
 173:Drivers/CMSIS/Include/cmsis_gcc.h **** #ifndef __STACK_LIMIT
 174:Drivers/CMSIS/Include/cmsis_gcc.h **** #define __STACK_LIMIT             __StackLimit
 175:Drivers/CMSIS/Include/cmsis_gcc.h **** #endif
 176:Drivers/CMSIS/Include/cmsis_gcc.h **** 
ARM GAS  /var/folders/lt/l_qrc8c54t93n_phsj7cf5tc0000gn/T//ccJAo5Dn.s 			page 8


 177:Drivers/CMSIS/Include/cmsis_gcc.h **** #ifndef __VECTOR_TABLE
 178:Drivers/CMSIS/Include/cmsis_gcc.h **** #define __VECTOR_TABLE            __Vectors
 179:Drivers/CMSIS/Include/cmsis_gcc.h **** #endif
 180:Drivers/CMSIS/Include/cmsis_gcc.h **** 
 181:Drivers/CMSIS/Include/cmsis_gcc.h **** #ifndef __VECTOR_TABLE_ATTRIBUTE
 182:Drivers/CMSIS/Include/cmsis_gcc.h **** #define __VECTOR_TABLE_ATTRIBUTE  __attribute((used, section(".vectors")))
 183:Drivers/CMSIS/Include/cmsis_gcc.h **** #endif
 184:Drivers/CMSIS/Include/cmsis_gcc.h **** 
 185:Drivers/CMSIS/Include/cmsis_gcc.h **** /* ###########################  Core Function Access  ########################### */
 186:Drivers/CMSIS/Include/cmsis_gcc.h **** /** \ingroup  CMSIS_Core_FunctionInterface
 187:Drivers/CMSIS/Include/cmsis_gcc.h ****     \defgroup CMSIS_Core_RegAccFunctions CMSIS Core Register Access Functions
 188:Drivers/CMSIS/Include/cmsis_gcc.h ****   @{
 189:Drivers/CMSIS/Include/cmsis_gcc.h ****  */
 190:Drivers/CMSIS/Include/cmsis_gcc.h **** 
 191:Drivers/CMSIS/Include/cmsis_gcc.h **** /**
 192:Drivers/CMSIS/Include/cmsis_gcc.h ****   \brief   Enable IRQ Interrupts
 193:Drivers/CMSIS/Include/cmsis_gcc.h ****   \details Enables IRQ interrupts by clearing the I-bit in the CPSR.
 194:Drivers/CMSIS/Include/cmsis_gcc.h ****            Can only be executed in Privileged modes.
 195:Drivers/CMSIS/Include/cmsis_gcc.h ****  */
 196:Drivers/CMSIS/Include/cmsis_gcc.h **** __STATIC_FORCEINLINE void __enable_irq(void)
 197:Drivers/CMSIS/Include/cmsis_gcc.h **** {
 198:Drivers/CMSIS/Include/cmsis_gcc.h ****   __ASM volatile ("cpsie i" : : : "memory");
 199:Drivers/CMSIS/Include/cmsis_gcc.h **** }
 200:Drivers/CMSIS/Include/cmsis_gcc.h **** 
 201:Drivers/CMSIS/Include/cmsis_gcc.h **** 
 202:Drivers/CMSIS/Include/cmsis_gcc.h **** /**
 203:Drivers/CMSIS/Include/cmsis_gcc.h ****   \brief   Disable IRQ Interrupts
 204:Drivers/CMSIS/Include/cmsis_gcc.h ****   \details Disables IRQ interrupts by setting the I-bit in the CPSR.
 205:Drivers/CMSIS/Include/cmsis_gcc.h ****            Can only be executed in Privileged modes.
 206:Drivers/CMSIS/Include/cmsis_gcc.h ****  */
 207:Drivers/CMSIS/Include/cmsis_gcc.h **** __STATIC_FORCEINLINE void __disable_irq(void)
 208:Drivers/CMSIS/Include/cmsis_gcc.h **** {
 209:Drivers/CMSIS/Include/cmsis_gcc.h ****   __ASM volatile ("cpsid i" : : : "memory");
 210:Drivers/CMSIS/Include/cmsis_gcc.h **** }
 211:Drivers/CMSIS/Include/cmsis_gcc.h **** 
 212:Drivers/CMSIS/Include/cmsis_gcc.h **** 
 213:Drivers/CMSIS/Include/cmsis_gcc.h **** /**
 214:Drivers/CMSIS/Include/cmsis_gcc.h ****   \brief   Get Control Register
 215:Drivers/CMSIS/Include/cmsis_gcc.h ****   \details Returns the content of the Control Register.
 216:Drivers/CMSIS/Include/cmsis_gcc.h ****   \return               Control Register value
 217:Drivers/CMSIS/Include/cmsis_gcc.h ****  */
 218:Drivers/CMSIS/Include/cmsis_gcc.h **** __STATIC_FORCEINLINE uint32_t __get_CONTROL(void)
 219:Drivers/CMSIS/Include/cmsis_gcc.h **** {
 220:Drivers/CMSIS/Include/cmsis_gcc.h ****   uint32_t result;
 221:Drivers/CMSIS/Include/cmsis_gcc.h **** 
 222:Drivers/CMSIS/Include/cmsis_gcc.h ****   __ASM volatile ("MRS %0, control" : "=r" (result) );
 223:Drivers/CMSIS/Include/cmsis_gcc.h ****   return(result);
 224:Drivers/CMSIS/Include/cmsis_gcc.h **** }
 225:Drivers/CMSIS/Include/cmsis_gcc.h **** 
 226:Drivers/CMSIS/Include/cmsis_gcc.h **** 
 227:Drivers/CMSIS/Include/cmsis_gcc.h **** #if (defined (__ARM_FEATURE_CMSE ) && (__ARM_FEATURE_CMSE == 3))
 228:Drivers/CMSIS/Include/cmsis_gcc.h **** /**
 229:Drivers/CMSIS/Include/cmsis_gcc.h ****   \brief   Get Control Register (non-secure)
 230:Drivers/CMSIS/Include/cmsis_gcc.h ****   \details Returns the content of the non-secure Control Register when in secure mode.
 231:Drivers/CMSIS/Include/cmsis_gcc.h ****   \return               non-secure Control Register value
 232:Drivers/CMSIS/Include/cmsis_gcc.h ****  */
 233:Drivers/CMSIS/Include/cmsis_gcc.h **** __STATIC_FORCEINLINE uint32_t __TZ_get_CONTROL_NS(void)
ARM GAS  /var/folders/lt/l_qrc8c54t93n_phsj7cf5tc0000gn/T//ccJAo5Dn.s 			page 9


 234:Drivers/CMSIS/Include/cmsis_gcc.h **** {
 235:Drivers/CMSIS/Include/cmsis_gcc.h ****   uint32_t result;
 236:Drivers/CMSIS/Include/cmsis_gcc.h **** 
 237:Drivers/CMSIS/Include/cmsis_gcc.h ****   __ASM volatile ("MRS %0, control_ns" : "=r" (result) );
 238:Drivers/CMSIS/Include/cmsis_gcc.h ****   return(result);
 239:Drivers/CMSIS/Include/cmsis_gcc.h **** }
 240:Drivers/CMSIS/Include/cmsis_gcc.h **** #endif
 241:Drivers/CMSIS/Include/cmsis_gcc.h **** 
 242:Drivers/CMSIS/Include/cmsis_gcc.h **** 
 243:Drivers/CMSIS/Include/cmsis_gcc.h **** /**
 244:Drivers/CMSIS/Include/cmsis_gcc.h ****   \brief   Set Control Register
 245:Drivers/CMSIS/Include/cmsis_gcc.h ****   \details Writes the given value to the Control Register.
 246:Drivers/CMSIS/Include/cmsis_gcc.h ****   \param [in]    control  Control Register value to set
 247:Drivers/CMSIS/Include/cmsis_gcc.h ****  */
 248:Drivers/CMSIS/Include/cmsis_gcc.h **** __STATIC_FORCEINLINE void __set_CONTROL(uint32_t control)
 249:Drivers/CMSIS/Include/cmsis_gcc.h **** {
 250:Drivers/CMSIS/Include/cmsis_gcc.h ****   __ASM volatile ("MSR control, %0" : : "r" (control) : "memory");
 251:Drivers/CMSIS/Include/cmsis_gcc.h **** }
 252:Drivers/CMSIS/Include/cmsis_gcc.h **** 
 253:Drivers/CMSIS/Include/cmsis_gcc.h **** 
 254:Drivers/CMSIS/Include/cmsis_gcc.h **** #if (defined (__ARM_FEATURE_CMSE ) && (__ARM_FEATURE_CMSE == 3))
 255:Drivers/CMSIS/Include/cmsis_gcc.h **** /**
 256:Drivers/CMSIS/Include/cmsis_gcc.h ****   \brief   Set Control Register (non-secure)
 257:Drivers/CMSIS/Include/cmsis_gcc.h ****   \details Writes the given value to the non-secure Control Register when in secure state.
 258:Drivers/CMSIS/Include/cmsis_gcc.h ****   \param [in]    control  Control Register value to set
 259:Drivers/CMSIS/Include/cmsis_gcc.h ****  */
 260:Drivers/CMSIS/Include/cmsis_gcc.h **** __STATIC_FORCEINLINE void __TZ_set_CONTROL_NS(uint32_t control)
 261:Drivers/CMSIS/Include/cmsis_gcc.h **** {
 262:Drivers/CMSIS/Include/cmsis_gcc.h ****   __ASM volatile ("MSR control_ns, %0" : : "r" (control) : "memory");
 263:Drivers/CMSIS/Include/cmsis_gcc.h **** }
 264:Drivers/CMSIS/Include/cmsis_gcc.h **** #endif
 265:Drivers/CMSIS/Include/cmsis_gcc.h **** 
 266:Drivers/CMSIS/Include/cmsis_gcc.h **** 
 267:Drivers/CMSIS/Include/cmsis_gcc.h **** /**
 268:Drivers/CMSIS/Include/cmsis_gcc.h ****   \brief   Get IPSR Register
 269:Drivers/CMSIS/Include/cmsis_gcc.h ****   \details Returns the content of the IPSR Register.
 270:Drivers/CMSIS/Include/cmsis_gcc.h ****   \return               IPSR Register value
 271:Drivers/CMSIS/Include/cmsis_gcc.h ****  */
 272:Drivers/CMSIS/Include/cmsis_gcc.h **** __STATIC_FORCEINLINE uint32_t __get_IPSR(void)
 273:Drivers/CMSIS/Include/cmsis_gcc.h **** {
 274:Drivers/CMSIS/Include/cmsis_gcc.h ****   uint32_t result;
 275:Drivers/CMSIS/Include/cmsis_gcc.h **** 
 276:Drivers/CMSIS/Include/cmsis_gcc.h ****   __ASM volatile ("MRS %0, ipsr" : "=r" (result) );
 277:Drivers/CMSIS/Include/cmsis_gcc.h ****   return(result);
 278:Drivers/CMSIS/Include/cmsis_gcc.h **** }
 279:Drivers/CMSIS/Include/cmsis_gcc.h **** 
 280:Drivers/CMSIS/Include/cmsis_gcc.h **** 
 281:Drivers/CMSIS/Include/cmsis_gcc.h **** /**
 282:Drivers/CMSIS/Include/cmsis_gcc.h ****   \brief   Get APSR Register
 283:Drivers/CMSIS/Include/cmsis_gcc.h ****   \details Returns the content of the APSR Register.
 284:Drivers/CMSIS/Include/cmsis_gcc.h ****   \return               APSR Register value
 285:Drivers/CMSIS/Include/cmsis_gcc.h ****  */
 286:Drivers/CMSIS/Include/cmsis_gcc.h **** __STATIC_FORCEINLINE uint32_t __get_APSR(void)
 287:Drivers/CMSIS/Include/cmsis_gcc.h **** {
 288:Drivers/CMSIS/Include/cmsis_gcc.h ****   uint32_t result;
 289:Drivers/CMSIS/Include/cmsis_gcc.h **** 
 290:Drivers/CMSIS/Include/cmsis_gcc.h ****   __ASM volatile ("MRS %0, apsr" : "=r" (result) );
ARM GAS  /var/folders/lt/l_qrc8c54t93n_phsj7cf5tc0000gn/T//ccJAo5Dn.s 			page 10


 291:Drivers/CMSIS/Include/cmsis_gcc.h ****   return(result);
 292:Drivers/CMSIS/Include/cmsis_gcc.h **** }
 293:Drivers/CMSIS/Include/cmsis_gcc.h **** 
 294:Drivers/CMSIS/Include/cmsis_gcc.h **** 
 295:Drivers/CMSIS/Include/cmsis_gcc.h **** /**
 296:Drivers/CMSIS/Include/cmsis_gcc.h ****   \brief   Get xPSR Register
 297:Drivers/CMSIS/Include/cmsis_gcc.h ****   \details Returns the content of the xPSR Register.
 298:Drivers/CMSIS/Include/cmsis_gcc.h ****   \return               xPSR Register value
 299:Drivers/CMSIS/Include/cmsis_gcc.h ****  */
 300:Drivers/CMSIS/Include/cmsis_gcc.h **** __STATIC_FORCEINLINE uint32_t __get_xPSR(void)
 301:Drivers/CMSIS/Include/cmsis_gcc.h **** {
 302:Drivers/CMSIS/Include/cmsis_gcc.h ****   uint32_t result;
 303:Drivers/CMSIS/Include/cmsis_gcc.h **** 
 304:Drivers/CMSIS/Include/cmsis_gcc.h ****   __ASM volatile ("MRS %0, xpsr" : "=r" (result) );
 305:Drivers/CMSIS/Include/cmsis_gcc.h ****   return(result);
 306:Drivers/CMSIS/Include/cmsis_gcc.h **** }
 307:Drivers/CMSIS/Include/cmsis_gcc.h **** 
 308:Drivers/CMSIS/Include/cmsis_gcc.h **** 
 309:Drivers/CMSIS/Include/cmsis_gcc.h **** /**
 310:Drivers/CMSIS/Include/cmsis_gcc.h ****   \brief   Get Process Stack Pointer
 311:Drivers/CMSIS/Include/cmsis_gcc.h ****   \details Returns the current value of the Process Stack Pointer (PSP).
 312:Drivers/CMSIS/Include/cmsis_gcc.h ****   \return               PSP Register value
 313:Drivers/CMSIS/Include/cmsis_gcc.h ****  */
 314:Drivers/CMSIS/Include/cmsis_gcc.h **** __STATIC_FORCEINLINE uint32_t __get_PSP(void)
 315:Drivers/CMSIS/Include/cmsis_gcc.h **** {
 316:Drivers/CMSIS/Include/cmsis_gcc.h ****   uint32_t result;
 317:Drivers/CMSIS/Include/cmsis_gcc.h **** 
 318:Drivers/CMSIS/Include/cmsis_gcc.h ****   __ASM volatile ("MRS %0, psp"  : "=r" (result) );
 319:Drivers/CMSIS/Include/cmsis_gcc.h ****   return(result);
 320:Drivers/CMSIS/Include/cmsis_gcc.h **** }
 321:Drivers/CMSIS/Include/cmsis_gcc.h **** 
 322:Drivers/CMSIS/Include/cmsis_gcc.h **** 
 323:Drivers/CMSIS/Include/cmsis_gcc.h **** #if (defined (__ARM_FEATURE_CMSE ) && (__ARM_FEATURE_CMSE == 3))
 324:Drivers/CMSIS/Include/cmsis_gcc.h **** /**
 325:Drivers/CMSIS/Include/cmsis_gcc.h ****   \brief   Get Process Stack Pointer (non-secure)
 326:Drivers/CMSIS/Include/cmsis_gcc.h ****   \details Returns the current value of the non-secure Process Stack Pointer (PSP) when in secure s
 327:Drivers/CMSIS/Include/cmsis_gcc.h ****   \return               PSP Register value
 328:Drivers/CMSIS/Include/cmsis_gcc.h ****  */
 329:Drivers/CMSIS/Include/cmsis_gcc.h **** __STATIC_FORCEINLINE uint32_t __TZ_get_PSP_NS(void)
 330:Drivers/CMSIS/Include/cmsis_gcc.h **** {
 331:Drivers/CMSIS/Include/cmsis_gcc.h ****   uint32_t result;
 332:Drivers/CMSIS/Include/cmsis_gcc.h **** 
 333:Drivers/CMSIS/Include/cmsis_gcc.h ****   __ASM volatile ("MRS %0, psp_ns"  : "=r" (result) );
 334:Drivers/CMSIS/Include/cmsis_gcc.h ****   return(result);
 335:Drivers/CMSIS/Include/cmsis_gcc.h **** }
 336:Drivers/CMSIS/Include/cmsis_gcc.h **** #endif
 337:Drivers/CMSIS/Include/cmsis_gcc.h **** 
 338:Drivers/CMSIS/Include/cmsis_gcc.h **** 
 339:Drivers/CMSIS/Include/cmsis_gcc.h **** /**
 340:Drivers/CMSIS/Include/cmsis_gcc.h ****   \brief   Set Process Stack Pointer
 341:Drivers/CMSIS/Include/cmsis_gcc.h ****   \details Assigns the given value to the Process Stack Pointer (PSP).
 342:Drivers/CMSIS/Include/cmsis_gcc.h ****   \param [in]    topOfProcStack  Process Stack Pointer value to set
 343:Drivers/CMSIS/Include/cmsis_gcc.h ****  */
 344:Drivers/CMSIS/Include/cmsis_gcc.h **** __STATIC_FORCEINLINE void __set_PSP(uint32_t topOfProcStack)
 345:Drivers/CMSIS/Include/cmsis_gcc.h **** {
 346:Drivers/CMSIS/Include/cmsis_gcc.h ****   __ASM volatile ("MSR psp, %0" : : "r" (topOfProcStack) : );
 347:Drivers/CMSIS/Include/cmsis_gcc.h **** }
ARM GAS  /var/folders/lt/l_qrc8c54t93n_phsj7cf5tc0000gn/T//ccJAo5Dn.s 			page 11


 348:Drivers/CMSIS/Include/cmsis_gcc.h **** 
 349:Drivers/CMSIS/Include/cmsis_gcc.h **** 
 350:Drivers/CMSIS/Include/cmsis_gcc.h **** #if (defined (__ARM_FEATURE_CMSE ) && (__ARM_FEATURE_CMSE == 3))
 351:Drivers/CMSIS/Include/cmsis_gcc.h **** /**
 352:Drivers/CMSIS/Include/cmsis_gcc.h ****   \brief   Set Process Stack Pointer (non-secure)
 353:Drivers/CMSIS/Include/cmsis_gcc.h ****   \details Assigns the given value to the non-secure Process Stack Pointer (PSP) when in secure sta
 354:Drivers/CMSIS/Include/cmsis_gcc.h ****   \param [in]    topOfProcStack  Process Stack Pointer value to set
 355:Drivers/CMSIS/Include/cmsis_gcc.h ****  */
 356:Drivers/CMSIS/Include/cmsis_gcc.h **** __STATIC_FORCEINLINE void __TZ_set_PSP_NS(uint32_t topOfProcStack)
 357:Drivers/CMSIS/Include/cmsis_gcc.h **** {
 358:Drivers/CMSIS/Include/cmsis_gcc.h ****   __ASM volatile ("MSR psp_ns, %0" : : "r" (topOfProcStack) : );
 359:Drivers/CMSIS/Include/cmsis_gcc.h **** }
 360:Drivers/CMSIS/Include/cmsis_gcc.h **** #endif
 361:Drivers/CMSIS/Include/cmsis_gcc.h **** 
 362:Drivers/CMSIS/Include/cmsis_gcc.h **** 
 363:Drivers/CMSIS/Include/cmsis_gcc.h **** /**
 364:Drivers/CMSIS/Include/cmsis_gcc.h ****   \brief   Get Main Stack Pointer
 365:Drivers/CMSIS/Include/cmsis_gcc.h ****   \details Returns the current value of the Main Stack Pointer (MSP).
 366:Drivers/CMSIS/Include/cmsis_gcc.h ****   \return               MSP Register value
 367:Drivers/CMSIS/Include/cmsis_gcc.h ****  */
 368:Drivers/CMSIS/Include/cmsis_gcc.h **** __STATIC_FORCEINLINE uint32_t __get_MSP(void)
 369:Drivers/CMSIS/Include/cmsis_gcc.h **** {
 370:Drivers/CMSIS/Include/cmsis_gcc.h ****   uint32_t result;
 371:Drivers/CMSIS/Include/cmsis_gcc.h **** 
 372:Drivers/CMSIS/Include/cmsis_gcc.h ****   __ASM volatile ("MRS %0, msp" : "=r" (result) );
 373:Drivers/CMSIS/Include/cmsis_gcc.h ****   return(result);
 374:Drivers/CMSIS/Include/cmsis_gcc.h **** }
 375:Drivers/CMSIS/Include/cmsis_gcc.h **** 
 376:Drivers/CMSIS/Include/cmsis_gcc.h **** 
 377:Drivers/CMSIS/Include/cmsis_gcc.h **** #if (defined (__ARM_FEATURE_CMSE ) && (__ARM_FEATURE_CMSE == 3))
 378:Drivers/CMSIS/Include/cmsis_gcc.h **** /**
 379:Drivers/CMSIS/Include/cmsis_gcc.h ****   \brief   Get Main Stack Pointer (non-secure)
 380:Drivers/CMSIS/Include/cmsis_gcc.h ****   \details Returns the current value of the non-secure Main Stack Pointer (MSP) when in secure stat
 381:Drivers/CMSIS/Include/cmsis_gcc.h ****   \return               MSP Register value
 382:Drivers/CMSIS/Include/cmsis_gcc.h ****  */
 383:Drivers/CMSIS/Include/cmsis_gcc.h **** __STATIC_FORCEINLINE uint32_t __TZ_get_MSP_NS(void)
 384:Drivers/CMSIS/Include/cmsis_gcc.h **** {
 385:Drivers/CMSIS/Include/cmsis_gcc.h ****   uint32_t result;
 386:Drivers/CMSIS/Include/cmsis_gcc.h **** 
 387:Drivers/CMSIS/Include/cmsis_gcc.h ****   __ASM volatile ("MRS %0, msp_ns" : "=r" (result) );
 388:Drivers/CMSIS/Include/cmsis_gcc.h ****   return(result);
 389:Drivers/CMSIS/Include/cmsis_gcc.h **** }
 390:Drivers/CMSIS/Include/cmsis_gcc.h **** #endif
 391:Drivers/CMSIS/Include/cmsis_gcc.h **** 
 392:Drivers/CMSIS/Include/cmsis_gcc.h **** 
 393:Drivers/CMSIS/Include/cmsis_gcc.h **** /**
 394:Drivers/CMSIS/Include/cmsis_gcc.h ****   \brief   Set Main Stack Pointer
 395:Drivers/CMSIS/Include/cmsis_gcc.h ****   \details Assigns the given value to the Main Stack Pointer (MSP).
 396:Drivers/CMSIS/Include/cmsis_gcc.h ****   \param [in]    topOfMainStack  Main Stack Pointer value to set
 397:Drivers/CMSIS/Include/cmsis_gcc.h ****  */
 398:Drivers/CMSIS/Include/cmsis_gcc.h **** __STATIC_FORCEINLINE void __set_MSP(uint32_t topOfMainStack)
 399:Drivers/CMSIS/Include/cmsis_gcc.h **** {
 400:Drivers/CMSIS/Include/cmsis_gcc.h ****   __ASM volatile ("MSR msp, %0" : : "r" (topOfMainStack) : );
 401:Drivers/CMSIS/Include/cmsis_gcc.h **** }
 402:Drivers/CMSIS/Include/cmsis_gcc.h **** 
 403:Drivers/CMSIS/Include/cmsis_gcc.h **** 
 404:Drivers/CMSIS/Include/cmsis_gcc.h **** #if (defined (__ARM_FEATURE_CMSE ) && (__ARM_FEATURE_CMSE == 3))
ARM GAS  /var/folders/lt/l_qrc8c54t93n_phsj7cf5tc0000gn/T//ccJAo5Dn.s 			page 12


 405:Drivers/CMSIS/Include/cmsis_gcc.h **** /**
 406:Drivers/CMSIS/Include/cmsis_gcc.h ****   \brief   Set Main Stack Pointer (non-secure)
 407:Drivers/CMSIS/Include/cmsis_gcc.h ****   \details Assigns the given value to the non-secure Main Stack Pointer (MSP) when in secure state.
 408:Drivers/CMSIS/Include/cmsis_gcc.h ****   \param [in]    topOfMainStack  Main Stack Pointer value to set
 409:Drivers/CMSIS/Include/cmsis_gcc.h ****  */
 410:Drivers/CMSIS/Include/cmsis_gcc.h **** __STATIC_FORCEINLINE void __TZ_set_MSP_NS(uint32_t topOfMainStack)
 411:Drivers/CMSIS/Include/cmsis_gcc.h **** {
 412:Drivers/CMSIS/Include/cmsis_gcc.h ****   __ASM volatile ("MSR msp_ns, %0" : : "r" (topOfMainStack) : );
 413:Drivers/CMSIS/Include/cmsis_gcc.h **** }
 414:Drivers/CMSIS/Include/cmsis_gcc.h **** #endif
 415:Drivers/CMSIS/Include/cmsis_gcc.h **** 
 416:Drivers/CMSIS/Include/cmsis_gcc.h **** 
 417:Drivers/CMSIS/Include/cmsis_gcc.h **** #if (defined (__ARM_FEATURE_CMSE ) && (__ARM_FEATURE_CMSE == 3))
 418:Drivers/CMSIS/Include/cmsis_gcc.h **** /**
 419:Drivers/CMSIS/Include/cmsis_gcc.h ****   \brief   Get Stack Pointer (non-secure)
 420:Drivers/CMSIS/Include/cmsis_gcc.h ****   \details Returns the current value of the non-secure Stack Pointer (SP) when in secure state.
 421:Drivers/CMSIS/Include/cmsis_gcc.h ****   \return               SP Register value
 422:Drivers/CMSIS/Include/cmsis_gcc.h ****  */
 423:Drivers/CMSIS/Include/cmsis_gcc.h **** __STATIC_FORCEINLINE uint32_t __TZ_get_SP_NS(void)
 424:Drivers/CMSIS/Include/cmsis_gcc.h **** {
 425:Drivers/CMSIS/Include/cmsis_gcc.h ****   uint32_t result;
 426:Drivers/CMSIS/Include/cmsis_gcc.h **** 
 427:Drivers/CMSIS/Include/cmsis_gcc.h ****   __ASM volatile ("MRS %0, sp_ns" : "=r" (result) );
 428:Drivers/CMSIS/Include/cmsis_gcc.h ****   return(result);
 429:Drivers/CMSIS/Include/cmsis_gcc.h **** }
 430:Drivers/CMSIS/Include/cmsis_gcc.h **** 
 431:Drivers/CMSIS/Include/cmsis_gcc.h **** 
 432:Drivers/CMSIS/Include/cmsis_gcc.h **** /**
 433:Drivers/CMSIS/Include/cmsis_gcc.h ****   \brief   Set Stack Pointer (non-secure)
 434:Drivers/CMSIS/Include/cmsis_gcc.h ****   \details Assigns the given value to the non-secure Stack Pointer (SP) when in secure state.
 435:Drivers/CMSIS/Include/cmsis_gcc.h ****   \param [in]    topOfStack  Stack Pointer value to set
 436:Drivers/CMSIS/Include/cmsis_gcc.h ****  */
 437:Drivers/CMSIS/Include/cmsis_gcc.h **** __STATIC_FORCEINLINE void __TZ_set_SP_NS(uint32_t topOfStack)
 438:Drivers/CMSIS/Include/cmsis_gcc.h **** {
 439:Drivers/CMSIS/Include/cmsis_gcc.h ****   __ASM volatile ("MSR sp_ns, %0" : : "r" (topOfStack) : );
 440:Drivers/CMSIS/Include/cmsis_gcc.h **** }
 441:Drivers/CMSIS/Include/cmsis_gcc.h **** #endif
 442:Drivers/CMSIS/Include/cmsis_gcc.h **** 
 443:Drivers/CMSIS/Include/cmsis_gcc.h **** 
 444:Drivers/CMSIS/Include/cmsis_gcc.h **** /**
 445:Drivers/CMSIS/Include/cmsis_gcc.h ****   \brief   Get Priority Mask
 446:Drivers/CMSIS/Include/cmsis_gcc.h ****   \details Returns the current state of the priority mask bit from the Priority Mask Register.
 447:Drivers/CMSIS/Include/cmsis_gcc.h ****   \return               Priority Mask value
 448:Drivers/CMSIS/Include/cmsis_gcc.h ****  */
 449:Drivers/CMSIS/Include/cmsis_gcc.h **** __STATIC_FORCEINLINE uint32_t __get_PRIMASK(void)
  94              		.loc 2 449 31 view .LVU11
  95              	.LBB27:
 450:Drivers/CMSIS/Include/cmsis_gcc.h **** {
 451:Drivers/CMSIS/Include/cmsis_gcc.h ****   uint32_t result;
  96              		.loc 2 451 3 view .LVU12
 452:Drivers/CMSIS/Include/cmsis_gcc.h **** 
 453:Drivers/CMSIS/Include/cmsis_gcc.h ****   __ASM volatile ("MRS %0, primask" : "=r" (result) :: "memory");
  97              		.loc 2 453 3 view .LVU13
  98              		.syntax unified
  99              	@ 453 "Drivers/CMSIS/Include/cmsis_gcc.h" 1
 100 0000 EFF31083 		MRS r3, primask
 101              	@ 0 "" 2
ARM GAS  /var/folders/lt/l_qrc8c54t93n_phsj7cf5tc0000gn/T//ccJAo5Dn.s 			page 13


 102              	.LVL1:
 454:Drivers/CMSIS/Include/cmsis_gcc.h ****   return(result);
 103              		.loc 2 454 3 view .LVU14
 104              		.loc 2 454 3 is_stmt 0 view .LVU15
 105              		.thumb
 106              		.syntax unified
 107              	.LBE27:
 108              	.LBE26:
 109              		.loc 1 135 3 is_stmt 1 view .LVU16
 110              	.LBB28:
 111              	.LBI28:
 207:Drivers/CMSIS/Include/cmsis_gcc.h **** {
 112              		.loc 2 207 27 view .LVU17
 113              	.LBB29:
 209:Drivers/CMSIS/Include/cmsis_gcc.h **** }
 114              		.loc 2 209 3 view .LVU18
 115              		.syntax unified
 116              	@ 209 "Drivers/CMSIS/Include/cmsis_gcc.h" 1
 117 0004 72B6     		cpsid i
 118              	@ 0 "" 2
 119              		.thumb
 120              		.syntax unified
 121              	.LBE29:
 122              	.LBE28:
 136:Utilities/lpm/tiny_lpm/stm32_lpm.c ****   
 137:Utilities/lpm/tiny_lpm/stm32_lpm.c ****   switch( state )
 123              		.loc 1 137 3 view .LVU19
 124 0006 41B1     		cbz	r1, .L6
 125 0008 0129     		cmp	r1, #1
 126 000a 03D1     		bne	.L7
 138:Utilities/lpm/tiny_lpm/stm32_lpm.c ****   {
 139:Utilities/lpm/tiny_lpm/stm32_lpm.c ****   case UTIL_LPM_DISABLE:
 140:Utilities/lpm/tiny_lpm/stm32_lpm.c ****     {
 141:Utilities/lpm/tiny_lpm/stm32_lpm.c ****       StopModeDisable |= lpm_id_bm;
 127              		.loc 1 141 7 view .LVU20
 128              		.loc 1 141 23 is_stmt 0 view .LVU21
 129 000c 0649     		ldr	r1, .L8
 130              	.LVL2:
 131              		.loc 1 141 23 view .LVU22
 132 000e 0A68     		ldr	r2, [r1]
 133 0010 1043     		orrs	r0, r0, r2
 134              	.LVL3:
 135              		.loc 1 141 23 view .LVU23
 136 0012 0860     		str	r0, [r1]
 142:Utilities/lpm/tiny_lpm/stm32_lpm.c ****       break;
 137              		.loc 1 142 7 is_stmt 1 view .LVU24
 138              	.L7:
 143:Utilities/lpm/tiny_lpm/stm32_lpm.c ****     }
 144:Utilities/lpm/tiny_lpm/stm32_lpm.c ****   case UTIL_LPM_ENABLE:
 145:Utilities/lpm/tiny_lpm/stm32_lpm.c ****     {
 146:Utilities/lpm/tiny_lpm/stm32_lpm.c ****       StopModeDisable &= ( ~lpm_id_bm );
 147:Utilities/lpm/tiny_lpm/stm32_lpm.c ****       break;
 148:Utilities/lpm/tiny_lpm/stm32_lpm.c ****     }
 149:Utilities/lpm/tiny_lpm/stm32_lpm.c ****   default :
 150:Utilities/lpm/tiny_lpm/stm32_lpm.c ****     {
 151:Utilities/lpm/tiny_lpm/stm32_lpm.c ****       break;
 152:Utilities/lpm/tiny_lpm/stm32_lpm.c ****     }
ARM GAS  /var/folders/lt/l_qrc8c54t93n_phsj7cf5tc0000gn/T//ccJAo5Dn.s 			page 14


 153:Utilities/lpm/tiny_lpm/stm32_lpm.c ****   }
 154:Utilities/lpm/tiny_lpm/stm32_lpm.c ****   
 155:Utilities/lpm/tiny_lpm/stm32_lpm.c ****   UTIL_LPM_EXIT_CRITICAL_SECTION( );
 139              		.loc 1 155 3 view .LVU25
 140              	.LVL4:
 141              	.LBB30:
 142              	.LBI30:
 455:Drivers/CMSIS/Include/cmsis_gcc.h **** }
 456:Drivers/CMSIS/Include/cmsis_gcc.h **** 
 457:Drivers/CMSIS/Include/cmsis_gcc.h **** 
 458:Drivers/CMSIS/Include/cmsis_gcc.h **** #if (defined (__ARM_FEATURE_CMSE ) && (__ARM_FEATURE_CMSE == 3))
 459:Drivers/CMSIS/Include/cmsis_gcc.h **** /**
 460:Drivers/CMSIS/Include/cmsis_gcc.h ****   \brief   Get Priority Mask (non-secure)
 461:Drivers/CMSIS/Include/cmsis_gcc.h ****   \details Returns the current state of the non-secure priority mask bit from the Priority Mask Reg
 462:Drivers/CMSIS/Include/cmsis_gcc.h ****   \return               Priority Mask value
 463:Drivers/CMSIS/Include/cmsis_gcc.h ****  */
 464:Drivers/CMSIS/Include/cmsis_gcc.h **** __STATIC_FORCEINLINE uint32_t __TZ_get_PRIMASK_NS(void)
 465:Drivers/CMSIS/Include/cmsis_gcc.h **** {
 466:Drivers/CMSIS/Include/cmsis_gcc.h ****   uint32_t result;
 467:Drivers/CMSIS/Include/cmsis_gcc.h **** 
 468:Drivers/CMSIS/Include/cmsis_gcc.h ****   __ASM volatile ("MRS %0, primask_ns" : "=r" (result) :: "memory");
 469:Drivers/CMSIS/Include/cmsis_gcc.h ****   return(result);
 470:Drivers/CMSIS/Include/cmsis_gcc.h **** }
 471:Drivers/CMSIS/Include/cmsis_gcc.h **** #endif
 472:Drivers/CMSIS/Include/cmsis_gcc.h **** 
 473:Drivers/CMSIS/Include/cmsis_gcc.h **** 
 474:Drivers/CMSIS/Include/cmsis_gcc.h **** /**
 475:Drivers/CMSIS/Include/cmsis_gcc.h ****   \brief   Set Priority Mask
 476:Drivers/CMSIS/Include/cmsis_gcc.h ****   \details Assigns the given value to the Priority Mask Register.
 477:Drivers/CMSIS/Include/cmsis_gcc.h ****   \param [in]    priMask  Priority Mask
 478:Drivers/CMSIS/Include/cmsis_gcc.h ****  */
 479:Drivers/CMSIS/Include/cmsis_gcc.h **** __STATIC_FORCEINLINE void __set_PRIMASK(uint32_t priMask)
 143              		.loc 2 479 27 view .LVU26
 144              	.LBB31:
 480:Drivers/CMSIS/Include/cmsis_gcc.h **** {
 481:Drivers/CMSIS/Include/cmsis_gcc.h ****   __ASM volatile ("MSR primask, %0" : : "r" (priMask) : "memory");
 145              		.loc 2 481 3 view .LVU27
 146              		.syntax unified
 147              	@ 481 "Drivers/CMSIS/Include/cmsis_gcc.h" 1
 148 0014 83F31088 		MSR primask, r3
 149              	@ 0 "" 2
 150              	.LVL5:
 151              		.loc 2 481 3 is_stmt 0 view .LVU28
 152              		.thumb
 153              		.syntax unified
 154              	.LBE31:
 155              	.LBE30:
 156:Utilities/lpm/tiny_lpm/stm32_lpm.c **** }
 156              		.loc 1 156 1 view .LVU29
 157 0018 7047     		bx	lr
 158              	.LVL6:
 159              	.L6:
 146:Utilities/lpm/tiny_lpm/stm32_lpm.c ****       break;
 160              		.loc 1 146 7 is_stmt 1 view .LVU30
 146:Utilities/lpm/tiny_lpm/stm32_lpm.c ****       break;
 161              		.loc 1 146 23 is_stmt 0 view .LVU31
 162 001a 0349     		ldr	r1, .L8
ARM GAS  /var/folders/lt/l_qrc8c54t93n_phsj7cf5tc0000gn/T//ccJAo5Dn.s 			page 15


 163              	.LVL7:
 146:Utilities/lpm/tiny_lpm/stm32_lpm.c ****       break;
 164              		.loc 1 146 23 view .LVU32
 165 001c 0A68     		ldr	r2, [r1]
 166 001e 22EA0000 		bic	r0, r2, r0
 167              	.LVL8:
 146:Utilities/lpm/tiny_lpm/stm32_lpm.c ****       break;
 168              		.loc 1 146 23 view .LVU33
 169 0022 0860     		str	r0, [r1]
 147:Utilities/lpm/tiny_lpm/stm32_lpm.c ****     }
 170              		.loc 1 147 7 is_stmt 1 view .LVU34
 171 0024 F6E7     		b	.L7
 172              	.L9:
 173 0026 00BF     		.align	2
 174              	.L8:
 175 0028 00000000 		.word	.LANCHOR0
 176              		.cfi_endproc
 177              	.LFE106:
 179              		.section	.text.UTIL_LPM_SetOffMode,"ax",%progbits
 180              		.align	1
 181              		.global	UTIL_LPM_SetOffMode
 182              		.syntax unified
 183              		.thumb
 184              		.thumb_func
 185              		.fpu fpv4-sp-d16
 187              	UTIL_LPM_SetOffMode:
 188              	.LVL9:
 189              	.LFB107:
 157:Utilities/lpm/tiny_lpm/stm32_lpm.c **** 
 158:Utilities/lpm/tiny_lpm/stm32_lpm.c **** void UTIL_LPM_SetOffMode( UTIL_LPM_bm_t lpm_id_bm, UTIL_LPM_State_t state )
 159:Utilities/lpm/tiny_lpm/stm32_lpm.c **** {
 190              		.loc 1 159 1 view -0
 191              		.cfi_startproc
 192              		@ args = 0, pretend = 0, frame = 0
 193              		@ frame_needed = 0, uses_anonymous_args = 0
 194              		@ link register save eliminated.
 160:Utilities/lpm/tiny_lpm/stm32_lpm.c ****   UTIL_LPM_ENTER_CRITICAL_SECTION( );
 195              		.loc 1 160 3 view .LVU36
 196              	.LBB32:
 197              	.LBI32:
 449:Drivers/CMSIS/Include/cmsis_gcc.h **** {
 198              		.loc 2 449 31 view .LVU37
 199              	.LBB33:
 451:Drivers/CMSIS/Include/cmsis_gcc.h **** 
 200              		.loc 2 451 3 view .LVU38
 453:Drivers/CMSIS/Include/cmsis_gcc.h ****   return(result);
 201              		.loc 2 453 3 view .LVU39
 202              		.syntax unified
 203              	@ 453 "Drivers/CMSIS/Include/cmsis_gcc.h" 1
 204 0000 EFF31083 		MRS r3, primask
 205              	@ 0 "" 2
 206              	.LVL10:
 454:Drivers/CMSIS/Include/cmsis_gcc.h **** }
 207              		.loc 2 454 3 view .LVU40
 454:Drivers/CMSIS/Include/cmsis_gcc.h **** }
 208              		.loc 2 454 3 is_stmt 0 view .LVU41
 209              		.thumb
ARM GAS  /var/folders/lt/l_qrc8c54t93n_phsj7cf5tc0000gn/T//ccJAo5Dn.s 			page 16


 210              		.syntax unified
 211              	.LBE33:
 212              	.LBE32:
 213              		.loc 1 160 3 is_stmt 1 view .LVU42
 214              	.LBB34:
 215              	.LBI34:
 207:Drivers/CMSIS/Include/cmsis_gcc.h **** {
 216              		.loc 2 207 27 view .LVU43
 217              	.LBB35:
 209:Drivers/CMSIS/Include/cmsis_gcc.h **** }
 218              		.loc 2 209 3 view .LVU44
 219              		.syntax unified
 220              	@ 209 "Drivers/CMSIS/Include/cmsis_gcc.h" 1
 221 0004 72B6     		cpsid i
 222              	@ 0 "" 2
 223              		.thumb
 224              		.syntax unified
 225              	.LBE35:
 226              	.LBE34:
 161:Utilities/lpm/tiny_lpm/stm32_lpm.c ****   
 162:Utilities/lpm/tiny_lpm/stm32_lpm.c ****   switch(state)
 227              		.loc 1 162 3 view .LVU45
 228 0006 41B1     		cbz	r1, .L11
 229 0008 0129     		cmp	r1, #1
 230 000a 03D1     		bne	.L12
 163:Utilities/lpm/tiny_lpm/stm32_lpm.c ****   {
 164:Utilities/lpm/tiny_lpm/stm32_lpm.c ****   case UTIL_LPM_DISABLE:
 165:Utilities/lpm/tiny_lpm/stm32_lpm.c ****     {
 166:Utilities/lpm/tiny_lpm/stm32_lpm.c ****       OffModeDisable |= lpm_id_bm;
 231              		.loc 1 166 7 view .LVU46
 232              		.loc 1 166 22 is_stmt 0 view .LVU47
 233 000c 0649     		ldr	r1, .L13
 234              	.LVL11:
 235              		.loc 1 166 22 view .LVU48
 236 000e 0A68     		ldr	r2, [r1]
 237 0010 1043     		orrs	r0, r0, r2
 238              	.LVL12:
 239              		.loc 1 166 22 view .LVU49
 240 0012 0860     		str	r0, [r1]
 167:Utilities/lpm/tiny_lpm/stm32_lpm.c ****       break;
 241              		.loc 1 167 7 is_stmt 1 view .LVU50
 242              	.L12:
 168:Utilities/lpm/tiny_lpm/stm32_lpm.c ****     }
 169:Utilities/lpm/tiny_lpm/stm32_lpm.c ****   case UTIL_LPM_ENABLE:
 170:Utilities/lpm/tiny_lpm/stm32_lpm.c ****     {
 171:Utilities/lpm/tiny_lpm/stm32_lpm.c ****       OffModeDisable &= ( ~lpm_id_bm );
 172:Utilities/lpm/tiny_lpm/stm32_lpm.c ****       break;
 173:Utilities/lpm/tiny_lpm/stm32_lpm.c ****     }
 174:Utilities/lpm/tiny_lpm/stm32_lpm.c ****   default :
 175:Utilities/lpm/tiny_lpm/stm32_lpm.c ****     {
 176:Utilities/lpm/tiny_lpm/stm32_lpm.c ****       break;
 177:Utilities/lpm/tiny_lpm/stm32_lpm.c ****     }
 178:Utilities/lpm/tiny_lpm/stm32_lpm.c ****   }
 179:Utilities/lpm/tiny_lpm/stm32_lpm.c ****   
 180:Utilities/lpm/tiny_lpm/stm32_lpm.c ****   UTIL_LPM_EXIT_CRITICAL_SECTION( );
 243              		.loc 1 180 3 view .LVU51
 244              	.LVL13:
ARM GAS  /var/folders/lt/l_qrc8c54t93n_phsj7cf5tc0000gn/T//ccJAo5Dn.s 			page 17


 245              	.LBB36:
 246              	.LBI36:
 479:Drivers/CMSIS/Include/cmsis_gcc.h **** {
 247              		.loc 2 479 27 view .LVU52
 248              	.LBB37:
 249              		.loc 2 481 3 view .LVU53
 250              		.syntax unified
 251              	@ 481 "Drivers/CMSIS/Include/cmsis_gcc.h" 1
 252 0014 83F31088 		MSR primask, r3
 253              	@ 0 "" 2
 254              	.LVL14:
 255              		.loc 2 481 3 is_stmt 0 view .LVU54
 256              		.thumb
 257              		.syntax unified
 258              	.LBE37:
 259              	.LBE36:
 181:Utilities/lpm/tiny_lpm/stm32_lpm.c **** }
 260              		.loc 1 181 1 view .LVU55
 261 0018 7047     		bx	lr
 262              	.LVL15:
 263              	.L11:
 171:Utilities/lpm/tiny_lpm/stm32_lpm.c ****       break;
 264              		.loc 1 171 7 is_stmt 1 view .LVU56
 171:Utilities/lpm/tiny_lpm/stm32_lpm.c ****       break;
 265              		.loc 1 171 22 is_stmt 0 view .LVU57
 266 001a 0349     		ldr	r1, .L13
 267              	.LVL16:
 171:Utilities/lpm/tiny_lpm/stm32_lpm.c ****       break;
 268              		.loc 1 171 22 view .LVU58
 269 001c 0A68     		ldr	r2, [r1]
 270 001e 22EA0000 		bic	r0, r2, r0
 271              	.LVL17:
 171:Utilities/lpm/tiny_lpm/stm32_lpm.c ****       break;
 272              		.loc 1 171 22 view .LVU59
 273 0022 0860     		str	r0, [r1]
 172:Utilities/lpm/tiny_lpm/stm32_lpm.c ****     }
 274              		.loc 1 172 7 is_stmt 1 view .LVU60
 275 0024 F6E7     		b	.L12
 276              	.L14:
 277 0026 00BF     		.align	2
 278              	.L13:
 279 0028 00000000 		.word	.LANCHOR1
 280              		.cfi_endproc
 281              	.LFE107:
 283              		.section	.text.UTIL_LPM_GetMode,"ax",%progbits
 284              		.align	1
 285              		.global	UTIL_LPM_GetMode
 286              		.syntax unified
 287              		.thumb
 288              		.thumb_func
 289              		.fpu fpv4-sp-d16
 291              	UTIL_LPM_GetMode:
 292              	.LFB108:
 182:Utilities/lpm/tiny_lpm/stm32_lpm.c **** 
 183:Utilities/lpm/tiny_lpm/stm32_lpm.c **** UTIL_LPM_Mode_t UTIL_LPM_GetMode( void )
 184:Utilities/lpm/tiny_lpm/stm32_lpm.c **** {
 293              		.loc 1 184 1 view -0
ARM GAS  /var/folders/lt/l_qrc8c54t93n_phsj7cf5tc0000gn/T//ccJAo5Dn.s 			page 18


 294              		.cfi_startproc
 295              		@ args = 0, pretend = 0, frame = 0
 296              		@ frame_needed = 0, uses_anonymous_args = 0
 297              		@ link register save eliminated.
 185:Utilities/lpm/tiny_lpm/stm32_lpm.c ****   UTIL_LPM_Mode_t mode_selected;
 298              		.loc 1 185 3 view .LVU62
 186:Utilities/lpm/tiny_lpm/stm32_lpm.c **** 
 187:Utilities/lpm/tiny_lpm/stm32_lpm.c ****   UTIL_LPM_ENTER_CRITICAL_SECTION( );
 299              		.loc 1 187 3 view .LVU63
 300              	.LBB38:
 301              	.LBI38:
 449:Drivers/CMSIS/Include/cmsis_gcc.h **** {
 302              		.loc 2 449 31 view .LVU64
 303              	.LBB39:
 451:Drivers/CMSIS/Include/cmsis_gcc.h **** 
 304              		.loc 2 451 3 view .LVU65
 453:Drivers/CMSIS/Include/cmsis_gcc.h ****   return(result);
 305              		.loc 2 453 3 view .LVU66
 306              		.syntax unified
 307              	@ 453 "Drivers/CMSIS/Include/cmsis_gcc.h" 1
 308 0000 EFF31083 		MRS r3, primask
 309              	@ 0 "" 2
 310              	.LVL18:
 454:Drivers/CMSIS/Include/cmsis_gcc.h **** }
 311              		.loc 2 454 3 view .LVU67
 454:Drivers/CMSIS/Include/cmsis_gcc.h **** }
 312              		.loc 2 454 3 is_stmt 0 view .LVU68
 313              		.thumb
 314              		.syntax unified
 315              	.LBE39:
 316              	.LBE38:
 317              		.loc 1 187 3 is_stmt 1 view .LVU69
 318              	.LBB40:
 319              	.LBI40:
 207:Drivers/CMSIS/Include/cmsis_gcc.h **** {
 320              		.loc 2 207 27 view .LVU70
 321              	.LBB41:
 209:Drivers/CMSIS/Include/cmsis_gcc.h **** }
 322              		.loc 2 209 3 view .LVU71
 323              		.syntax unified
 324              	@ 209 "Drivers/CMSIS/Include/cmsis_gcc.h" 1
 325 0004 72B6     		cpsid i
 326              	@ 0 "" 2
 327              		.thumb
 328              		.syntax unified
 329              	.LBE41:
 330              	.LBE40:
 188:Utilities/lpm/tiny_lpm/stm32_lpm.c **** 
 189:Utilities/lpm/tiny_lpm/stm32_lpm.c ****   if( StopModeDisable != UTIL_LPM_NO_BIT_SET )
 331              		.loc 1 189 3 view .LVU72
 332              		.loc 1 189 23 is_stmt 0 view .LVU73
 333 0006 074A     		ldr	r2, .L19
 334 0008 1268     		ldr	r2, [r2]
 335              		.loc 1 189 5 view .LVU74
 336 000a 22B9     		cbnz	r2, .L17
 190:Utilities/lpm/tiny_lpm/stm32_lpm.c ****   {
 191:Utilities/lpm/tiny_lpm/stm32_lpm.c ****     /**
ARM GAS  /var/folders/lt/l_qrc8c54t93n_phsj7cf5tc0000gn/T//ccJAo5Dn.s 			page 19


 192:Utilities/lpm/tiny_lpm/stm32_lpm.c ****      * At least one user disallows Stop Mode
 193:Utilities/lpm/tiny_lpm/stm32_lpm.c ****      */
 194:Utilities/lpm/tiny_lpm/stm32_lpm.c ****     mode_selected = UTIL_LPM_SLEEPMODE;
 195:Utilities/lpm/tiny_lpm/stm32_lpm.c ****   }
 196:Utilities/lpm/tiny_lpm/stm32_lpm.c ****   else
 197:Utilities/lpm/tiny_lpm/stm32_lpm.c ****   {
 198:Utilities/lpm/tiny_lpm/stm32_lpm.c ****     if( OffModeDisable != UTIL_LPM_NO_BIT_SET )
 337              		.loc 1 198 5 is_stmt 1 view .LVU75
 338              		.loc 1 198 24 is_stmt 0 view .LVU76
 339 000c 064A     		ldr	r2, .L19+4
 340 000e 1268     		ldr	r2, [r2]
 341              		.loc 1 198 7 view .LVU77
 342 0010 2AB1     		cbz	r2, .L18
 199:Utilities/lpm/tiny_lpm/stm32_lpm.c ****     {
 200:Utilities/lpm/tiny_lpm/stm32_lpm.c ****       /**
 201:Utilities/lpm/tiny_lpm/stm32_lpm.c ****        * At least one user disallows Off Mode
 202:Utilities/lpm/tiny_lpm/stm32_lpm.c ****        */
 203:Utilities/lpm/tiny_lpm/stm32_lpm.c ****       mode_selected = UTIL_LPM_STOPMODE;
 343              		.loc 1 203 21 view .LVU78
 344 0012 0120     		movs	r0, #1
 345 0014 00E0     		b	.L16
 346              	.L17:
 194:Utilities/lpm/tiny_lpm/stm32_lpm.c ****   }
 347              		.loc 1 194 19 view .LVU79
 348 0016 0020     		movs	r0, #0
 349              	.L16:
 350              	.LVL19:
 204:Utilities/lpm/tiny_lpm/stm32_lpm.c ****     }
 205:Utilities/lpm/tiny_lpm/stm32_lpm.c ****     else
 206:Utilities/lpm/tiny_lpm/stm32_lpm.c ****     {
 207:Utilities/lpm/tiny_lpm/stm32_lpm.c ****       mode_selected = UTIL_LPM_OFFMODE;
 208:Utilities/lpm/tiny_lpm/stm32_lpm.c ****     }
 209:Utilities/lpm/tiny_lpm/stm32_lpm.c ****   }
 210:Utilities/lpm/tiny_lpm/stm32_lpm.c **** 
 211:Utilities/lpm/tiny_lpm/stm32_lpm.c ****   UTIL_LPM_EXIT_CRITICAL_SECTION( );
 351              		.loc 1 211 3 is_stmt 1 view .LVU80
 352              	.LBB42:
 353              	.LBI42:
 479:Drivers/CMSIS/Include/cmsis_gcc.h **** {
 354              		.loc 2 479 27 view .LVU81
 355              	.LBB43:
 356              		.loc 2 481 3 view .LVU82
 357              		.syntax unified
 358              	@ 481 "Drivers/CMSIS/Include/cmsis_gcc.h" 1
 359 0018 83F31088 		MSR primask, r3
 360              	@ 0 "" 2
 361              	.LVL20:
 362              		.loc 2 481 3 is_stmt 0 view .LVU83
 363              		.thumb
 364              		.syntax unified
 365              	.LBE43:
 366              	.LBE42:
 212:Utilities/lpm/tiny_lpm/stm32_lpm.c **** 
 213:Utilities/lpm/tiny_lpm/stm32_lpm.c ****   return mode_selected;
 367              		.loc 1 213 3 is_stmt 1 view .LVU84
 214:Utilities/lpm/tiny_lpm/stm32_lpm.c **** }
 368              		.loc 1 214 1 is_stmt 0 view .LVU85
ARM GAS  /var/folders/lt/l_qrc8c54t93n_phsj7cf5tc0000gn/T//ccJAo5Dn.s 			page 20


 369 001c 7047     		bx	lr
 370              	.LVL21:
 371              	.L18:
 207:Utilities/lpm/tiny_lpm/stm32_lpm.c ****     }
 372              		.loc 1 207 21 view .LVU86
 373 001e 0220     		movs	r0, #2
 374 0020 FAE7     		b	.L16
 375              	.L20:
 376 0022 00BF     		.align	2
 377              	.L19:
 378 0024 00000000 		.word	.LANCHOR0
 379 0028 00000000 		.word	.LANCHOR1
 380              		.cfi_endproc
 381              	.LFE108:
 383              		.section	.text.UTIL_LPM_EnterLowPower,"ax",%progbits
 384              		.align	1
 385              		.global	UTIL_LPM_EnterLowPower
 386              		.syntax unified
 387              		.thumb
 388              		.thumb_func
 389              		.fpu fpv4-sp-d16
 391              	UTIL_LPM_EnterLowPower:
 392              	.LFB109:
 215:Utilities/lpm/tiny_lpm/stm32_lpm.c **** 
 216:Utilities/lpm/tiny_lpm/stm32_lpm.c **** void UTIL_LPM_EnterLowPower( void )
 217:Utilities/lpm/tiny_lpm/stm32_lpm.c **** {
 393              		.loc 1 217 1 is_stmt 1 view -0
 394              		.cfi_startproc
 395              		@ args = 0, pretend = 0, frame = 0
 396              		@ frame_needed = 0, uses_anonymous_args = 0
 397 0000 38B5     		push	{r3, r4, r5, lr}
 398              	.LCFI0:
 399              		.cfi_def_cfa_offset 16
 400              		.cfi_offset 3, -16
 401              		.cfi_offset 4, -12
 402              		.cfi_offset 5, -8
 403              		.cfi_offset 14, -4
 218:Utilities/lpm/tiny_lpm/stm32_lpm.c ****   UTIL_LPM_ENTER_CRITICAL_SECTION_ELP( );
 404              		.loc 1 218 3 view .LVU88
 405              	.LBB44:
 406              	.LBI44:
 449:Drivers/CMSIS/Include/cmsis_gcc.h **** {
 407              		.loc 2 449 31 view .LVU89
 408              	.LBB45:
 451:Drivers/CMSIS/Include/cmsis_gcc.h **** 
 409              		.loc 2 451 3 view .LVU90
 453:Drivers/CMSIS/Include/cmsis_gcc.h ****   return(result);
 410              		.loc 2 453 3 view .LVU91
 411              		.syntax unified
 412              	@ 453 "Drivers/CMSIS/Include/cmsis_gcc.h" 1
 413 0002 EFF31084 		MRS r4, primask
 414              	@ 0 "" 2
 415              	.LVL22:
 454:Drivers/CMSIS/Include/cmsis_gcc.h **** }
 416              		.loc 2 454 3 view .LVU92
 454:Drivers/CMSIS/Include/cmsis_gcc.h **** }
 417              		.loc 2 454 3 is_stmt 0 view .LVU93
ARM GAS  /var/folders/lt/l_qrc8c54t93n_phsj7cf5tc0000gn/T//ccJAo5Dn.s 			page 21


 418              		.thumb
 419              		.syntax unified
 420              	.LBE45:
 421              	.LBE44:
 422              		.loc 1 218 3 is_stmt 1 view .LVU94
 423              	.LBB46:
 424              	.LBI46:
 207:Drivers/CMSIS/Include/cmsis_gcc.h **** {
 425              		.loc 2 207 27 view .LVU95
 426              	.LBB47:
 209:Drivers/CMSIS/Include/cmsis_gcc.h **** }
 427              		.loc 2 209 3 view .LVU96
 428              		.syntax unified
 429              	@ 209 "Drivers/CMSIS/Include/cmsis_gcc.h" 1
 430 0006 72B6     		cpsid i
 431              	@ 0 "" 2
 432              		.thumb
 433              		.syntax unified
 434              	.LBE47:
 435              	.LBE46:
 219:Utilities/lpm/tiny_lpm/stm32_lpm.c **** 
 220:Utilities/lpm/tiny_lpm/stm32_lpm.c ****   if( StopModeDisable != UTIL_LPM_NO_BIT_SET )
 436              		.loc 1 220 3 view .LVU97
 437              		.loc 1 220 23 is_stmt 0 view .LVU98
 438 0008 0C4B     		ldr	r3, .L26
 439 000a 1B68     		ldr	r3, [r3]
 440              		.loc 1 220 5 view .LVU99
 441 000c 3BB1     		cbz	r3, .L22
 221:Utilities/lpm/tiny_lpm/stm32_lpm.c ****   {
 222:Utilities/lpm/tiny_lpm/stm32_lpm.c ****     /**
 223:Utilities/lpm/tiny_lpm/stm32_lpm.c ****      * At least one user disallows Stop Mode
 224:Utilities/lpm/tiny_lpm/stm32_lpm.c ****      * SLEEP mode is required
 225:Utilities/lpm/tiny_lpm/stm32_lpm.c ****      */
 226:Utilities/lpm/tiny_lpm/stm32_lpm.c ****       UTIL_PowerDriver.EnterSleepMode( );
 442              		.loc 1 226 7 is_stmt 1 view .LVU100
 443              		.loc 1 226 23 is_stmt 0 view .LVU101
 444 000e 0C4D     		ldr	r5, .L26+4
 445 0010 2B68     		ldr	r3, [r5]
 446              		.loc 1 226 7 view .LVU102
 447 0012 9847     		blx	r3
 448              	.LVL23:
 227:Utilities/lpm/tiny_lpm/stm32_lpm.c ****       UTIL_PowerDriver.ExitSleepMode( );
 449              		.loc 1 227 7 is_stmt 1 view .LVU103
 450              		.loc 1 227 23 is_stmt 0 view .LVU104
 451 0014 6B68     		ldr	r3, [r5, #4]
 452              		.loc 1 227 7 view .LVU105
 453 0016 9847     		blx	r3
 454              	.LVL24:
 455              	.L23:
 228:Utilities/lpm/tiny_lpm/stm32_lpm.c ****   }
 229:Utilities/lpm/tiny_lpm/stm32_lpm.c ****   else
 230:Utilities/lpm/tiny_lpm/stm32_lpm.c ****   { 
 231:Utilities/lpm/tiny_lpm/stm32_lpm.c ****     if( OffModeDisable != UTIL_LPM_NO_BIT_SET )
 232:Utilities/lpm/tiny_lpm/stm32_lpm.c ****     {
 233:Utilities/lpm/tiny_lpm/stm32_lpm.c ****       /**
 234:Utilities/lpm/tiny_lpm/stm32_lpm.c ****        * At least one user disallows Off Mode
 235:Utilities/lpm/tiny_lpm/stm32_lpm.c ****        * STOP mode is required
ARM GAS  /var/folders/lt/l_qrc8c54t93n_phsj7cf5tc0000gn/T//ccJAo5Dn.s 			page 22


 236:Utilities/lpm/tiny_lpm/stm32_lpm.c ****        */
 237:Utilities/lpm/tiny_lpm/stm32_lpm.c ****         UTIL_PowerDriver.EnterStopMode( );
 238:Utilities/lpm/tiny_lpm/stm32_lpm.c ****         UTIL_PowerDriver.ExitStopMode( );
 239:Utilities/lpm/tiny_lpm/stm32_lpm.c ****     }
 240:Utilities/lpm/tiny_lpm/stm32_lpm.c ****     else
 241:Utilities/lpm/tiny_lpm/stm32_lpm.c ****     {
 242:Utilities/lpm/tiny_lpm/stm32_lpm.c ****       /**
 243:Utilities/lpm/tiny_lpm/stm32_lpm.c ****        * OFF mode is required
 244:Utilities/lpm/tiny_lpm/stm32_lpm.c ****        */
 245:Utilities/lpm/tiny_lpm/stm32_lpm.c ****       UTIL_PowerDriver.EnterOffMode( );
 246:Utilities/lpm/tiny_lpm/stm32_lpm.c ****       UTIL_PowerDriver.ExitOffMode( );
 247:Utilities/lpm/tiny_lpm/stm32_lpm.c ****     }
 248:Utilities/lpm/tiny_lpm/stm32_lpm.c ****   }
 249:Utilities/lpm/tiny_lpm/stm32_lpm.c ****   
 250:Utilities/lpm/tiny_lpm/stm32_lpm.c ****   UTIL_LPM_EXIT_CRITICAL_SECTION_ELP( );
 456              		.loc 1 250 3 is_stmt 1 view .LVU106
 457              	.LBB48:
 458              	.LBI48:
 479:Drivers/CMSIS/Include/cmsis_gcc.h **** {
 459              		.loc 2 479 27 view .LVU107
 460              	.LBB49:
 461              		.loc 2 481 3 view .LVU108
 462              		.syntax unified
 463              	@ 481 "Drivers/CMSIS/Include/cmsis_gcc.h" 1
 464 0018 84F31088 		MSR primask, r4
 465              	@ 0 "" 2
 466              	.LVL25:
 467              		.loc 2 481 3 is_stmt 0 view .LVU109
 468              		.thumb
 469              		.syntax unified
 470              	.LBE49:
 471              	.LBE48:
 251:Utilities/lpm/tiny_lpm/stm32_lpm.c **** }
 472              		.loc 1 251 1 view .LVU110
 473 001c 38BD     		pop	{r3, r4, r5, pc}
 474              	.LVL26:
 475              	.L22:
 231:Utilities/lpm/tiny_lpm/stm32_lpm.c ****     {
 476              		.loc 1 231 5 is_stmt 1 view .LVU111
 231:Utilities/lpm/tiny_lpm/stm32_lpm.c ****     {
 477              		.loc 1 231 24 is_stmt 0 view .LVU112
 478 001e 094B     		ldr	r3, .L26+8
 479 0020 1B68     		ldr	r3, [r3]
 231:Utilities/lpm/tiny_lpm/stm32_lpm.c ****     {
 480              		.loc 1 231 7 view .LVU113
 481 0022 2BB1     		cbz	r3, .L24
 237:Utilities/lpm/tiny_lpm/stm32_lpm.c ****         UTIL_PowerDriver.ExitStopMode( );
 482              		.loc 1 237 9 is_stmt 1 view .LVU114
 237:Utilities/lpm/tiny_lpm/stm32_lpm.c ****         UTIL_PowerDriver.ExitStopMode( );
 483              		.loc 1 237 25 is_stmt 0 view .LVU115
 484 0024 064D     		ldr	r5, .L26+4
 485 0026 AB68     		ldr	r3, [r5, #8]
 237:Utilities/lpm/tiny_lpm/stm32_lpm.c ****         UTIL_PowerDriver.ExitStopMode( );
 486              		.loc 1 237 9 view .LVU116
 487 0028 9847     		blx	r3
 488              	.LVL27:
 238:Utilities/lpm/tiny_lpm/stm32_lpm.c ****     }
ARM GAS  /var/folders/lt/l_qrc8c54t93n_phsj7cf5tc0000gn/T//ccJAo5Dn.s 			page 23


 489              		.loc 1 238 9 is_stmt 1 view .LVU117
 238:Utilities/lpm/tiny_lpm/stm32_lpm.c ****     }
 490              		.loc 1 238 25 is_stmt 0 view .LVU118
 491 002a EB68     		ldr	r3, [r5, #12]
 238:Utilities/lpm/tiny_lpm/stm32_lpm.c ****     }
 492              		.loc 1 238 9 view .LVU119
 493 002c 9847     		blx	r3
 494              	.LVL28:
 495 002e F3E7     		b	.L23
 496              	.L24:
 245:Utilities/lpm/tiny_lpm/stm32_lpm.c ****       UTIL_PowerDriver.ExitOffMode( );
 497              		.loc 1 245 7 is_stmt 1 view .LVU120
 245:Utilities/lpm/tiny_lpm/stm32_lpm.c ****       UTIL_PowerDriver.ExitOffMode( );
 498              		.loc 1 245 23 is_stmt 0 view .LVU121
 499 0030 034D     		ldr	r5, .L26+4
 500 0032 2B69     		ldr	r3, [r5, #16]
 245:Utilities/lpm/tiny_lpm/stm32_lpm.c ****       UTIL_PowerDriver.ExitOffMode( );
 501              		.loc 1 245 7 view .LVU122
 502 0034 9847     		blx	r3
 503              	.LVL29:
 246:Utilities/lpm/tiny_lpm/stm32_lpm.c ****     }
 504              		.loc 1 246 7 is_stmt 1 view .LVU123
 246:Utilities/lpm/tiny_lpm/stm32_lpm.c ****     }
 505              		.loc 1 246 23 is_stmt 0 view .LVU124
 506 0036 6B69     		ldr	r3, [r5, #20]
 246:Utilities/lpm/tiny_lpm/stm32_lpm.c ****     }
 507              		.loc 1 246 7 view .LVU125
 508 0038 9847     		blx	r3
 509              	.LVL30:
 510 003a EDE7     		b	.L23
 511              	.L27:
 512              		.align	2
 513              	.L26:
 514 003c 00000000 		.word	.LANCHOR0
 515 0040 00000000 		.word	UTIL_PowerDriver
 516 0044 00000000 		.word	.LANCHOR1
 517              		.cfi_endproc
 518              	.LFE109:
 520              		.section	.bss.OffModeDisable,"aw",%nobits
 521              		.align	2
 522              		.set	.LANCHOR1,. + 0
 525              	OffModeDisable:
 526 0000 00000000 		.space	4
 527              		.section	.bss.StopModeDisable,"aw",%nobits
 528              		.align	2
 529              		.set	.LANCHOR0,. + 0
 532              	StopModeDisable:
 533 0000 00000000 		.space	4
 534              		.text
 535              	.Letext0:
 536              		.file 3 "/usr/local/Cellar/arm-none-eabi-gcc/9-2019-q4-major/gcc/arm-none-eabi/include/machine/_de
 537              		.file 4 "/usr/local/Cellar/arm-none-eabi-gcc/9-2019-q4-major/gcc/arm-none-eabi/include/sys/_stdint
 538              		.file 5 "Utilities/lpm/tiny_lpm/stm32_lpm.h"
 539              		.file 6 "/usr/local/Cellar/arm-none-eabi-gcc/9-2019-q4-major/gcc/arm-none-eabi/include/sys/lock.h"
 540              		.file 7 "/usr/local/Cellar/arm-none-eabi-gcc/9-2019-q4-major/gcc/arm-none-eabi/include/sys/_types.
 541              		.file 8 "/usr/local/Cellar/arm-none-eabi-gcc/9-2019-q4-major/gcc/lib/gcc/arm-none-eabi/9.2.1/inclu
 542              		.file 9 "/usr/local/Cellar/arm-none-eabi-gcc/9-2019-q4-major/gcc/arm-none-eabi/include/sys/reent.h
ARM GAS  /var/folders/lt/l_qrc8c54t93n_phsj7cf5tc0000gn/T//ccJAo5Dn.s 			page 24


ARM GAS  /var/folders/lt/l_qrc8c54t93n_phsj7cf5tc0000gn/T//ccJAo5Dn.s 			page 25


DEFINED SYMBOLS
                            *ABS*:0000000000000000 stm32_lpm.c
/var/folders/lt/l_qrc8c54t93n_phsj7cf5tc0000gn/T//ccJAo5Dn.s:18     .text.UTIL_LPM_Init:0000000000000000 $t
/var/folders/lt/l_qrc8c54t93n_phsj7cf5tc0000gn/T//ccJAo5Dn.s:26     .text.UTIL_LPM_Init:0000000000000000 UTIL_LPM_Init
/var/folders/lt/l_qrc8c54t93n_phsj7cf5tc0000gn/T//ccJAo5Dn.s:49     .text.UTIL_LPM_Init:000000000000000c $d
/var/folders/lt/l_qrc8c54t93n_phsj7cf5tc0000gn/T//ccJAo5Dn.s:55     .text.UTIL_LPM_DeInit:0000000000000000 $t
/var/folders/lt/l_qrc8c54t93n_phsj7cf5tc0000gn/T//ccJAo5Dn.s:62     .text.UTIL_LPM_DeInit:0000000000000000 UTIL_LPM_DeInit
/var/folders/lt/l_qrc8c54t93n_phsj7cf5tc0000gn/T//ccJAo5Dn.s:75     .text.UTIL_LPM_SetStopMode:0000000000000000 $t
/var/folders/lt/l_qrc8c54t93n_phsj7cf5tc0000gn/T//ccJAo5Dn.s:82     .text.UTIL_LPM_SetStopMode:0000000000000000 UTIL_LPM_SetStopMode
/var/folders/lt/l_qrc8c54t93n_phsj7cf5tc0000gn/T//ccJAo5Dn.s:175    .text.UTIL_LPM_SetStopMode:0000000000000028 $d
/var/folders/lt/l_qrc8c54t93n_phsj7cf5tc0000gn/T//ccJAo5Dn.s:180    .text.UTIL_LPM_SetOffMode:0000000000000000 $t
/var/folders/lt/l_qrc8c54t93n_phsj7cf5tc0000gn/T//ccJAo5Dn.s:187    .text.UTIL_LPM_SetOffMode:0000000000000000 UTIL_LPM_SetOffMode
/var/folders/lt/l_qrc8c54t93n_phsj7cf5tc0000gn/T//ccJAo5Dn.s:279    .text.UTIL_LPM_SetOffMode:0000000000000028 $d
/var/folders/lt/l_qrc8c54t93n_phsj7cf5tc0000gn/T//ccJAo5Dn.s:284    .text.UTIL_LPM_GetMode:0000000000000000 $t
/var/folders/lt/l_qrc8c54t93n_phsj7cf5tc0000gn/T//ccJAo5Dn.s:291    .text.UTIL_LPM_GetMode:0000000000000000 UTIL_LPM_GetMode
/var/folders/lt/l_qrc8c54t93n_phsj7cf5tc0000gn/T//ccJAo5Dn.s:378    .text.UTIL_LPM_GetMode:0000000000000024 $d
/var/folders/lt/l_qrc8c54t93n_phsj7cf5tc0000gn/T//ccJAo5Dn.s:384    .text.UTIL_LPM_EnterLowPower:0000000000000000 $t
/var/folders/lt/l_qrc8c54t93n_phsj7cf5tc0000gn/T//ccJAo5Dn.s:391    .text.UTIL_LPM_EnterLowPower:0000000000000000 UTIL_LPM_EnterLowPower
/var/folders/lt/l_qrc8c54t93n_phsj7cf5tc0000gn/T//ccJAo5Dn.s:514    .text.UTIL_LPM_EnterLowPower:000000000000003c $d
/var/folders/lt/l_qrc8c54t93n_phsj7cf5tc0000gn/T//ccJAo5Dn.s:521    .bss.OffModeDisable:0000000000000000 $d
/var/folders/lt/l_qrc8c54t93n_phsj7cf5tc0000gn/T//ccJAo5Dn.s:525    .bss.OffModeDisable:0000000000000000 OffModeDisable
/var/folders/lt/l_qrc8c54t93n_phsj7cf5tc0000gn/T//ccJAo5Dn.s:528    .bss.StopModeDisable:0000000000000000 $d
/var/folders/lt/l_qrc8c54t93n_phsj7cf5tc0000gn/T//ccJAo5Dn.s:532    .bss.StopModeDisable:0000000000000000 StopModeDisable

UNDEFINED SYMBOLS
UTIL_PowerDriver
